Aug 10 23:45:00 3dr_solo local0.info +597 pixrc: main: built Sep 22 2016 15:30:53
Aug 10 23:45:00 3dr_solo local0.info +626 pixrc: main: rcSourceIps: 10.1.1.1,127.0.0.1
Aug 10 23:45:00 3dr_solo local0.info +634 pixrc: main: rcDestPort:  5005
Aug 10 23:45:00 3dr_solo local0.info +634 pixrc: main: rcDsmDev:    /dev/ttymxc2
Aug 10 23:45:00 3dr_solo local0.info +634 pixrc: main: Throttle PWM in  1000...2000
Aug 10 23:45:00 3dr_solo local0.info +634 pixrc: main:          PWM out 1000...1900
Aug 10 23:45:00 3dr_solo local0.info +634 pixrc: main: Other    PWM in  1000...2000
Aug 10 23:45:00 3dr_solo local0.info +634 pixrc: main:          PWM out 1000...2000
Aug 10 23:45:00 3dr_solo local0.info +634 pixrc: udp: listening on port 5005
Aug 10 23:45:01 3dr_solo local0.info +104 pixrc: udp: failsafe start after 442 ms of inactivity
Aug 10 23:45:01 3dr_solo local0.info +119 pixrc: serial: started
Aug 10 23:45:01 3dr_solo local0.info +119 pixrc: serial: failsafe start
Aug 10 23:45:01 3dr_solo local0.info +386 pixrc: udp: failsafe end after 724 ms
Aug 10 23:45:01 3dr_solo local0.info +401 pixrc: serial: failsafe end
Aug 10 23:45:04 3dr_solo local0.info +599 pixrc: cmd: uplink attached
Aug 10 23:45:10 3dr_solo local0.info +667 pixrc: a:21,m:724,n:465,u:0,d:0,o:0,q:0,udp=50024,ser=20976
Aug 10 23:45:20 3dr_solo local0.info +666 pixrc: a:20,m:34,n:500,u:0,d:0,o:0,q:0,udp=33938,ser=21944
Aug 10 23:45:30 3dr_solo local0.info +666 pixrc: a:20,m:26,n:500,u:0,d:0,o:0,q:0,udp=26172,ser=20968
Aug 10 23:45:40 3dr_solo local0.info +666 pixrc: a:20,m:27,n:500,u:0,d:0,o:0,q:0,udp=26871,ser=21178
Aug 10 23:45:50 3dr_solo local0.info +667 pixrc: a:20,m:26,n:500,u:0,d:0,o:0,q:0,udp=26296,ser=21886
Aug 10 23:46:00 3dr_solo local0.info +667 pixrc: a:20,m:24,n:500,u:0,d:0,o:0,q:0,udp=23650,ser=21847
Aug 10 23:46:10 3dr_solo local0.info +667 pixrc: a:20,m:27,n:500,u:0,d:0,o:0,q:0,udp=27479,ser=21406
Aug 10 23:46:20 3dr_solo local0.info +667 pixrc: a:20,m:33,n:500,u:0,d:0,o:0,q:0,udp=33283,ser=21563
Aug 10 23:46:30 3dr_solo local0.info +667 pixrc: a:20,m:23,n:500,u:0,d:0,o:0,q:0,udp=23025,ser=21401
Aug 10 23:46:40 3dr_solo local0.info +667 pixrc: a:20,m:40,n:500,u:0,d:0,o:0,q:1,udp=40344,ser=21479
Aug 10 23:46:50 3dr_solo local0.info +667 pixrc: a:20,m:51,n:499,u:0,d:0,o:0,q:0,udp=45421,ser=21325
Aug 10 23:47:00 3dr_solo local0.info +668 pixrc: a:20,m:30,n:500,u:0,d:0,o:0,q:0,udp=30145,ser=21401
Aug 10 23:47:10 3dr_solo local0.info +667 pixrc: a:20,m:24,n:500,u:0,d:0,o:0,q:0,udp=23663,ser=21556
Aug 10 23:47:20 3dr_solo local0.info +668 pixrc: a:20,m:28,n:500,u:0,d:0,o:0,q:0,udp=27739,ser=21404
Aug 10 23:47:30 3dr_solo local0.info +671 pixrc: a:20,m:29,n:500,u:0,d:0,o:0,q:0,udp=29490,ser=21247
Aug 10 23:47:40 3dr_solo local0.info +668 pixrc: a:20,m:24,n:500,u:0,d:0,o:0,q:0,udp=24398,ser=21079
Aug 10 23:47:50 3dr_solo local0.info +669 pixrc: a:20,m:30,n:500,u:0,d:0,o:0,q:0,udp=30048,ser=21191
Aug 10 23:48:00 3dr_solo local0.info +668 pixrc: a:20,m:38,n:500,u:0,d:0,o:0,q:0,udp=38311,ser=22117
Aug 10 23:48:10 3dr_solo local0.info +668 pixrc: a:20,m:23,n:500,u:0,d:0,o:0,q:0,udp=22799,ser=21368
Aug 10 23:48:20 3dr_solo local0.info +668 pixrc: a:20,m:25,n:500,u:0,d:0,o:0,q:0,udp=25343,ser=21333
Aug 10 23:48:30 3dr_solo local0.info +668 pixrc: a:20,m:30,n:500,u:0,d:0,o:0,q:0,udp=29994,ser=22054
Aug 10 23:48:40 3dr_solo local0.info +669 pixrc: a:20,m:24,n:500,u:0,d:0,o:0,q:0,udp=24078,ser=21232
Aug 10 23:48:50 3dr_solo local0.info +669 pixrc: a:20,m:25,n:500,u:0,d:0,o:0,q:0,udp=25046,ser=21318
Aug 10 23:49:00 3dr_solo local0.info +669 pixrc: a:20,m:27,n:500,u:0,d:0,o:0,q:1,udp=27186,ser=21436
Aug 10 23:49:07 3dr_solo local0.info +016 pixrc: serial: failsafe start
Aug 10 23:49:07 3dr_solo local0.info +034 pixrc: udp: failsafe start after 445 ms of inactivity
Aug 10 23:49:10 3dr_solo local0.info +684 pixrc: a:20,m:24,n:296,u:0,d:0,o:0,q:0,udp=52474,ser=24238
Aug 10 23:49:19 3dr_solo local0.info +149 pixrc: udp: failsafe end after 12560 ms
Aug 10 23:49:19 3dr_solo local0.info +155 pixrc: serial: failsafe end
Aug 10 23:49:20 3dr_solo local0.info +669 pixrc: a:183,m:12561,n:77,u:0,d:1,o:0,q:4288,udp=56163,ser=25576
Aug 10 23:49:30 3dr_solo local0.info +669 pixrc: a:20,m:220,n:490,u:0,d:1,o:0,q:0,udp=50074,ser=20710
Aug 10 23:49:40 3dr_solo local0.info +669 pixrc: a:20,m:29,n:500,u:0,d:0,o:0,q:0,udp=28708,ser=21246
Aug 10 23:49:50 3dr_solo local0.info +669 pixrc: a:20,m:76,n:500,u:0,d:0,o:0,q:4992,udp=47640,ser=21043
Aug 10 23:50:00 3dr_solo local0.info +671 pixrc: a:20,m:32,n:500,u:0,d:0,o:0,q:0,udp=32162,ser=21728
Aug 10 23:50:10 3dr_solo local0.info +670 pixrc: a:20,m:55,n:500,u:0,d:0,o:0,q:2496,udp=43766,ser=20886
Aug 10 23:50:20 3dr_solo local0.info +670 pixrc: a:20,m:43,n:500,u:0,d:0,o:0,q:2496,udp=42507,ser=21152
Aug 10 23:50:30 3dr_solo local0.info +670 pixrc: a:20,m:62,n:500,u:0,d:0,o:0,q:4992,udp=44571,ser=21101
Aug 10 23:50:40 3dr_solo local0.info +670 pixrc: a:20,m:49,n:500,u:0,d:0,o:0,q:2496,udp=44459,ser=21183
Aug 10 23:50:50 3dr_solo local0.info +671 pixrc: a:20,m:43,n:500,u:0,d:0,o:0,q:2496,udp=42837,ser=21363
Aug 10 23:51:00 3dr_solo local0.info +670 pixrc: a:20,m:34,n:500,u:0,d:0,o:0,q:0,udp=33874,ser=21512
Aug 10 23:51:10 3dr_solo local0.info +670 pixrc: a:20,m:31,n:500,u:0,d:0,o:0,q:0,udp=30597,ser=21933
Aug 10 23:51:20 3dr_solo local0.info +670 pixrc: a:20,m:41,n:500,u:0,d:0,o:0,q:2496,udp=41175,ser=21581
Aug 10 23:51:30 3dr_solo local0.info +670 pixrc: a:20,m:50,n:500,u:0,d:0,o:0,q:2496,udp=44002,ser=21341
Aug 10 23:51:40 3dr_solo local0.info +671 pixrc: a:20,m:35,n:500,u:0,d:0,o:0,q:0,udp=35396,ser=21512
Aug 10 23:51:50 3dr_solo local0.info +671 pixrc: a:20,m:33,n:500,u:0,d:0,o:0,q:0,udp=33258,ser=21090
Aug 10 23:52:00 3dr_solo local0.info +671 pixrc: a:20,m:40,n:499,u:0,d:1,o:0,q:0,udp=40195,ser=21286
Aug 10 23:52:10 3dr_solo local0.info +671 pixrc: a:20,m:60,n:500,u:0,d:0,o:0,q:4992,udp=49383,ser=21572
Aug 10 23:52:20 3dr_solo local0.info +671 pixrc: a:20,m:33,n:500,u:0,d:0,o:0,q:0,udp=33158,ser=21084
Aug 10 23:52:30 3dr_solo local0.info +671 pixrc: a:20,m:60,n:498,u:0,d:1,o:0,q:0,udp=42940,ser=21366
Aug 10 23:52:40 3dr_solo local0.info +671 pixrc: a:20,m:27,n:500,u:0,d:0,o:1,q:0,udp=26701,ser=21103
Aug 10 23:52:50 3dr_solo local0.info +671 pixrc: a:20,m:32,n:500,u:0,d:0,o:0,q:0,udp=31915,ser=21233
Aug 10 23:53:00 3dr_solo local0.info +673 pixrc: a:20,m:32,n:500,u:0,d:0,o:0,q:0,udp=32057,ser=21852
Aug 10 23:53:10 3dr_solo local0.info +675 pixrc: a:20,m:62,n:498,u:0,d:1,o:0,q:2496,udp=45467,ser=21958
Aug 10 23:53:20 3dr_solo local0.info +672 pixrc: a:20,m:35,n:500,u:0,d:0,o:0,q:0,udp=35152,ser=21456
Aug 10 23:53:30 3dr_solo local0.info +672 pixrc: a:20,m:50,n:500,u:0,d:0,o:0,q:2496,udp=42651,ser=21222
Aug 10 23:53:40 3dr_solo local0.info +672 pixrc: a:20,m:36,n:500,u:0,d:0,o:0,q:0,udp=36018,ser=21235
Aug 10 23:53:50 3dr_solo local0.info +674 pixrc: a:20,m:36,n:500,u:0,d:0,o:0,q:0,udp=36050,ser=21098
Aug 10 23:54:00 3dr_solo local0.info +672 pixrc: a:20,m:40,n:499,u:0,d:1,o:0,q:0,udp=40438,ser=21005
Aug 10 23:54:10 3dr_solo local0.info +672 pixrc: a:20,m:35,n:500,u:0,d:0,o:0,q:0,udp=35378,ser=21989
Aug 10 23:54:20 3dr_solo local0.info +673 pixrc: a:20,m:36,n:500,u:0,d:0,o:0,q:0,udp=35814,ser=22144
Aug 10 23:54:30 3dr_solo local0.info +673 pixrc: a:20,m:31,n:500,u:0,d:0,o:0,q:0,udp=31043,ser=21562
Aug 10 23:54:40 3dr_solo local0.info +672 pixrc: a:20,m:53,n:500,u:0,d:0,o:0,q:4992,udp=41933,ser=21739
Aug 10 23:54:50 3dr_solo local0.info +675 pixrc: a:20,m:29,n:500,u:0,d:0,o:0,q:0,udp=29261,ser=22111
Aug 10 23:55:00 3dr_solo local0.info +673 pixrc: a:20,m:30,n:500,u:0,d:0,o:0,q:0,udp=29525,ser=21207
Aug 10 23:55:10 3dr_solo local0.info +673 pixrc: a:20,m:42,n:500,u:0,d:0,o:0,q:2496,udp=42235,ser=21445
Aug 10 23:55:20 3dr_solo local0.info +673 pixrc: a:20,m:48,n:500,u:0,d:0,o:0,q:2496,udp=41525,ser=21083
Aug 10 23:55:30 3dr_solo local0.info +673 pixrc: a:20,m:42,n:500,u:0,d:0,o:0,q:0,udp=42430,ser=21024
Aug 10 23:55:40 3dr_solo local0.info +673 pixrc: a:20,m:51,n:500,u:0,d:0,o:0,q:2496,udp=45947,ser=20943
Aug 10 23:55:50 3dr_solo local0.info +673 pixrc: a:20,m:29,n:500,u:0,d:0,o:0,q:0,udp=29131,ser=21359
Aug 10 23:56:00 3dr_solo local0.info +673 pixrc: a:20,m:43,n:500,u:0,d:0,o:0,q:2496,udp=42622,ser=21884
Aug 10 23:56:10 3dr_solo local0.info +673 pixrc: a:20,m:31,n:500,u:0,d:0,o:0,q:0,udp=30897,ser=21185
Aug 10 23:56:20 3dr_solo local0.info +674 pixrc: a:20,m:38,n:500,u:0,d:0,o:0,q:0,udp=37870,ser=21831
Aug 10 23:56:30 3dr_solo local0.info +674 pixrc: a:20,m:34,n:500,u:0,d:0,o:0,q:0,udp=33723,ser=21560
Aug 10 23:56:40 3dr_solo local0.info +674 pixrc: a:20,m:43,n:500,u:0,d:0,o:0,q:2496,udp=43195,ser=22106
Aug 10 23:56:50 3dr_solo local0.info +674 pixrc: a:20,m:30,n:500,u:0,d:0,o:0,q:0,udp=30176,ser=21521
Aug 10 23:57:00 3dr_solo local0.info +675 pixrc: a:20,m:31,n:500,u:0,d:0,o:0,q:0,udp=30807,ser=21177
Aug 10 23:57:10 3dr_solo local0.info +677 pixrc: a:20,m:29,n:500,u:0,d:0,o:0,q:0,udp=29096,ser=21432
Aug 10 23:57:20 3dr_solo local0.info +674 pixrc: a:20,m:36,n:500,u:0,d:0,o:0,q:0,udp=36094,ser=21401
Aug 10 23:57:30 3dr_solo local0.info +675 pixrc: a:20,m:33,n:500,u:0,d:0,o:0,q:0,udp=33324,ser=21109
Aug 10 23:57:40 3dr_solo local0.info +674 pixrc: a:20,m:29,n:500,u:0,d:0,o:0,q:0,udp=28962,ser=21134
Aug 10 23:57:50 3dr_solo local0.info +686 pixrc: a:20,m:32,n:500,u:0,d:0,o:0,q:0,udp=31501,ser=21736
Aug 10 23:58:00 3dr_solo local0.info +675 pixrc: a:20,m:48,n:500,u:0,d:0,o:0,q:2496,udp=47932,ser=21446
Aug 10 23:58:10 3dr_solo local0.info +680 pixrc: a:20,m:46,n:500,u:0,d:0,o:0,q:2496,udp=45659,ser=21456
Aug 10 23:58:20 3dr_solo local0.info +675 pixrc: a:20,m:41,n:500,u:0,d:0,o:0,q:2496,udp=41499,ser=21358
Aug 10 23:58:30 3dr_solo local0.info +675 pixrc: a:20,m:32,n:500,u:0,d:0,o:0,q:0,udp=31830,ser=21134
Aug 10 23:58:40 3dr_solo local0.info +678 pixrc: a:20,m:36,n:500,u:0,d:0,o:0,q:0,udp=36092,ser=21351
Aug 10 23:58:50 3dr_solo local0.info +675 pixrc: a:20,m:39,n:500,u:0,d:0,o:0,q:2496,udp=38661,ser=21009
Aug 10 23:59:00 3dr_solo local0.info +675 pixrc: a:20,m:29,n:500,u:0,d:0,o:0,q:0,udp=29222,ser=21146
Aug 10 23:59:10 3dr_solo local0.info +676 pixrc: a:20,m:30,n:500,u:0,d:0,o:0,q:0,udp=29598,ser=20968
Aug 10 23:59:20 3dr_solo local0.info +675 pixrc: a:20,m:31,n:500,u:0,d:0,o:0,q:0,udp=31368,ser=21008
Aug 10 23:59:30 3dr_solo local0.info +676 pixrc: a:20,m:33,n:500,u:0,d:0,o:0,q:0,udp=33375,ser=21108
Aug 10 23:59:40 3dr_solo local0.info +676 pixrc: a:20,m:36,n:500,u:0,d:0,o:0,q:0,udp=36366,ser=21813
Aug 10 23:59:50 3dr_solo local0.info +676 pixrc: a:20,m:33,n:500,u:0,d:0,o:0,q:0,udp=33362,ser=21296
Aug 11 00:00:00 3dr_solo local0.info +676 pixrc: a:20,m:42,n:500,u:0,d:0,o:0,q:2496,udp=41674,ser=21255
Aug 11 00:00:10 3dr_solo local0.info +688 pixrc: a:20,m:88,n:500,u:0,d:0,o:0,q:7488,udp=46321,ser=21114
Aug 11 00:00:20 3dr_solo local0.info +678 pixrc: a:20,m:80,n:500,u:0,d:0,o:0,q:7488,udp=50436,ser=21476
Aug 11 00:00:30 3dr_solo local0.info +676 pixrc: a:20,m:39,n:500,u:0,d:0,o:0,q:0,udp=39100,ser=21798
Aug 11 00:00:40 3dr_solo local0.info +676 pixrc: a:20,m:36,n:500,u:0,d:0,o:0,q:0,udp=36037,ser=21987
Aug 11 00:00:50 3dr_solo local0.info +677 pixrc: a:20,m:27,n:500,u:0,d:0,o:0,q:0,udp=26751,ser=21562
Aug 11 00:01:00 3dr_solo local0.info +677 pixrc: a:20,m:39,n:500,u:0,d:0,o:0,q:2496,udp=39192,ser=21318
Aug 11 00:01:10 3dr_solo local0.info +677 pixrc: a:20,m:35,n:500,u:0,d:0,o:0,q:0,udp=35429,ser=21405
Aug 11 00:01:20 3dr_solo local0.info +677 pixrc: a:20,m:39,n:500,u:0,d:0,o:0,q:0,udp=39083,ser=21057
Aug 11 00:01:30 3dr_solo local0.info +677 pixrc: a:20,m:29,n:500,u:0,d:0,o:0,q:0,udp=28670,ser=21306
Aug 11 00:01:40 3dr_solo local0.info +677 pixrc: a:20,m:33,n:500,u:0,d:0,o:0,q:0,udp=32626,ser=21590
Aug 11 00:01:50 3dr_solo local0.info +677 pixrc: a:20,m:34,n:500,u:0,d:0,o:0,q:0,udp=34111,ser=21241
Aug 11 00:02:00 3dr_solo local0.info +677 pixrc: a:20,m:32,n:500,u:0,d:0,o:0,q:0,udp=31971,ser=21203
Aug 11 00:02:10 3dr_solo local0.info +677 pixrc: a:20,m:31,n:500,u:0,d:0,o:0,q:0,udp=30672,ser=21278
Aug 11 00:02:20 3dr_solo local0.info +678 pixrc: a:20,m:40,n:499,u:0,d:1,o:0,q:0,udp=40133,ser=20953
Aug 11 00:02:30 3dr_solo local0.info +679 pixrc: a:20,m:33,n:500,u:0,d:0,o:0,q:0,udp=32821,ser=21585
Aug 11 00:02:40 3dr_solo local0.info +680 pixrc: a:20,m:33,n:500,u:0,d:0,o:0,q:0,udp=32846,ser=21679
Aug 11 00:02:50 3dr_solo local0.info +678 pixrc: a:20,m:28,n:500,u:0,d:0,o:0,q:0,udp=28070,ser=21487
Aug 11 00:03:00 3dr_solo local0.info +678 pixrc: a:20,m:32,n:500,u:0,d:0,o:0,q:0,udp=32146,ser=21347
Aug 11 00:03:10 3dr_solo local0.info +678 pixrc: a:20,m:31,n:500,u:0,d:0,o:0,q:0,udp=31432,ser=21421
Aug 11 00:03:20 3dr_solo local0.info +679 pixrc: a:20,m:36,n:500,u:0,d:0,o:0,q:0,udp=36449,ser=22003
Aug 11 00:03:30 3dr_solo local0.info +678 pixrc: a:20,m:32,n:500,u:0,d:0,o:0,q:0,udp=31907,ser=20875
Aug 11 00:03:40 3dr_solo local0.info +679 pixrc: a:20,m:38,n:500,u:0,d:0,o:0,q:0,udp=37969,ser=21743
Aug 11 00:03:50 3dr_solo local0.info +678 pixrc: a:20,m:30,n:500,u:0,d:0,o:0,q:0,udp=29687,ser=21250
Aug 11 00:04:00 3dr_solo local0.info +682 pixrc: a:20,m:32,n:500,u:0,d:0,o:0,q:0,udp=32421,ser=22058
Aug 11 00:04:10 3dr_solo local0.info +679 pixrc: a:20,m:31,n:500,u:0,d:0,o:0,q:0,udp=30767,ser=21352
Aug 11 00:04:20 3dr_solo local0.info +679 pixrc: a:20,m:32,n:500,u:0,d:0,o:0,q:0,udp=32227,ser=21313
Aug 11 00:04:30 3dr_solo local0.info +679 pixrc: a:20,m:32,n:500,u:0,d:0,o:0,q:0,udp=32252,ser=21513
Aug 11 00:04:40 3dr_solo local0.info +679 pixrc: a:20,m:37,n:500,u:0,d:0,o:0,q:2496,udp=37450,ser=20874
Aug 11 00:04:50 3dr_solo local0.info +679 pixrc: a:20,m:32,n:500,u:0,d:0,o:0,q:0,udp=32402,ser=21472
Aug 11 00:05:00 3dr_solo local0.info +679 pixrc: a:20,m:47,n:500,u:0,d:0,o:0,q:0,udp=45407,ser=21325
Aug 11 00:05:10 3dr_solo local0.info +679 pixrc: a:20,m:33,n:500,u:0,d:0,o:0,q:0,udp=33170,ser=21211
Aug 11 00:05:20 3dr_solo local0.info +680 pixrc: a:20,m:32,n:500,u:0,d:0,o:0,q:0,udp=31879,ser=21568
Aug 11 00:05:30 3dr_solo local0.info +679 pixrc: a:20,m:42,n:499,u:0,d:1,o:0,q:2496,udp=41618,ser=21578
Aug 11 00:05:40 3dr_solo local0.info +680 pixrc: a:20,m:46,n:500,u:0,d:0,o:0,q:4992,udp=45005,ser=21460
Aug 11 00:05:50 3dr_solo local0.info +679 pixrc: a:20,m:31,n:500,u:0,d:0,o:0,q:0,udp=31364,ser=21307
Aug 11 00:06:00 3dr_solo local0.info +680 pixrc: a:20,m:32,n:500,u:0,d:0,o:0,q:0,udp=31681,ser=21316
Aug 11 00:06:10 3dr_solo local0.info +682 pixrc: a:20,m:35,n:500,u:0,d:0,o:0,q:0,udp=34956,ser=21517
Aug 11 00:06:20 3dr_solo local0.info +681 pixrc: a:20,m:41,n:498,u:0,d:2,o:0,q:0,udp=40804,ser=21133
Aug 11 00:06:30 3dr_solo local0.info +680 pixrc: a:20,m:31,n:500,u:0,d:0,o:0,q:0,udp=31034,ser=21385
Aug 11 00:06:40 3dr_solo local0.info +681 pixrc: a:20,m:35,n:500,u:0,d:0,o:0,q:0,udp=35007,ser=20961
Aug 11 00:06:50 3dr_solo local0.info +681 pixrc: a:20,m:32,n:500,u:0,d:0,o:0,q:0,udp=32420,ser=21026
Aug 11 00:07:00 3dr_solo local0.info +680 pixrc: a:20,m:39,n:500,u:0,d:0,o:0,q:0,udp=38720,ser=21016
Aug 11 00:07:10 3dr_solo local0.info +673 pixrc: a:20,m:48,n:499,u:0,d:0,o:0,q:2496,udp=43544,ser=21959
Aug 11 00:07:20 3dr_solo local0.info +692 pixrc: a:20,m:43,n:501,u:0,d:0,o:0,q:2496,udp=41957,ser=21059
Aug 11 00:07:30 3dr_solo local0.info +685 pixrc: a:20,m:33,n:500,u:0,d:0,o:0,q:0,udp=32846,ser=21393
Aug 11 00:07:40 3dr_solo local0.info +662 pixrc: a:20,m:40,n:499,u:0,d:0,o:0,q:2496,udp=40466,ser=20992
Aug 11 00:07:50 3dr_solo local0.info +683 pixrc: a:20,m:32,n:501,u:0,d:0,o:0,q:0,udp=31560,ser=22005
Aug 11 00:08:00 3dr_solo local0.info +699 pixrc: a:20,m:43,n:500,u:0,d:0,o:0,q:2496,udp=42909,ser=21416
Aug 11 00:08:10 3dr_solo local0.info +671 pixrc: a:20,m:37,n:499,u:0,d:0,o:0,q:2496,udp=37118,ser=21962
Aug 11 00:08:20 3dr_solo local0.info +681 pixrc: a:20,m:28,n:501,u:0,d:0,o:0,q:0,udp=27885,ser=21160
Aug 11 00:08:30 3dr_solo local0.info +662 pixrc: a:20,m:30,n:499,u:0,d:0,o:0,q:0,udp=29629,ser=21377
Aug 11 00:08:40 3dr_solo local0.info +683 pixrc: a:20,m:33,n:501,u:0,d:0,o:0,q:0,udp=32688,ser=21109
Aug 11 00:08:50 3dr_solo local0.info +663 pixrc: a:20,m:29,n:499,u:0,d:0,o:0,q:0,udp=29236,ser=21452
Aug 11 00:09:00 3dr_solo local0.info +669 pixrc: a:20,m:38,n:500,u:0,d:0,o:0,q:0,udp=38277,ser=21491
Aug 11 00:09:10 3dr_solo local0.info +663 pixrc: a:20,m:31,n:500,u:0,d:0,o:0,q:0,udp=30836,ser=20950
Aug 11 00:09:20 3dr_solo local0.info +663 pixrc: a:20,m:32,n:500,u:0,d:0,o:0,q:0,udp=31589,ser=21909
Aug 11 00:09:30 3dr_solo local0.info +662 pixrc: a:20,m:33,n:500,u:0,d:0,o:0,q:0,udp=33331,ser=21292
Aug 11 00:09:40 3dr_solo local0.info +662 pixrc: a:20,m:31,n:500,u:0,d:0,o:0,q:0,udp=31339,ser=22018
Aug 11 00:09:50 3dr_solo local0.info +662 pixrc: a:20,m:37,n:500,u:0,d:0,o:0,q:0,udp=37026,ser=21269
Aug 11 00:10:00 3dr_solo local0.info +662 pixrc: a:20,m:74,n:500,u:0,d:0,o:0,q:4992,udp=47312,ser=20981
Aug 11 00:10:10 3dr_solo local0.info +662 pixrc: a:20,m:32,n:500,u:0,d:0,o:0,q:0,udp=31589,ser=20999
Aug 11 00:10:20 3dr_solo local0.info +662 pixrc: a:20,m:32,n:500,u:0,d:0,o:0,q:0,udp=32010,ser=21489
Aug 11 00:10:30 3dr_solo local0.info +663 pixrc: a:20,m:31,n:500,u:0,d:0,o:0,q:0,udp=30716,ser=21082
Aug 11 00:10:40 3dr_solo local0.info +664 pixrc: a:20,m:49,n:500,u:0,d:0,o:0,q:2496,udp=41591,ser=21857
Aug 11 00:10:50 3dr_solo local0.info +663 pixrc: a:20,m:33,n:500,u:0,d:0,o:0,q:0,udp=32853,ser=21421
Aug 11 00:11:00 3dr_solo local0.info +665 pixrc: a:20,m:34,n:500,u:0,d:0,o:0,q:2496,udp=33680,ser=21080
Aug 11 00:11:10 3dr_solo local0.info +663 pixrc: a:20,m:32,n:500,u:0,d:0,o:0,q:0,udp=31596,ser=21320
Aug 11 00:11:20 3dr_solo local0.info +671 pixrc: a:20,m:35,n:500,u:0,d:0,o:0,q:0,udp=35242,ser=20977
Aug 11 00:11:30 3dr_solo local0.info +663 pixrc: a:20,m:37,n:500,u:0,d:0,o:0,q:0,udp=37148,ser=21989
Aug 11 00:11:40 3dr_solo local0.info +664 pixrc: a:20,m:31,n:500,u:0,d:0,o:0,q:0,udp=31381,ser=21236
Aug 11 00:11:50 3dr_solo local0.info +664 pixrc: a:20,m:29,n:500,u:0,d:0,o:0,q:0,udp=29297,ser=21506
Aug 11 00:12:00 3dr_solo local0.info +664 pixrc: a:20,m:32,n:500,u:0,d:0,o:0,q:0,udp=31947,ser=22000
Aug 11 00:12:10 3dr_solo local0.info +664 pixrc: a:20,m:40,n:500,u:0,d:0,o:0,q:2496,udp=39563,ser=21613
Aug 11 00:12:20 3dr_solo local0.info +664 pixrc: a:20,m:47,n:499,u:0,d:1,o:0,q:2496,udp=47168,ser=21565
Aug 11 00:12:30 3dr_solo local0.info +664 pixrc: a:20,m:38,n:500,u:0,d:0,o:0,q:2496,udp=37805,ser=21157
Aug 11 00:12:40 3dr_solo local0.info +664 pixrc: a:20,m:31,n:500,u:0,d:0,o:0,q:0,udp=31492,ser=21477
Aug 11 00:12:50 3dr_solo local0.info +664 pixrc: a:20,m:47,n:500,u:0,d:0,o:0,q:2496,udp=46519,ser=21086
Aug 11 00:13:00 3dr_solo local0.info +664 pixrc: a:20,m:35,n:500,u:0,d:0,o:0,q:0,udp=35443,ser=21531
Aug 11 00:13:10 3dr_solo local0.info +664 pixrc: a:20,m:39,n:500,u:0,d:0,o:0,q:2496,udp=39432,ser=21169
Aug 11 00:13:20 3dr_solo local0.info +666 pixrc: a:20,m:43,n:500,u:0,d:0,o:0,q:2496,udp=43385,ser=21939
Aug 11 00:13:30 3dr_solo local0.info +665 pixrc: a:20,m:34,n:500,u:0,d:0,o:0,q:0,udp=33781,ser=21156
Aug 11 00:13:40 3dr_solo local0.info +665 pixrc: a:20,m:31,n:500,u:0,d:0,o:0,q:0,udp=30817,ser=21172
Aug 11 00:13:50 3dr_solo local0.info +665 pixrc: a:20,m:34,n:500,u:0,d:0,o:0,q:0,udp=34025,ser=21316
Aug 11 00:14:00 3dr_solo local0.info +665 pixrc: a:20,m:36,n:500,u:0,d:0,o:0,q:2496,udp=35532,ser=21630
Aug 11 00:14:10 3dr_solo local0.info +667 pixrc: a:20,m:43,n:500,u:0,d:0,o:0,q:2496,udp=42799,ser=21456
Aug 11 00:14:20 3dr_solo local0.info +665 pixrc: a:20,m:45,n:500,u:0,d:0,o:0,q:2496,udp=44560,ser=21674
Aug 11 00:14:30 3dr_solo local0.info +665 pixrc: a:20,m:30,n:500,u:0,d:0,o:0,q:0,udp=30275,ser=21098
Aug 11 00:14:40 3dr_solo local0.info +665 pixrc: a:20,m:34,n:500,u:0,d:0,o:0,q:2496,udp=34321,ser=21353
Aug 11 00:14:50 3dr_solo local0.info +666 pixrc: a:20,m:38,n:500,u:0,d:0,o:0,q:0,udp=38243,ser=21072
Aug 11 00:15:00 3dr_solo local0.info +666 pixrc: a:20,m:41,n:500,u:0,d:0,o:0,q:2496,udp=41235,ser=21888
Aug 11 00:15:10 3dr_solo local0.info +666 pixrc: a:20,m:26,n:500,u:0,d:0,o:0,q:0,udp=26162,ser=21506
Aug 11 00:15:20 3dr_solo local0.info +684 pixrc: a:20,m:35,n:500,u:0,d:0,o:0,q:0,udp=34794,ser=21634
Aug 11 00:15:30 3dr_solo local0.info +666 pixrc: a:20,m:33,n:500,u:0,d:0,o:0,q:0,udp=33496,ser=21401
Aug 11 00:15:40 3dr_solo local0.info +667 pixrc: a:20,m:55,n:500,u:0,d:0,o:0,q:2496,udp=47446,ser=21483
Aug 11 00:15:50 3dr_solo local0.info +672 pixrc: a:20,m:40,n:500,u:0,d:0,o:0,q:2496,udp=39640,ser=22028
Aug 11 00:16:00 3dr_solo local0.info +666 pixrc: a:20,m:75,n:500,u:0,d:0,o:0,q:7488,udp=48249,ser=21283
Aug 11 00:16:10 3dr_solo local0.info +667 pixrc: a:20,m:40,n:500,u:0,d:0,o:0,q:2496,udp=39700,ser=21414
Aug 11 00:16:20 3dr_solo local0.info +669 pixrc: a:20,m:37,n:500,u:0,d:0,o:0,q:2496,udp=37253,ser=21311
Aug 11 00:16:30 3dr_solo local0.info +669 pixrc: a:20,m:50,n:498,u:0,d:1,o:0,q:2496,udp=47863,ser=21720
Aug 11 00:16:40 3dr_solo local0.info +667 pixrc: a:20,m:58,n:498,u:0,d:1,o:0,q:0,udp=44959,ser=21481
Aug 11 00:16:50 3dr_solo local0.info +668 pixrc: a:20,m:31,n:500,u:0,d:0,o:0,q:0,udp=30742,ser=21914
Aug 11 00:17:00 3dr_solo local0.info +667 pixrc: a:20,m:45,n:500,u:0,d:0,o:0,q:2496,udp=45280,ser=21246
Aug 11 00:17:10 3dr_solo local0.info +667 pixrc: a:20,m:36,n:500,u:0,d:0,o:0,q:2496,udp=35621,ser=21071
Aug 11 00:17:20 3dr_solo local0.info +666 pixrc: a:20,m:54,n:500,u:0,d:0,o:0,q:2496,udp=45776,ser=22143
Aug 11 00:17:30 3dr_solo local0.info +667 pixrc: a:20,m:46,n:500,u:0,d:0,o:0,q:4992,udp=44879,ser=21613
Aug 11 00:17:40 3dr_solo local0.info +668 pixrc: a:20,m:37,n:500,u:0,d:0,o:0,q:0,udp=37216,ser=21358
Aug 11 00:17:50 3dr_solo local0.info +667 pixrc: a:20,m:30,n:500,u:0,d:0,o:0,q:0,udp=29819,ser=21982
Aug 11 00:18:00 3dr_solo local0.info +669 pixrc: a:20,m:34,n:500,u:0,d:0,o:0,q:0,udp=33884,ser=21269
Aug 11 00:18:10 3dr_solo local0.info +671 pixrc: a:20,m:33,n:500,u:0,d:0,o:0,q:0,udp=32961,ser=21206
Aug 11 00:18:20 3dr_solo local0.info +668 pixrc: a:20,m:34,n:500,u:0,d:0,o:0,q:0,udp=33853,ser=21399
Aug 11 00:18:30 3dr_solo local0.info +669 pixrc: a:20,m:33,n:500,u:0,d:0,o:0,q:0,udp=33456,ser=21763
Aug 11 00:18:40 3dr_solo local0.info +675 pixrc: a:20,m:44,n:499,u:0,d:1,o:0,q:2496,udp=43874,ser=21402
Aug 11 00:18:50 3dr_solo local0.info +668 pixrc: a:20,m:43,n:500,u:0,d:0,o:0,q:2496,udp=43355,ser=21824
Aug 11 00:19:00 3dr_solo local0.info +671 pixrc: a:20,m:35,n:500,u:0,d:0,o:0,q:0,udp=35445,ser=21243
Aug 11 00:19:10 3dr_solo local0.info +669 pixrc: a:20,m:32,n:500,u:0,d:0,o:0,q:0,udp=31838,ser=21082
Aug 11 00:19:20 3dr_solo local0.info +668 pixrc: a:20,m:41,n:500,u:0,d:0,o:0,q:0,udp=41065,ser=21247
Aug 11 00:19:30 3dr_solo local0.info +668 pixrc: a:20,m:32,n:500,u:0,d:0,o:0,q:0,udp=31507,ser=21688
Aug 11 00:19:40 3dr_solo local0.info +669 pixrc: a:20,m:36,n:500,u:0,d:0,o:0,q:0,udp=35932,ser=21388
Aug 11 00:19:50 3dr_solo local0.info +669 pixrc: a:20,m:29,n:500,u:0,d:0,o:0,q:0,udp=29414,ser=22115
Aug 11 00:20:00 3dr_solo local0.info +670 pixrc: a:20,m:34,n:500,u:0,d:0,o:0,q:0,udp=33890,ser=21407
Aug 11 00:20:10 3dr_solo local0.info +669 pixrc: a:20,m:28,n:500,u:0,d:0,o:0,q:0,udp=27587,ser=21127
Aug 11 00:20:20 3dr_solo local0.info +671 pixrc: a:20,m:29,n:500,u:0,d:0,o:0,q:2496,udp=28726,ser=21167
Aug 11 00:20:30 3dr_solo local0.info +669 pixrc: a:20,m:30,n:500,u:0,d:0,o:0,q:0,udp=29626,ser=21384
Aug 11 00:20:40 3dr_solo local0.info +670 pixrc: a:20,m:37,n:500,u:0,d:0,o:0,q:0,udp=36840,ser=21093
Aug 11 00:20:50 3dr_solo local0.info +669 pixrc: a:20,m:33,n:500,u:0,d:0,o:0,q:2496,udp=32835,ser=21562
Aug 11 00:21:00 3dr_solo local0.info +670 pixrc: a:20,m:32,n:500,u:0,d:0,o:0,q:0,udp=32461,ser=21098
Aug 11 00:21:10 3dr_solo local0.info +670 pixrc: a:20,m:37,n:500,u:0,d:0,o:0,q:0,udp=36682,ser=21468
Aug 11 00:21:20 3dr_solo local0.info +670 pixrc: a:20,m:31,n:500,u:0,d:0,o:0,q:0,udp=31211,ser=21069
Aug 11 00:21:30 3dr_solo local0.info +670 pixrc: a:20,m:29,n:500,u:0,d:0,o:0,q:0,udp=29085,ser=21337
Aug 11 00:21:40 3dr_solo local0.info +670 pixrc: a:20,m:35,n:500,u:0,d:0,o:0,q:0,udp=35394,ser=21854
Aug 11 00:21:50 3dr_solo local0.info +670 pixrc: a:20,m:30,n:500,u:0,d:0,o:0,q:0,udp=30204,ser=21262
Aug 11 00:22:00 3dr_solo local0.info +670 pixrc: a:20,m:44,n:500,u:0,d:0,o:0,q:2496,udp=43680,ser=20978
Aug 11 00:22:10 3dr_solo local0.info +670 pixrc: a:20,m:39,n:500,u:0,d:0,o:0,q:0,udp=38958,ser=21886
Aug 11 00:22:20 3dr_solo local0.info +671 pixrc: a:20,m:30,n:500,u:0,d:0,o:0,q:0,udp=30390,ser=21761
Aug 11 00:22:30 3dr_solo local0.info +673 pixrc: a:20,m:27,n:500,u:0,d:0,o:0,q:0,udp=26734,ser=21294
Aug 11 00:22:40 3dr_solo local0.info +671 pixrc: a:20,m:30,n:500,u:0,d:0,o:0,q:0,udp=30095,ser=21402
Aug 11 00:22:50 3dr_solo local0.info +671 pixrc: a:20,m:44,n:500,u:0,d:0,o:0,q:4992,udp=44032,ser=21501
Aug 11 00:23:00 3dr_solo local0.info +671 pixrc: a:20,m:44,n:500,u:0,d:0,o:0,q:2496,udp=43613,ser=21207
Aug 11 00:23:10 3dr_solo local0.info +671 pixrc: a:20,m:37,n:500,u:0,d:0,o:0,q:0,udp=36846,ser=21547
Aug 11 00:23:20 3dr_solo local0.info +671 pixrc: a:20,m:47,n:500,u:0,d:0,o:0,q:2496,udp=42336,ser=20984
Aug 11 00:23:30 3dr_solo local0.info +672 pixrc: a:20,m:83,n:500,u:0,d:0,o:0,q:7488,udp=48249,ser=21817
Aug 11 00:23:40 3dr_solo local0.info +674 pixrc: a:20,m:35,n:500,u:0,d:0,o:0,q:0,udp=34806,ser=21117
Aug 11 00:23:50 3dr_solo local0.info +673 pixrc: a:20,m:33,n:500,u:0,d:0,o:0,q:0,udp=32547,ser=21214
Aug 11 00:24:00 3dr_solo local0.info +672 pixrc: a:20,m:28,n:500,u:0,d:0,o:0,q:0,udp=28025,ser=21343
Aug 11 00:24:10 3dr_solo local0.info +672 pixrc: a:20,m:36,n:500,u:0,d:0,o:0,q:2496,udp=36381,ser=21074
Aug 11 00:24:20 3dr_solo local0.info +672 pixrc: a:20,m:63,n:500,u:0,d:0,o:0,q:4992,udp=43671,ser=21510
Aug 11 00:24:30 3dr_solo local0.info +672 pixrc: a:20,m:37,n:500,u:0,d:0,o:0,q:0,udp=36927,ser=20998
Aug 11 00:24:40 3dr_solo local0.info +672 pixrc: a:20,m:29,n:500,u:0,d:0,o:0,q:0,udp=29175,ser=21988
Aug 11 00:24:50 3dr_solo local0.info +672 pixrc: a:20,m:41,n:500,u:0,d:0,o:0,q:2496,udp=40863,ser=21351
Aug 11 00:25:00 3dr_solo local0.info +674 pixrc: a:20,m:59,n:500,u:0,d:0,o:0,q:4992,udp=42380,ser=21202
Aug 11 00:25:10 3dr_solo local0.info +675 pixrc: a:20,m:82,n:500,u:0,d:0,o:0,q:12480,udp=49687,ser=21886
Aug 11 00:25:20 3dr_solo local0.info +672 pixrc: a:20,m:36,n:500,u:0,d:0,o:0,q:0,udp=35535,ser=21077
Aug 11 00:25:30 3dr_solo local0.info +672 pixrc: a:20,m:27,n:500,u:0,d:0,o:0,q:0,udp=26596,ser=21099
Aug 11 00:25:40 3dr_solo local0.info +672 pixrc: a:20,m:37,n:500,u:0,d:0,o:0,q:0,udp=37203,ser=21344
Aug 11 00:25:50 3dr_solo local0.info +673 pixrc: a:20,m:38,n:500,u:0,d:0,o:0,q:0,udp=38416,ser=21468
Aug 11 00:26:00 3dr_solo local0.info +673 pixrc: a:20,m:32,n:500,u:0,d:0,o:0,q:0,udp=31651,ser=21036
Aug 11 00:26:10 3dr_solo local0.info +673 pixrc: a:20,m:36,n:500,u:0,d:0,o:0,q:0,udp=35636,ser=21179
Aug 11 00:26:20 3dr_solo local0.info +673 pixrc: a:20,m:29,n:500,u:0,d:0,o:0,q:0,udp=29078,ser=21086
Aug 11 00:26:30 3dr_solo local0.info +674 pixrc: a:20,m:35,n:500,u:0,d:0,o:0,q:0,udp=34767,ser=21030
Aug 11 00:26:40 3dr_solo local0.info +673 pixrc: a:20,m:47,n:500,u:0,d:0,o:0,q:2496,udp=46824,ser=21992
Aug 11 00:26:50 3dr_solo local0.info +674 pixrc: a:20,m:30,n:500,u:0,d:0,o:0,q:0,udp=29989,ser=21051
Aug 11 00:27:00 3dr_solo local0.info +673 pixrc: a:20,m:40,n:500,u:0,d:0,o:0,q:2496,udp=40437,ser=20879
Aug 11 00:27:10 3dr_solo local0.info +675 pixrc: a:20,m:50,n:500,u:0,d:0,o:0,q:2496,udp=45488,ser=21556
Aug 11 00:27:20 3dr_solo local0.info +685 pixrc: a:20,m:35,n:500,u:0,d:0,o:0,q:0,udp=35318,ser=21630
Aug 11 00:27:30 3dr_solo local0.info +674 pixrc: a:20,m:37,n:500,u:0,d:0,o:0,q:0,udp=37025,ser=21904
Aug 11 00:27:40 3dr_solo local0.info +674 pixrc: a:20,m:42,n:499,u:0,d:1,o:0,q:2496,udp=41991,ser=21021
Aug 11 00:27:50 3dr_solo local0.info +674 pixrc: a:20,m:47,n:500,u:0,d:0,o:0,q:2496,udp=46878,ser=22086
Aug 11 00:28:00 3dr_solo local0.info +674 pixrc: a:20,m:34,n:500,u:0,d:0,o:0,q:0,udp=34356,ser=22273
Aug 11 00:28:10 3dr_solo local0.info +674 pixrc: a:20,m:36,n:500,u:0,d:0,o:0,q:0,udp=36397,ser=21882
Aug 11 00:28:20 3dr_solo local0.info +674 pixrc: a:20,m:39,n:500,u:0,d:0,o:0,q:0,udp=38675,ser=22882
Aug 11 00:28:30 3dr_solo local0.info +675 pixrc: a:20,m:37,n:500,u:0,d:0,o:0,q:0,udp=36569,ser=21173
Aug 11 00:28:40 3dr_solo local0.info +677 pixrc: a:20,m:35,n:500,u:0,d:0,o:0,q:0,udp=34607,ser=21370
Aug 11 00:28:50 3dr_solo local0.info +675 pixrc: a:20,m:36,n:499,u:0,d:1,o:0,q:0,udp=36451,ser=21259
Aug 11 00:29:00 3dr_solo local0.info +675 pixrc: a:20,m:32,n:500,u:0,d:0,o:0,q:0,udp=32162,ser=21118
Aug 11 00:29:10 3dr_solo local0.info +675 pixrc: a:20,m:30,n:500,u:0,d:0,o:0,q:0,udp=29555,ser=20940
Aug 11 00:29:20 3dr_solo local0.info +675 pixrc: a:20,m:33,n:500,u:0,d:0,o:0,q:0,udp=33350,ser=21192
Aug 11 00:29:30 3dr_solo local0.info +675 pixrc: a:20,m:31,n:500,u:0,d:0,o:0,q:0,udp=30542,ser=21132
Aug 11 00:29:40 3dr_solo local0.info +675 pixrc: a:20,m:32,n:500,u:0,d:0,o:0,q:0,udp=32488,ser=21258
Aug 11 00:29:50 3dr_solo local0.info +676 pixrc: a:20,m:45,n:500,u:0,d:0,o:0,q:2496,udp=44556,ser=21430
Aug 11 00:30:00 3dr_solo local0.info +677 pixrc: a:20,m:34,n:500,u:0,d:0,o:0,q:0,udp=33604,ser=21685
Aug 11 00:30:10 3dr_solo local0.info +676 pixrc: a:20,m:32,n:500,u:0,d:0,o:0,q:0,udp=31613,ser=21699
Aug 11 00:30:20 3dr_solo local0.info +676 pixrc: a:20,m:31,n:500,u:0,d:0,o:0,q:2496,udp=31408,ser=21303
Aug 11 00:30:30 3dr_solo local0.info +676 pixrc: a:20,m:34,n:500,u:0,d:0,o:0,q:0,udp=33788,ser=21930
Aug 11 00:30:40 3dr_solo local0.info +676 pixrc: a:20,m:31,n:500,u:0,d:0,o:0,q:0,udp=31397,ser=21379
Aug 11 00:30:50 3dr_solo local0.info +676 pixrc: a:20,m:43,n:500,u:0,d:0,o:0,q:2496,udp=43005,ser=21790
Aug 11 00:31:00 3dr_solo local0.info +676 pixrc: a:20,m:29,n:500,u:0,d:0,o:0,q:0,udp=28881,ser=22552
Aug 11 00:31:10 3dr_solo local0.info +676 pixrc: a:20,m:33,n:500,u:0,d:0,o:0,q:0,udp=33176,ser=20999
Aug 11 00:31:20 3dr_solo local0.info +677 pixrc: a:20,m:33,n:500,u:0,d:0,o:0,q:0,udp=32962,ser=22108
Aug 11 00:31:30 3dr_solo local0.info +676 pixrc: a:20,m:30,n:500,u:0,d:0,o:0,q:0,udp=30117,ser=21216
Aug 11 00:31:40 3dr_solo local0.info +677 pixrc: a:20,m:100,n:500,u:0,d:0,o:0,q:2496,udp=50007,ser=21223
Aug 11 00:31:50 3dr_solo local0.info +678 pixrc: a:20,m:37,n:500,u:0,d:0,o:0,q:0,udp=37124,ser=21472
Aug 11 00:32:00 3dr_solo local0.info +677 pixrc: a:20,m:34,n:500,u:0,d:0,o:0,q:0,udp=34340,ser=21231
Aug 11 00:32:10 3dr_solo local0.info +677 pixrc: a:20,m:34,n:500,u:0,d:0,o:0,q:0,udp=34017,ser=21034
Aug 11 00:32:20 3dr_solo local0.info +670 pixrc: a:20,m:80,n:499,u:0,d:0,o:0,q:7488,udp=50557,ser=21245
Aug 11 00:32:30 3dr_solo local0.info +677 pixrc: a:20,m:73,n:501,u:0,d:0,o:0,q:4992,udp=47056,ser=21406
Aug 11 00:32:40 3dr_solo local0.info +677 pixrc: a:20,m:29,n:500,u:0,d:0,o:0,q:0,udp=28852,ser=21356
Aug 11 00:32:50 3dr_solo local0.info +677 pixrc: a:20,m:31,n:500,u:0,d:0,o:0,q:0,udp=31104,ser=21427
Aug 11 00:33:00 3dr_solo local0.info +679 pixrc: a:20,m:34,n:500,u:0,d:0,o:0,q:0,udp=34280,ser=21222
Aug 11 00:33:10 3dr_solo local0.info +685 pixrc: a:20,m:29,n:500,u:0,d:0,o:0,q:0,udp=29175,ser=21809
Aug 11 00:33:20 3dr_solo local0.info +678 pixrc: a:20,m:35,n:500,u:0,d:0,o:0,q:0,udp=34682,ser=21886
Aug 11 00:33:30 3dr_solo local0.info +682 pixrc: a:20,m:36,n:500,u:0,d:0,o:0,q:0,udp=36200,ser=21485
Aug 11 00:33:40 3dr_solo local0.info +678 pixrc: a:20,m:40,n:500,u:0,d:0,o:0,q:0,udp=39832,ser=21452
Aug 11 00:33:50 3dr_solo local0.info +678 pixrc: a:20,m:39,n:500,u:0,d:0,o:0,q:0,udp=38806,ser=21406
Aug 11 00:34:00 3dr_solo local0.info +679 pixrc: a:20,m:39,n:500,u:0,d:0,o:0,q:0,udp=39408,ser=21260
Aug 11 00:34:10 3dr_solo local0.info +678 pixrc: a:20,m:50,n:500,u:0,d:0,o:0,q:2496,udp=45438,ser=21032
Aug 11 00:34:20 3dr_solo local0.info +680 pixrc: a:20,m:30,n:500,u:0,d:0,o:0,q:0,udp=29995,ser=21476
Aug 11 00:34:30 3dr_solo local0.info +679 pixrc: a:20,m:33,n:500,u:0,d:0,o:0,q:0,udp=32609,ser=21246
Aug 11 00:34:40 3dr_solo local0.info +679 pixrc: a:20,m:27,n:500,u:0,d:0,o:0,q:0,udp=27036,ser=21709
Aug 11 00:34:50 3dr_solo local0.info +681 pixrc: a:20,m:36,n:500,u:0,d:0,o:0,q:0,udp=36486,ser=21515
Aug 11 00:35:00 3dr_solo local0.info +679 pixrc: a:20,m:39,n:500,u:0,d:0,o:0,q:2496,udp=38828,ser=22136
Aug 11 00:35:10 3dr_solo local0.info +679 pixrc: a:20,m:41,n:500,u:0,d:0,o:0,q:2496,udp=40602,ser=21455
Aug 11 00:35:20 3dr_solo local0.info +682 pixrc: a:20,m:38,n:500,u:0,d:0,o:0,q:0,udp=38316,ser=20947
Aug 11 00:35:30 3dr_solo local0.info +679 pixrc: a:20,m:33,n:500,u:0,d:0,o:0,q:0,udp=32592,ser=21832
Aug 11 00:35:40 3dr_solo local0.info +684 pixrc: a:20,m:46,n:500,u:0,d:0,o:0,q:0,udp=46412,ser=21362
Aug 11 00:35:50 3dr_solo local0.info +679 pixrc: a:20,m:41,n:500,u:0,d:0,o:0,q:2496,udp=41094,ser=21309
Aug 11 00:36:00 3dr_solo local0.info +680 pixrc: a:20,m:31,n:500,u:0,d:0,o:0,q:0,udp=30735,ser=21478
Aug 11 00:36:10 3dr_solo local0.info +681 pixrc: a:20,m:29,n:500,u:0,d:0,o:0,q:0,udp=29377,ser=20738
Aug 11 00:36:20 3dr_solo local0.info +680 pixrc: a:20,m:31,n:500,u:0,d:0,o:0,q:0,udp=31432,ser=21049
Aug 11 00:36:30 3dr_solo local0.info +680 pixrc: a:20,m:34,n:500,u:0,d:0,o:0,q:0,udp=34000,ser=21174
Aug 11 00:36:40 3dr_solo local0.info +680 pixrc: a:20,m:44,n:500,u:0,d:0,o:0,q:2496,udp=42804,ser=21783
Aug 11 00:36:50 3dr_solo local0.info +680 pixrc: a:20,m:33,n:500,u:0,d:0,o:0,q:0,udp=32985,ser=22122
Aug 11 00:37:00 3dr_solo local0.info +664 pixrc: a:20,m:32,n:499,u:0,d:0,o:0,q:0,udp=32271,ser=21338
Aug 11 00:37:10 3dr_solo local0.info +683 pixrc: a:20,m:31,n:501,u:0,d:0,o:0,q:0,udp=31466,ser=21783
Aug 11 00:37:20 3dr_solo local0.info +681 pixrc: a:20,m:28,n:500,u:0,d:0,o:0,q:0,udp=28404,ser=21406
Aug 11 00:37:30 3dr_solo local0.info +683 pixrc: a:20,m:32,n:500,u:0,d:0,o:0,q:0,udp=31838,ser=21189
Aug 11 00:37:40 3dr_solo local0.info +681 pixrc: a:20,m:33,n:500,u:0,d:0,o:0,q:0,udp=33320,ser=21119
Aug 11 00:37:50 3dr_solo local0.info +682 pixrc: a:20,m:41,n:499,u:0,d:0,o:0,q:0,udp=41478,ser=22133
Aug 11 00:38:00 3dr_solo local0.info +681 pixrc: a:20,m:33,n:501,u:0,d:0,o:0,q:2496,udp=32572,ser=21718
Aug 11 00:38:10 3dr_solo local0.info +681 pixrc: a:20,m:42,n:500,u:0,d:0,o:0,q:2496,udp=42227,ser=21682
Aug 11 00:38:20 3dr_solo local0.info +681 pixrc: a:20,m:34,n:500,u:0,d:0,o:0,q:0,udp=33986,ser=21297
Aug 11 00:38:30 3dr_solo local0.info +664 pixrc: a:20,m:37,n:499,u:0,d:0,o:0,q:2496,udp=37043,ser=20983
Aug 11 00:38:40 3dr_solo local0.info +682 pixrc: a:20,m:38,n:501,u:0,d:0,o:0,q:0,udp=37834,ser=21258
Aug 11 00:38:50 3dr_solo local0.info +682 pixrc: a:20,m:35,n:500,u:0,d:0,o:0,q:0,udp=34784,ser=21077
Aug 11 00:39:00 3dr_solo local0.info +682 pixrc: a:20,m:29,n:500,u:0,d:0,o:0,q:0,udp=29078,ser=21046
Aug 11 00:39:10 3dr_solo local0.info +662 pixrc: a:20,m:37,n:499,u:0,d:0,o:0,q:0,udp=37386,ser=21201
Aug 11 00:39:20 3dr_solo local0.info +662 pixrc: a:20,m:30,n:500,u:0,d:0,o:0,q:0,udp=29627,ser=21032
Aug 11 00:39:30 3dr_solo local0.info +662 pixrc: a:20,m:47,n:500,u:0,d:0,o:0,q:2496,udp=42420,ser=21454
Aug 11 00:39:40 3dr_solo local0.info +662 pixrc: a:20,m:29,n:500,u:0,d:0,o:0,q:0,udp=28836,ser=21315
Aug 11 00:39:50 3dr_solo local0.info +665 pixrc: a:20,m:30,n:500,u:0,d:0,o:0,q:0,udp=29503,ser=21052
Aug 11 00:40:00 3dr_solo local0.info +663 pixrc: a:20,m:34,n:500,u:0,d:0,o:0,q:0,udp=34437,ser=21177
Aug 11 00:40:10 3dr_solo local0.info +662 pixrc: a:20,m:35,n:500,u:0,d:0,o:0,q:0,udp=34608,ser=22127
Aug 11 00:40:20 3dr_solo local0.info +664 pixrc: a:20,m:28,n:500,u:0,d:0,o:0,q:0,udp=27576,ser=21546
Aug 11 00:40:30 3dr_solo local0.info +663 pixrc: a:20,m:39,n:500,u:0,d:0,o:0,q:0,udp=39224,ser=21033
Aug 11 00:40:40 3dr_solo local0.info +663 pixrc: a:20,m:35,n:500,u:0,d:0,o:0,q:0,udp=35073,ser=21342
Aug 11 00:40:50 3dr_solo local0.info +663 pixrc: a:20,m:36,n:500,u:0,d:0,o:0,q:0,udp=36493,ser=21063
Aug 11 00:41:00 3dr_solo local0.info +663 pixrc: a:20,m:36,n:500,u:0,d:0,o:0,q:0,udp=35904,ser=21072
Aug 11 00:41:10 3dr_solo local0.info +663 pixrc: a:20,m:30,n:500,u:0,d:0,o:0,q:0,udp=30036,ser=21888
Aug 11 00:41:20 3dr_solo local0.info +663 pixrc: a:20,m:102,n:500,u:0,d:0,o:0,q:9984,udp=50025,ser=21718
Aug 11 00:41:30 3dr_solo local0.info +665 pixrc: a:20,m:32,n:500,u:0,d:0,o:0,q:0,udp=32293,ser=21444
Aug 11 00:41:40 3dr_solo local0.info +663 pixrc: a:20,m:35,n:500,u:0,d:0,o:0,q:0,udp=34680,ser=21071
Aug 11 00:41:50 3dr_solo local0.info +664 pixrc: a:20,m:77,n:500,u:0,d:0,o:0,q:4992,udp=49247,ser=21941
Aug 11 00:42:00 3dr_solo local0.info +664 pixrc: a:20,m:34,n:500,u:0,d:0,o:0,q:0,udp=33650,ser=21786
Aug 11 00:42:10 3dr_solo local0.info +664 pixrc: a:20,m:39,n:500,u:0,d:0,o:0,q:0,udp=39180,ser=21296
Aug 11 00:42:20 3dr_solo local0.info +664 pixrc: a:20,m:42,n:500,u:0,d:0,o:0,q:2496,udp=42250,ser=21079
Aug 11 00:42:30 3dr_solo local0.info +664 pixrc: a:20,m:32,n:500,u:0,d:0,o:0,q:0,udp=32474,ser=21544
Aug 11 00:42:40 3dr_solo local0.info +665 pixrc: a:20,m:39,n:500,u:0,d:0,o:0,q:0,udp=38734,ser=21309
Aug 11 00:42:50 3dr_solo local0.info +664 pixrc: a:20,m:31,n:500,u:0,d:0,o:0,q:0,udp=31330,ser=21066
Aug 11 00:43:00 3dr_solo local0.info +665 pixrc: a:20,m:47,n:500,u:0,d:0,o:0,q:2496,udp=46809,ser=21237
Aug 11 00:43:10 3dr_solo local0.info +665 pixrc: a:20,m:30,n:500,u:0,d:0,o:0,q:0,udp=30053,ser=21485
Aug 11 00:43:20 3dr_solo local0.info +665 pixrc: a:20,m:31,n:500,u:0,d:0,o:0,q:0,udp=30616,ser=21219
Aug 11 00:43:30 3dr_solo local0.info +665 pixrc: a:20,m:29,n:500,u:0,d:0,o:0,q:0,udp=28738,ser=20960
Aug 11 00:43:40 3dr_solo local0.info +665 pixrc: a:20,m:30,n:500,u:0,d:0,o:0,q:0,udp=30441,ser=21364
Aug 11 00:43:50 3dr_solo local0.info +665 pixrc: a:20,m:38,n:500,u:0,d:0,o:0,q:0,udp=38486,ser=20981
Aug 11 00:44:00 3dr_solo local0.info +665 pixrc: a:20,m:33,n:500,u:0,d:0,o:0,q:0,udp=33252,ser=21494
Aug 11 00:44:10 3dr_solo local0.info +665 pixrc: a:20,m:47,n:500,u:0,d:0,o:0,q:2496,udp=43759,ser=21130
Aug 11 00:44:20 3dr_solo local0.info +669 pixrc: a:20,m:34,n:500,u:0,d:0,o:0,q:0,udp=34135,ser=20854
Aug 11 00:44:30 3dr_solo local0.info +666 pixrc: a:20,m:50,n:500,u:0,d:0,o:0,q:2496,udp=45292,ser=21202
Aug 11 00:44:40 3dr_solo local0.info +665 pixrc: a:20,m:44,n:500,u:0,d:0,o:0,q:2496,udp=43782,ser=21335
Aug 11 00:44:50 3dr_solo local0.info +666 pixrc: a:20,m:40,n:500,u:0,d:0,o:0,q:2496,udp=40445,ser=21237
Aug 11 00:45:00 3dr_solo local0.info +667 pixrc: a:20,m:33,n:500,u:0,d:0,o:0,q:2496,udp=32587,ser=21595
Aug 11 00:45:10 3dr_solo local0.info +666 pixrc: a:20,m:44,n:500,u:0,d:0,o:0,q:4992,udp=42209,ser=21159
Aug 11 00:45:20 3dr_solo local0.info +666 pixrc: a:20,m:45,n:500,u:0,d:0,o:0,q:2496,udp=44722,ser=21905
Aug 11 00:45:30 3dr_solo local0.info +666 pixrc: a:20,m:37,n:500,u:0,d:0,o:0,q:0,udp=36732,ser=21329
Aug 11 00:45:40 3dr_solo local0.info +667 pixrc: a:20,m:41,n:498,u:0,d:2,o:0,q:0,udp=40659,ser=21057
Aug 11 00:45:50 3dr_solo local0.info +667 pixrc: a:20,m:32,n:500,u:0,d:0,o:0,q:0,udp=32122,ser=21943
Aug 11 00:46:00 3dr_solo local0.info +667 pixrc: a:20,m:38,n:500,u:0,d:0,o:0,q:2496,udp=38424,ser=21320
Aug 11 00:46:10 3dr_solo local0.info +667 pixrc: a:20,m:30,n:500,u:0,d:0,o:0,q:0,udp=30058,ser=21036
Aug 11 00:46:20 3dr_solo local0.info +669 pixrc: a:20,m:39,n:500,u:0,d:0,o:0,q:2496,udp=38618,ser=23017
Aug 11 00:46:30 3dr_solo local0.info +667 pixrc: a:20,m:31,n:500,u:0,d:0,o:0,q:0,udp=30977,ser=22101
Aug 11 00:46:40 3dr_solo local0.info +667 pixrc: a:20,m:30,n:500,u:0,d:0,o:0,q:0,udp=30278,ser=20919
Aug 11 00:46:50 3dr_solo local0.info +667 pixrc: a:20,m:31,n:500,u:0,d:0,o:0,q:0,udp=30801,ser=21919
Aug 11 00:47:00 3dr_solo local0.info +669 pixrc: a:20,m:60,n:499,u:0,d:0,o:0,q:4992,udp=46912,ser=21243
Aug 11 00:47:10 3dr_solo local0.info +667 pixrc: a:20,m:67,n:501,u:0,d:0,o:0,q:4992,udp=47241,ser=21553
Aug 11 00:47:20 3dr_solo local0.info +667 pixrc: a:20,m:40,n:500,u:0,d:0,o:0,q:2496,udp=39934,ser=21158
Aug 11 00:47:30 3dr_solo local0.info +668 pixrc: a:20,m:31,n:500,u:0,d:0,o:0,q:0,udp=31131,ser=21424
Aug 11 00:47:40 3dr_solo local0.info +667 pixrc: a:20,m:30,n:500,u:0,d:0,o:0,q:0,udp=29876,ser=21631
Aug 11 00:47:50 3dr_solo local0.info +671 pixrc: a:20,m:39,n:500,u:0,d:0,o:0,q:0,udp=38893,ser=21316
Aug 11 00:48:00 3dr_solo local0.info +668 pixrc: a:20,m:44,n:499,u:0,d:1,o:0,q:2496,udp=42286,ser=21551
Aug 11 00:48:10 3dr_solo local0.info +668 pixrc: a:20,m:33,n:500,u:0,d:0,o:0,q:2496,udp=33227,ser=21102
Aug 11 00:48:20 3dr_solo local0.info +668 pixrc: a:20,m:64,n:500,u:0,d:0,o:0,q:4992,udp=47706,ser=21613
Aug 11 00:48:30 3dr_solo local0.info +668 pixrc: a:20,m:50,n:500,u:0,d:0,o:0,q:2496,udp=46336,ser=21326
Aug 11 00:48:40 3dr_solo local0.info +670 pixrc: a:20,m:66,n:500,u:0,d:0,o:0,q:4992,udp=46050,ser=21437
Aug 11 00:48:50 3dr_solo local0.info +668 pixrc: a:20,m:45,n:500,u:0,d:0,o:0,q:2496,udp=45048,ser=21770
Aug 11 00:49:00 3dr_solo local0.info +669 pixrc: a:20,m:29,n:500,u:0,d:0,o:0,q:0,udp=29297,ser=21106
Aug 11 00:49:10 3dr_solo local0.info +668 pixrc: a:20,m:55,n:500,u:0,d:0,o:0,q:2496,udp=47632,ser=21120
Aug 11 00:49:20 3dr_solo local0.info +669 pixrc: a:20,m:50,n:500,u:0,d:0,o:0,q:4992,udp=45625,ser=21502
Aug 11 00:49:30 3dr_solo local0.info +669 pixrc: a:20,m:50,n:500,u:0,d:0,o:0,q:2496,udp=45611,ser=22017
Aug 11 00:49:40 3dr_solo local0.info +675 pixrc: a:20,m:30,n:500,u:0,d:0,o:0,q:0,udp=30241,ser=21182
Aug 11 00:49:50 3dr_solo local0.info +671 pixrc: a:20,m:31,n:500,u:0,d:0,o:0,q:0,udp=30904,ser=21938
Aug 11 00:50:00 3dr_solo local0.info +669 pixrc: a:20,m:32,n:500,u:0,d:0,o:0,q:0,udp=32003,ser=21712
Aug 11 00:50:10 3dr_solo local0.info +669 pixrc: a:20,m:37,n:500,u:0,d:0,o:0,q:2496,udp=37485,ser=22264
Aug 11 00:50:20 3dr_solo local0.info +669 pixrc: a:20,m:37,n:500,u:0,d:0,o:0,q:0,udp=37314,ser=21657
Aug 11 00:50:30 3dr_solo local0.info +670 pixrc: a:20,m:32,n:500,u:0,d:0,o:0,q:0,udp=32169,ser=22449
Aug 11 00:50:40 3dr_solo local0.info +670 pixrc: a:20,m:51,n:500,u:0,d:0,o:0,q:2496,udp=44864,ser=22056
Aug 11 00:50:50 3dr_solo local0.info +670 pixrc: a:20,m:29,n:500,u:0,d:0,o:0,q:0,udp=29213,ser=21243
Aug 11 00:51:00 3dr_solo local0.info +670 pixrc: a:20,m:30,n:500,u:0,d:0,o:0,q:0,udp=30220,ser=21469
Aug 11 00:51:10 3dr_solo local0.info +673 pixrc: a:20,m:28,n:500,u:0,d:0,o:0,q:0,udp=28007,ser=21301
Aug 11 00:51:20 3dr_solo local0.info +670 pixrc: a:20,m:33,n:500,u:0,d:0,o:0,q:0,udp=32618,ser=21474
Aug 11 00:51:30 3dr_solo local0.info +670 pixrc: a:20,m:32,n:500,u:0,d:0,o:0,q:0,udp=32473,ser=21945
Aug 11 00:51:40 3dr_solo local0.info +670 pixrc: a:20,m:33,n:500,u:0,d:0,o:0,q:0,udp=33074,ser=22469
Aug 11 00:51:50 3dr_solo local0.info +670 pixrc: a:20,m:32,n:500,u:0,d:0,o:0,q:0,udp=31769,ser=21224
Aug 11 00:52:00 3dr_solo local0.info +670 pixrc: a:20,m:30,n:500,u:0,d:0,o:0,q:0,udp=29909,ser=21053
Aug 11 00:52:10 3dr_solo local0.info +671 pixrc: a:20,m:33,n:500,u:0,d:0,o:0,q:2496,udp=33262,ser=21194
Aug 11 00:52:20 3dr_solo local0.info +671 pixrc: a:20,m:30,n:500,u:0,d:0,o:0,q:0,udp=29858,ser=21033
Aug 11 00:52:30 3dr_solo local0.info +671 pixrc: a:20,m:30,n:500,u:0,d:0,o:0,q:0,udp=29766,ser=21049
Aug 11 00:52:40 3dr_solo local0.info +671 pixrc: a:20,m:31,n:500,u:0,d:0,o:0,q:0,udp=30979,ser=21103
Aug 11 00:52:50 3dr_solo local0.info +671 pixrc: a:20,m:32,n:500,u:0,d:0,o:0,q:0,udp=31880,ser=21445
Aug 11 00:53:00 3dr_solo local0.info +671 pixrc: a:20,m:30,n:500,u:0,d:0,o:0,q:0,udp=30340,ser=21240
Aug 11 00:53:10 3dr_solo local0.info +672 pixrc: a:20,m:31,n:500,u:0,d:0,o:0,q:0,udp=31167,ser=22643
Aug 11 00:53:20 3dr_solo local0.info +671 pixrc: a:20,m:33,n:500,u:0,d:0,o:0,q:0,udp=33228,ser=21585
Aug 11 00:53:30 3dr_solo local0.info +672 pixrc: a:20,m:48,n:500,u:0,d:0,o:0,q:2496,udp=41997,ser=21294
Aug 11 00:53:40 3dr_solo local0.info +672 pixrc: a:20,m:40,n:499,u:0,d:1,o:0,q:0,udp=40042,ser=21432
Aug 11 00:53:50 3dr_solo local0.info +672 pixrc: a:20,m:39,n:500,u:0,d:0,o:0,q:0,udp=38960,ser=21346
Aug 11 00:54:00 3dr_solo local0.info +673 pixrc: a:20,m:40,n:500,u:0,d:0,o:0,q:2496,udp=40165,ser=21156
Aug 11 00:54:10 3dr_solo local0.info +672 pixrc: a:20,m:59,n:500,u:0,d:0,o:0,q:0,udp=42253,ser=21419
Aug 11 00:54:20 3dr_solo local0.info +672 pixrc: a:20,m:27,n:500,u:0,d:0,o:0,q:0,udp=26902,ser=21182
Aug 11 00:54:30 3dr_solo local0.info +672 pixrc: a:20,m:44,n:500,u:0,d:0,o:0,q:2496,udp=42211,ser=21922
Aug 11 00:54:40 3dr_solo local0.info +674 pixrc: a:20,m:30,n:500,u:0,d:0,o:0,q:0,udp=29559,ser=21375
Aug 11 00:54:50 3dr_solo local0.info +672 pixrc: a:20,m:29,n:500,u:0,d:0,o:0,q:0,udp=29175,ser=21225
Aug 11 00:55:00 3dr_solo local0.info +675 pixrc: a:20,m:31,n:500,u:0,d:0,o:0,q:0,udp=31394,ser=21008
Aug 11 00:55:10 3dr_solo local0.info +673 pixrc: a:20,m:28,n:500,u:0,d:0,o:0,q:0,udp=28414,ser=21159
Aug 11 00:55:20 3dr_solo local0.info +673 pixrc: a:20,m:57,n:500,u:0,d:0,o:0,q:2496,udp=50476,ser=21526
Aug 11 00:55:30 3dr_solo local0.info +675 pixrc: a:20,m:31,n:500,u:0,d:0,o:0,q:0,udp=31393,ser=22080
Aug 11 00:55:40 3dr_solo local0.info +673 pixrc: a:20,m:35,n:500,u:0,d:0,o:0,q:0,udp=35159,ser=21011
Aug 11 00:55:50 3dr_solo local0.info +673 pixrc: a:20,m:35,n:500,u:0,d:0,o:0,q:0,udp=35404,ser=21518
Aug 11 00:56:00 3dr_solo local0.info +673 pixrc: a:20,m:34,n:500,u:0,d:0,o:0,q:0,udp=34224,ser=21566
Aug 11 00:56:10 3dr_solo local0.info +673 pixrc: a:20,m:38,n:500,u:0,d:0,o:0,q:0,udp=38037,ser=21024
Aug 11 00:56:20 3dr_solo local0.info +674 pixrc: a:20,m:34,n:500,u:0,d:0,o:0,q:0,udp=34096,ser=20939
Aug 11 00:56:30 3dr_solo local0.info +673 pixrc: a:20,m:45,n:500,u:0,d:0,o:0,q:2496,udp=40782,ser=21007
Aug 11 00:56:40 3dr_solo local0.info +674 pixrc: a:20,m:46,n:500,u:0,d:0,o:0,q:2496,udp=45755,ser=21133
Aug 11 00:56:50 3dr_solo local0.info +674 pixrc: a:20,m:35,n:500,u:0,d:0,o:0,q:0,udp=35079,ser=21106
Aug 11 00:57:00 3dr_solo local0.info +678 pixrc: a:20,m:46,n:500,u:0,d:0,o:0,q:2496,udp=46272,ser=21337
Aug 11 00:57:10 3dr_solo local0.info +674 pixrc: a:20,m:37,n:500,u:0,d:0,o:0,q:0,udp=37275,ser=21360
Aug 11 00:57:20 3dr_solo local0.info +674 pixrc: a:20,m:29,n:500,u:0,d:0,o:0,q:0,udp=28637,ser=21388
Aug 11 00:57:30 3dr_solo local0.info +674 pixrc: a:20,m:34,n:500,u:0,d:0,o:0,q:0,udp=33512,ser=21417
Aug 11 00:57:40 3dr_solo local0.info +675 pixrc: a:20,m:28,n:500,u:0,d:0,o:0,q:0,udp=27840,ser=21143
Aug 11 00:57:50 3dr_solo local0.info +674 pixrc: a:20,m:30,n:500,u:0,d:0,o:0,q:0,udp=29978,ser=21478
Aug 11 00:58:00 3dr_solo local0.info +675 pixrc: a:20,m:42,n:500,u:0,d:0,o:0,q:2496,udp=41741,ser=21415
Aug 11 00:58:10 3dr_solo local0.info +675 pixrc: a:20,m:33,n:500,u:0,d:0,o:0,q:0,udp=33431,ser=21802
Aug 11 00:58:20 3dr_solo local0.info +676 pixrc: a:20,m:37,n:500,u:0,d:0,o:0,q:0,udp=36573,ser=21483
Aug 11 00:58:30 3dr_solo local0.info +675 pixrc: a:20,m:36,n:500,u:0,d:0,o:0,q:0,udp=36241,ser=21424
Aug 11 00:58:40 3dr_solo local0.info +675 pixrc: a:20,m:34,n:500,u:0,d:0,o:0,q:0,udp=33714,ser=22241
Aug 11 00:58:50 3dr_solo local0.info +675 pixrc: a:20,m:31,n:500,u:0,d:0,o:0,q:0,udp=31013,ser=21381
Aug 11 00:59:00 3dr_solo local0.info +675 pixrc: a:20,m:37,n:500,u:0,d:0,o:0,q:0,udp=36950,ser=21284
Aug 11 00:59:10 3dr_solo local0.info +675 pixrc: a:20,m:39,n:500,u:0,d:0,o:0,q:2496,udp=38821,ser=21388
Aug 11 00:59:20 3dr_solo local0.info +676 pixrc: a:20,m:27,n:500,u:0,d:0,o:0,q:0,udp=27425,ser=20969
Aug 11 00:59:30 3dr_solo local0.info +678 pixrc: a:20,m:36,n:500,u:0,d:0,o:0,q:0,udp=36248,ser=20990
Aug 11 00:59:40 3dr_solo local0.info +676 pixrc: a:20,m:36,n:500,u:0,d:0,o:0,q:0,udp=35637,ser=21526
Aug 11 00:59:50 3dr_solo local0.info +677 pixrc: a:20,m:34,n:500,u:0,d:0,o:0,q:0,udp=33669,ser=21031
Aug 11 01:00:00 3dr_solo local0.info +676 pixrc: a:20,m:36,n:500,u:0,d:0,o:0,q:0,udp=35897,ser=21213
Aug 11 01:00:10 3dr_solo local0.info +678 pixrc: a:20,m:32,n:500,u:0,d:0,o:0,q:0,udp=31574,ser=21235
Aug 11 01:00:20 3dr_solo local0.info +680 pixrc: a:20,m:31,n:500,u:0,d:0,o:0,q:0,udp=31162,ser=20889
Aug 11 01:00:30 3dr_solo local0.info +676 pixrc: a:20,m:30,n:500,u:0,d:0,o:0,q:0,udp=29606,ser=21037
Aug 11 01:00:40 3dr_solo local0.info +676 pixrc: a:20,m:41,n:500,u:0,d:0,o:0,q:2496,udp=41156,ser=21521
Aug 11 01:00:50 3dr_solo local0.info +677 pixrc: a:20,m:29,n:500,u:0,d:0,o:0,q:0,udp=28647,ser=21153
Aug 11 01:01:00 3dr_solo local0.info +677 pixrc: a:20,m:35,n:500,u:0,d:0,o:0,q:0,udp=35159,ser=21734
Aug 11 01:01:10 3dr_solo local0.info +677 pixrc: a:20,m:39,n:499,u:0,d:1,o:0,q:0,udp=39117,ser=22176
Aug 11 01:01:20 3dr_solo local0.info +677 pixrc: a:20,m:26,n:500,u:0,d:0,o:0,q:0,udp=26474,ser=21578
Aug 11 01:01:30 3dr_solo local0.info +677 pixrc: a:20,m:39,n:500,u:0,d:0,o:0,q:2496,udp=39197,ser=21796
Aug 11 01:01:40 3dr_solo local0.info +678 pixrc: a:20,m:29,n:500,u:0,d:0,o:0,q:0,udp=28869,ser=21785
Aug 11 01:01:50 3dr_solo local0.info +677 pixrc: a:20,m:37,n:500,u:0,d:0,o:0,q:2496,udp=37219,ser=21733
Aug 11 01:02:00 3dr_solo local0.info +677 pixrc: a:20,m:35,n:500,u:0,d:0,o:0,q:0,udp=34988,ser=21062
Aug 11 01:02:10 3dr_solo local0.info +677 pixrc: a:20,m:28,n:500,u:0,d:0,o:0,q:0,udp=27994,ser=21767
Aug 11 01:02:20 3dr_solo local0.info +678 pixrc: a:20,m:52,n:500,u:0,d:0,o:0,q:0,udp=47134,ser=22207
Aug 11 01:02:30 3dr_solo local0.info +678 pixrc: a:20,m:28,n:500,u:0,d:0,o:0,q:0,udp=27800,ser=21333
Aug 11 01:02:40 3dr_solo local0.info +662 pixrc: a:20,m:32,n:499,u:0,d:0,o:0,q:0,udp=31675,ser=20783
Aug 11 01:02:50 3dr_solo local0.info +678 pixrc: a:20,m:32,n:501,u:0,d:0,o:0,q:0,udp=32060,ser=22971
Aug 11 01:03:00 3dr_solo local0.info +678 pixrc: a:20,m:31,n:500,u:0,d:0,o:0,q:0,udp=31318,ser=21854
Aug 11 01:03:10 3dr_solo local0.info +678 pixrc: a:20,m:31,n:500,u:0,d:0,o:0,q:0,udp=31364,ser=21437
Aug 11 01:03:20 3dr_solo local0.info +678 pixrc: a:20,m:36,n:500,u:0,d:0,o:0,q:2496,udp=35564,ser=21785
Aug 11 01:03:30 3dr_solo local0.info +679 pixrc: a:20,m:28,n:500,u:0,d:0,o:0,q:0,udp=27583,ser=20910
Aug 11 01:03:40 3dr_solo local0.info +679 pixrc: a:20,m:39,n:500,u:0,d:0,o:0,q:0,udp=39119,ser=21060
Aug 11 01:03:50 3dr_solo local0.info +679 pixrc: a:20,m:40,n:499,u:0,d:1,o:0,q:0,udp=40177,ser=21446
Aug 11 01:04:00 3dr_solo local0.info +679 pixrc: a:20,m:34,n:500,u:0,d:0,o:0,q:0,udp=33618,ser=21396
Aug 11 01:04:10 3dr_solo local0.info +679 pixrc: a:20,m:36,n:500,u:0,d:0,o:0,q:2496,udp=36468,ser=22356
Aug 11 01:04:20 3dr_solo local0.info +679 pixrc: a:20,m:29,n:500,u:0,d:0,o:0,q:0,udp=29467,ser=21398
Aug 11 01:04:30 3dr_solo local0.info +679 pixrc: a:20,m:35,n:500,u:0,d:0,o:0,q:0,udp=34753,ser=21979
Aug 11 01:04:40 3dr_solo local0.info +679 pixrc: a:20,m:34,n:500,u:0,d:0,o:0,q:0,udp=33847,ser=21253
Aug 11 01:04:50 3dr_solo local0.info +679 pixrc: a:20,m:40,n:499,u:0,d:1,o:0,q:0,udp=40027,ser=21244
Aug 11 01:05:00 3dr_solo local0.info +680 pixrc: a:20,m:30,n:500,u:0,d:0,o:0,q:0,udp=29909,ser=21437
Aug 11 01:05:10 3dr_solo local0.info +682 pixrc: a:20,m:28,n:500,u:0,d:0,o:0,q:0,udp=28194,ser=21980
Aug 11 01:05:20 3dr_solo local0.info +680 pixrc: a:20,m:36,n:500,u:0,d:0,o:0,q:0,udp=35847,ser=21038
Aug 11 01:05:30 3dr_solo local0.info +680 pixrc: a:20,m:41,n:500,u:0,d:0,o:0,q:2496,udp=41018,ser=21438
Aug 11 01:05:40 3dr_solo local0.info +680 pixrc: a:20,m:32,n:500,u:0,d:0,o:0,q:0,udp=31501,ser=21372
Aug 11 01:05:50 3dr_solo local0.info +662 pixrc: a:20,m:36,n:499,u:0,d:0,o:0,q:0,udp=35633,ser=21388
Aug 11 01:06:00 3dr_solo local0.info +681 pixrc: a:20,m:26,n:501,u:0,d:0,o:0,q:0,udp=26323,ser=21075
Aug 11 01:06:10 3dr_solo local0.info +662 pixrc: a:20,m:32,n:499,u:0,d:0,o:0,q:0,udp=32075,ser=20982
Aug 11 01:06:20 3dr_solo local0.info +680 pixrc: a:20,m:31,n:501,u:0,d:0,o:0,q:0,udp=30801,ser=21229
Aug 11 01:06:30 3dr_solo local0.info +681 pixrc: a:20,m:41,n:500,u:0,d:0,o:0,q:2496,udp=41479,ser=20958
Aug 11 01:06:40 3dr_solo local0.info +681 pixrc: a:20,m:38,n:500,u:0,d:0,o:0,q:0,udp=37705,ser=21049
Aug 11 01:06:50 3dr_solo local0.info +681 pixrc: a:20,m:36,n:500,u:0,d:0,o:0,q:0,udp=35847,ser=21452
Aug 11 01:07:00 3dr_solo local0.info +681 pixrc: a:20,m:37,n:500,u:0,d:0,o:0,q:0,udp=36613,ser=21460
Aug 11 01:07:10 3dr_solo local0.info +681 pixrc: a:20,m:34,n:500,u:0,d:0,o:0,q:0,udp=34416,ser=21379
Aug 11 01:07:20 3dr_solo local0.info +681 pixrc: a:20,m:33,n:500,u:0,d:0,o:0,q:0,udp=33284,ser=22000
Aug 11 01:07:30 3dr_solo local0.info +665 pixrc: a:20,m:34,n:499,u:0,d:0,o:0,q:0,udp=34075,ser=21013
Aug 11 01:07:40 3dr_solo local0.info +681 pixrc: a:20,m:32,n:501,u:0,d:0,o:0,q:0,udp=32102,ser=21390
Aug 11 01:07:50 3dr_solo local0.info +682 pixrc: a:20,m:44,n:500,u:0,d:0,o:0,q:2496,udp=42411,ser=21312
Aug 11 01:08:00 3dr_solo local0.info +662 pixrc: a:20,m:54,n:499,u:0,d:0,o:0,q:4992,udp=49847,ser=21207
Aug 11 01:08:10 3dr_solo local0.info +682 pixrc: a:20,m:30,n:501,u:0,d:0,o:0,q:0,udp=29671,ser=21253
Aug 11 01:08:20 3dr_solo local0.info +662 pixrc: a:20,m:30,n:499,u:0,d:0,o:0,q:0,udp=29932,ser=21509
Aug 11 01:08:30 3dr_solo local0.info +662 pixrc: a:20,m:38,n:500,u:0,d:0,o:0,q:0,udp=38338,ser=21404
Aug 11 01:08:40 3dr_solo local0.info +662 pixrc: a:20,m:32,n:500,u:0,d:0,o:0,q:0,udp=31867,ser=21434
Aug 11 01:08:50 3dr_solo local0.info +662 pixrc: a:20,m:31,n:500,u:0,d:0,o:0,q:0,udp=30508,ser=22114
Aug 11 01:09:00 3dr_solo local0.info +664 pixrc: a:20,m:58,n:500,u:0,d:0,o:0,q:2496,udp=42447,ser=21395
Aug 11 01:09:10 3dr_solo local0.info +662 pixrc: a:20,m:38,n:500,u:0,d:0,o:0,q:0,udp=38014,ser=21192
Aug 11 01:09:20 3dr_solo local0.info +663 pixrc: a:20,m:34,n:500,u:0,d:0,o:0,q:0,udp=34494,ser=21432
Aug 11 01:09:30 3dr_solo local0.info +663 pixrc: a:20,m:32,n:500,u:0,d:0,o:0,q:0,udp=32066,ser=21304
Aug 11 01:09:40 3dr_solo local0.info +663 pixrc: a:20,m:35,n:500,u:0,d:0,o:0,q:0,udp=34513,ser=22117
Aug 11 01:09:50 3dr_solo local0.info +663 pixrc: a:20,m:42,n:500,u:0,d:0,o:0,q:2496,udp=41511,ser=22968
Aug 11 01:10:00 3dr_solo local0.info +663 pixrc: a:20,m:47,n:500,u:0,d:0,o:0,q:2496,udp=41349,ser=21178
Aug 11 01:10:10 3dr_solo local0.info +663 pixrc: a:20,m:42,n:500,u:0,d:0,o:0,q:2496,udp=41475,ser=21209
Aug 11 01:10:20 3dr_solo local0.info +664 pixrc: a:20,m:30,n:500,u:0,d:0,o:0,q:0,udp=30225,ser=22226
Aug 11 01:10:30 3dr_solo local0.info +663 pixrc: a:20,m:33,n:500,u:0,d:0,o:0,q:0,udp=33006,ser=21263
Aug 11 01:10:40 3dr_solo local0.info +665 pixrc: a:20,m:55,n:500,u:0,d:0,o:0,q:2496,udp=41011,ser=22202
Aug 11 01:10:50 3dr_solo local0.info +664 pixrc: a:20,m:36,n:500,u:0,d:0,o:0,q:2496,udp=35597,ser=21302
Aug 11 01:11:00 3dr_solo local0.info +665 pixrc: a:20,m:38,n:500,u:0,d:0,o:0,q:0,udp=38267,ser=21086
Aug 11 01:11:10 3dr_solo local0.info +664 pixrc: a:20,m:40,n:499,u:0,d:1,o:0,q:0,udp=40175,ser=21096
Aug 11 01:11:20 3dr_solo local0.info +664 pixrc: a:20,m:31,n:500,u:0,d:0,o:0,q:0,udp=31183,ser=21491
Aug 11 01:11:30 3dr_solo local0.info +665 pixrc: a:20,m:34,n:500,u:0,d:0,o:0,q:0,udp=33833,ser=21131
Aug 11 01:11:40 3dr_solo local0.info +664 pixrc: a:20,m:47,n:500,u:0,d:0,o:0,q:2496,udp=46850,ser=21388
Aug 11 01:11:50 3dr_solo local0.info +665 pixrc: a:20,m:44,n:499,u:0,d:1,o:0,q:2496,udp=43601,ser=22088
Aug 11 01:12:00 3dr_solo local0.info +664 pixrc: a:20,m:50,n:500,u:0,d:0,o:0,q:0,udp=49543,ser=21525
Aug 11 01:12:10 3dr_solo local0.info +664 pixrc: a:20,m:52,n:500,u:0,d:0,o:0,q:2496,udp=49916,ser=21402
Aug 11 01:12:20 3dr_solo local0.info +665 pixrc: a:20,m:47,n:500,u:0,d:0,o:0,q:2496,udp=47291,ser=22899
Aug 11 01:12:30 3dr_solo local0.info +665 pixrc: a:20,m:46,n:500,u:0,d:0,o:0,q:2496,udp=46453,ser=21149
Aug 11 01:12:40 3dr_solo local0.info +665 pixrc: a:20,m:40,n:499,u:0,d:1,o:0,q:0,udp=40162,ser=20997
Aug 11 01:12:50 3dr_solo local0.info +666 pixrc: a:20,m:42,n:500,u:0,d:0,o:0,q:2496,udp=41646,ser=22334
Aug 11 01:13:00 3dr_solo local0.info +665 pixrc: a:20,m:47,n:500,u:0,d:0,o:0,q:2496,udp=46714,ser=21485
Aug 11 01:13:10 3dr_solo local0.info +665 pixrc: a:20,m:33,n:500,u:0,d:0,o:0,q:0,udp=33268,ser=21392
Aug 11 01:13:20 3dr_solo local0.info +665 pixrc: a:20,m:48,n:500,u:0,d:0,o:0,q:2496,udp=48312,ser=20988
Aug 11 01:13:30 3dr_solo local0.info +665 pixrc: a:20,m:49,n:500,u:0,d:0,o:0,q:2496,udp=49042,ser=22014
Aug 11 01:13:40 3dr_solo local0.info +666 pixrc: a:20,m:52,n:500,u:0,d:0,o:0,q:2496,udp=48944,ser=21760
Aug 11 01:13:50 3dr_solo local0.info +666 pixrc: a:20,m:53,n:500,u:0,d:0,o:0,q:2496,udp=48760,ser=21099
Aug 11 01:14:00 3dr_solo local0.info +666 pixrc: a:20,m:44,n:500,u:0,d:0,o:0,q:2496,udp=43643,ser=21521
Aug 11 01:14:10 3dr_solo local0.info +666 pixrc: a:20,m:35,n:500,u:0,d:0,o:0,q:0,udp=35071,ser=20976
Aug 11 01:14:20 3dr_solo local0.info +667 pixrc: a:20,m:55,n:500,u:0,d:0,o:0,q:2496,udp=48257,ser=21747
Aug 11 01:14:30 3dr_solo local0.info +666 pixrc: a:20,m:47,n:500,u:0,d:0,o:0,q:2496,udp=47058,ser=20996
Aug 11 01:14:40 3dr_solo local0.info +666 pixrc: a:20,m:47,n:500,u:0,d:0,o:0,q:2496,udp=47315,ser=21126
Aug 11 01:14:50 3dr_solo local0.info +666 pixrc: a:20,m:43,n:500,u:0,d:0,o:0,q:2496,udp=43139,ser=21415
Aug 11 01:15:00 3dr_solo local0.info +667 pixrc: a:20,m:30,n:500,u:0,d:0,o:0,q:0,udp=29812,ser=21672
Aug 11 01:15:10 3dr_solo local0.info +667 pixrc: a:20,m:33,n:500,u:0,d:0,o:0,q:0,udp=32890,ser=21429
Aug 11 01:15:20 3dr_solo local0.info +667 pixrc: a:20,m:30,n:500,u:0,d:0,o:0,q:0,udp=29792,ser=21348
Aug 11 01:15:30 3dr_solo local0.info +669 pixrc: a:20,m:29,n:500,u:0,d:0,o:0,q:0,udp=29193,ser=22169
Aug 11 01:15:40 3dr_solo local0.info +667 pixrc: a:20,m:30,n:500,u:0,d:0,o:0,q:0,udp=29887,ser=22032
Aug 11 01:15:50 3dr_solo local0.info +669 pixrc: a:20,m:34,n:500,u:0,d:0,o:0,q:0,udp=33858,ser=21211
Aug 11 01:16:00 3dr_solo local0.info +668 pixrc: a:20,m:30,n:500,u:0,d:0,o:0,q:0,udp=29738,ser=22689
Aug 11 01:16:10 3dr_solo local0.info +669 pixrc: a:20,m:53,n:500,u:0,d:0,o:0,q:2496,udp=47294,ser=21824
Aug 11 01:16:20 3dr_solo local0.info +667 pixrc: a:20,m:64,n:500,u:0,d:0,o:0,q:4992,udp=47124,ser=21044
Aug 11 01:16:30 3dr_solo local0.info +667 pixrc: a:20,m:41,n:499,u:0,d:1,o:0,q:0,udp=40594,ser=21954
Aug 11 01:16:40 3dr_solo local0.info +668 pixrc: a:20,m:40,n:500,u:0,d:0,o:0,q:2496,udp=39914,ser=21055
Aug 11 01:16:50 3dr_solo local0.info +668 pixrc: a:20,m:47,n:500,u:0,d:0,o:0,q:4992,udp=46624,ser=21915
Aug 11 01:17:00 3dr_solo local0.info +668 pixrc: a:20,m:45,n:500,u:0,d:0,o:0,q:2496,udp=45453,ser=21763
Aug 11 01:17:10 3dr_solo local0.info +676 pixrc: a:20,m:35,n:500,u:0,d:0,o:0,q:0,udp=34630,ser=21410
Aug 11 01:17:20 3dr_solo local0.info +668 pixrc: a:20,m:42,n:500,u:0,d:0,o:0,q:2496,udp=41900,ser=21574
Aug 11 01:17:30 3dr_solo local0.info +668 pixrc: a:20,m:43,n:500,u:0,d:0,o:0,q:2496,udp=42924,ser=21107
Aug 11 01:17:40 3dr_solo local0.info +669 pixrc: a:20,m:46,n:500,u:0,d:0,o:0,q:2496,udp=45804,ser=20867
Aug 11 01:17:50 3dr_solo local0.info +668 pixrc: a:20,m:40,n:500,u:0,d:0,o:0,q:2496,udp=40026,ser=20976
Aug 11 01:18:00 3dr_solo local0.info +669 pixrc: a:20,m:40,n:499,u:0,d:1,o:0,q:0,udp=40024,ser=21487
Aug 11 01:18:10 3dr_solo local0.info +671 pixrc: a:20,m:35,n:500,u:0,d:0,o:0,q:0,udp=35438,ser=21132
Aug 11 01:18:20 3dr_solo local0.info +669 pixrc: a:20,m:36,n:500,u:0,d:0,o:0,q:0,udp=36340,ser=21075
Aug 11 01:18:30 3dr_solo local0.info +669 pixrc: a:20,m:37,n:499,u:0,d:1,o:0,q:0,udp=37051,ser=21178
Aug 11 01:18:40 3dr_solo local0.info +669 pixrc: a:20,m:40,n:499,u:0,d:1,o:0,q:0,udp=39974,ser=21672
Aug 11 01:18:50 3dr_solo local0.info +669 pixrc: a:20,m:51,n:500,u:0,d:0,o:0,q:2496,udp=45463,ser=21873
Aug 11 01:19:00 3dr_solo local0.info +669 pixrc: a:20,m:46,n:500,u:0,d:0,o:0,q:2496,udp=45103,ser=21515
Aug 11 01:19:10 3dr_solo local0.info +669 pixrc: a:20,m:44,n:500,u:0,d:0,o:0,q:2496,udp=43889,ser=22477
Aug 11 01:19:20 3dr_solo local0.info +670 pixrc: a:20,m:46,n:500,u:0,d:0,o:0,q:4992,udp=45003,ser=21091
Aug 11 01:19:30 3dr_solo local0.info +670 pixrc: a:20,m:52,n:500,u:0,d:0,o:0,q:2496,udp=44750,ser=21082
Aug 11 01:19:40 3dr_solo local0.info +669 pixrc: a:20,m:50,n:500,u:0,d:0,o:0,q:2496,udp=44736,ser=21771
Aug 11 01:19:50 3dr_solo local0.info +670 pixrc: a:20,m:54,n:500,u:0,d:0,o:0,q:2496,udp=44881,ser=21431
Aug 11 01:20:00 3dr_solo local0.info +670 pixrc: a:20,m:42,n:500,u:0,d:0,o:0,q:2496,udp=42211,ser=22163
Aug 11 01:20:10 3dr_solo local0.info +672 pixrc: a:20,m:50,n:500,u:0,d:0,o:0,q:2496,udp=44461,ser=21421
Aug 11 01:20:20 3dr_solo local0.info +672 pixrc: a:20,m:43,n:500,u:0,d:0,o:0,q:2496,udp=42796,ser=21254
Aug 11 01:20:30 3dr_solo local0.info +670 pixrc: a:20,m:49,n:500,u:0,d:0,o:0,q:2496,udp=44241,ser=21986
Aug 11 01:20:40 3dr_solo local0.info +674 pixrc: a:20,m:49,n:500,u:0,d:0,o:0,q:2496,udp=43420,ser=21154
Aug 11 01:20:50 3dr_solo local0.info +671 pixrc: a:20,m:47,n:500,u:0,d:0,o:0,q:2496,udp=41189,ser=22109
Aug 11 01:21:00 3dr_solo local0.info +670 pixrc: a:20,m:48,n:500,u:0,d:0,o:0,q:2496,udp=43897,ser=20912
Aug 11 01:21:10 3dr_solo local0.info +671 pixrc: a:20,m:51,n:500,u:0,d:0,o:0,q:2496,udp=42948,ser=21309
Aug 11 01:21:20 3dr_solo local0.info +675 pixrc: a:20,m:48,n:500,u:0,d:0,o:0,q:2496,udp=43337,ser=21866
Aug 11 01:21:30 3dr_solo local0.info +671 pixrc: a:20,m:45,n:500,u:0,d:0,o:0,q:2496,udp=43524,ser=20985
Aug 11 01:21:40 3dr_solo local0.info +671 pixrc: a:20,m:50,n:500,u:0,d:0,o:0,q:2496,udp=43163,ser=21071
Aug 11 01:21:50 3dr_solo local0.info +671 pixrc: a:20,m:37,n:500,u:0,d:0,o:0,q:0,udp=36698,ser=22243
Aug 11 01:22:00 3dr_solo local0.info +672 pixrc: a:20,m:48,n:500,u:0,d:0,o:0,q:2496,udp=42984,ser=21388
Aug 11 01:22:10 3dr_solo local0.info +672 pixrc: a:20,m:44,n:500,u:0,d:0,o:0,q:2496,udp=42939,ser=21773
Aug 11 01:22:20 3dr_solo local0.info +672 pixrc: a:20,m:49,n:500,u:0,d:0,o:0,q:2496,udp=42923,ser=22146
Aug 11 01:22:30 3dr_solo local0.info +672 pixrc: a:20,m:43,n:500,u:0,d:0,o:0,q:4992,udp=42670,ser=21529
Aug 11 01:22:40 3dr_solo local0.info +672 pixrc: a:20,m:47,n:500,u:0,d:0,o:0,q:2496,udp=42739,ser=21864
Aug 11 01:22:50 3dr_solo local0.info +672 pixrc: a:20,m:51,n:500,u:0,d:0,o:0,q:2496,udp=42180,ser=21735
Aug 11 01:23:00 3dr_solo local0.info +672 pixrc: a:20,m:31,n:500,u:0,d:0,o:0,q:0,udp=30787,ser=20975
Aug 11 01:23:10 3dr_solo local0.info +672 pixrc: a:20,m:46,n:500,u:0,d:0,o:0,q:2496,udp=42342,ser=21525
Aug 11 01:23:20 3dr_solo local0.info +672 pixrc: a:20,m:48,n:500,u:0,d:0,o:0,q:2496,udp=42130,ser=21449
Aug 11 01:23:30 3dr_solo local0.info +675 pixrc: a:20,m:31,n:500,u:0,d:0,o:0,q:0,udp=30775,ser=21639
Aug 11 01:23:40 3dr_solo local0.info +672 pixrc: a:20,m:47,n:500,u:0,d:0,o:0,q:2496,udp=41948,ser=21344
Aug 11 01:23:50 3dr_solo local0.info +672 pixrc: a:20,m:37,n:500,u:0,d:0,o:0,q:0,udp=37277,ser=21404
Aug 11 01:24:00 3dr_solo local0.info +673 pixrc: a:20,m:36,n:500,u:0,d:0,o:0,q:0,udp=36250,ser=21384
Aug 11 01:24:10 3dr_solo local0.info +673 pixrc: a:20,m:47,n:500,u:0,d:0,o:0,q:2496,udp=46650,ser=21077
Aug 11 01:24:20 3dr_solo local0.info +673 pixrc: a:20,m:44,n:500,u:0,d:0,o:0,q:2496,udp=43625,ser=21958
Aug 11 01:24:30 3dr_solo local0.info +673 pixrc: a:20,m:47,n:500,u:0,d:0,o:0,q:2496,udp=41476,ser=20866
Aug 11 01:24:40 3dr_solo local0.info +673 pixrc: a:20,m:53,n:500,u:0,d:0,o:0,q:2496,udp=41261,ser=21536
Aug 11 01:24:50 3dr_solo local0.info +673 pixrc: a:20,m:50,n:500,u:0,d:0,o:0,q:2496,udp=43778,ser=21461
Aug 11 01:25:00 3dr_solo local0.info +675 pixrc: a:20,m:53,n:500,u:0,d:0,o:0,q:2496,udp=50749,ser=20814
Aug 11 01:25:10 3dr_solo local0.info +673 pixrc: a:20,m:30,n:500,u:0,d:0,o:0,q:0,udp=29929,ser=20914
Aug 11 01:25:20 3dr_solo local0.info +674 pixrc: a:20,m:44,n:500,u:0,d:0,o:0,q:2496,udp=44386,ser=22041
Aug 11 01:25:30 3dr_solo local0.info +674 pixrc: a:20,m:51,n:500,u:0,d:0,o:0,q:2496,udp=40764,ser=21016
Aug 11 01:25:40 3dr_solo local0.info +674 pixrc: a:20,m:44,n:500,u:0,d:0,o:0,q:2496,udp=40921,ser=21476
Aug 11 01:25:50 3dr_solo local0.info +674 pixrc: a:20,m:47,n:500,u:0,d:0,o:0,q:2496,udp=47058,ser=22239
Aug 11 01:26:00 3dr_solo local0.info +674 pixrc: a:20,m:43,n:500,u:0,d:0,o:0,q:2496,udp=42835,ser=21336
Aug 11 01:26:10 3dr_solo local0.info +674 pixrc: a:20,m:52,n:500,u:0,d:0,o:0,q:2496,udp=50292,ser=21932
Aug 11 01:26:20 3dr_solo local0.info +675 pixrc: a:20,m:53,n:500,u:0,d:0,o:0,q:2496,udp=50119,ser=21456
Aug 11 01:26:30 3dr_solo local0.info +674 pixrc: a:20,m:48,n:500,u:0,d:0,o:0,q:2496,udp=48475,ser=21758
Aug 11 01:26:40 3dr_solo local0.info +685 pixrc: a:20,m:52,n:500,u:0,d:0,o:0,q:2496,udp=49845,ser=21114
Aug 11 01:26:50 3dr_solo local0.info +675 pixrc: a:20,m:41,n:500,u:0,d:0,o:0,q:2496,udp=40891,ser=21056
Aug 11 01:27:00 3dr_solo local0.info +675 pixrc: a:20,m:41,n:500,u:0,d:0,o:0,q:2496,udp=40959,ser=21310
Aug 11 01:27:10 3dr_solo local0.info +675 pixrc: a:20,m:49,n:500,u:0,d:0,o:0,q:2496,udp=49459,ser=21167
Aug 11 01:27:20 3dr_solo local0.info +675 pixrc: a:20,m:39,n:500,u:0,d:0,o:0,q:0,udp=38696,ser=21606
Aug 11 01:27:30 3dr_solo local0.info +675 pixrc: a:20,m:50,n:500,u:0,d:0,o:0,q:0,udp=49330,ser=21772
Aug 11 01:27:40 3dr_solo local0.info +675 pixrc: a:20,m:43,n:500,u:0,d:0,o:0,q:2496,udp=43209,ser=21193
Aug 11 01:27:50 3dr_solo local0.info +676 pixrc: a:20,m:62,n:500,u:0,d:0,o:0,q:2496,udp=49062,ser=21317
Aug 11 01:28:00 3dr_solo local0.info +675 pixrc: a:20,m:42,n:500,u:0,d:0,o:0,q:2496,udp=41704,ser=20875
Aug 11 01:28:10 3dr_solo local0.info +676 pixrc: a:20,m:43,n:500,u:0,d:0,o:0,q:2496,udp=42769,ser=21587
Aug 11 01:28:20 3dr_solo local0.info +676 pixrc: a:20,m:46,n:500,u:0,d:0,o:0,q:2496,udp=46077,ser=21340
Aug 11 01:28:30 3dr_solo local0.info +676 pixrc: a:20,m:48,n:500,u:0,d:0,o:0,q:2496,udp=48401,ser=21121
Aug 11 01:28:40 3dr_solo local0.info +676 pixrc: a:20,m:44,n:500,u:0,d:0,o:0,q:2496,udp=43766,ser=21012
Aug 11 01:28:50 3dr_solo local0.info +676 pixrc: a:20,m:50,n:500,u:0,d:0,o:0,q:2496,udp=48344,ser=21395
Aug 11 01:29:00 3dr_solo local0.info +676 pixrc: a:20,m:34,n:500,u:0,d:0,o:0,q:0,udp=34009,ser=21820
Aug 11 01:29:10 3dr_solo local0.info +676 pixrc: a:20,m:51,n:500,u:0,d:0,o:0,q:2496,udp=48210,ser=21551
Aug 11 01:29:20 3dr_solo local0.info +676 pixrc: a:20,m:47,n:500,u:0,d:0,o:0,q:2496,udp=46968,ser=22298
Aug 11 01:29:30 3dr_solo local0.info +677 pixrc: a:20,m:36,n:500,u:0,d:0,o:0,q:0,udp=36465,ser=21907
Aug 11 01:29:40 3dr_solo local0.info +677 pixrc: a:20,m:48,n:500,u:0,d:0,o:0,q:2496,udp=47807,ser=22097
Aug 11 01:29:50 3dr_solo local0.info +677 pixrc: a:20,m:50,n:500,u:0,d:0,o:0,q:2496,udp=46878,ser=22084
Aug 11 01:30:00 3dr_solo local0.info +679 pixrc: a:20,m:47,n:500,u:0,d:0,o:0,q:2496,udp=47487,ser=21257
Aug 11 01:30:10 3dr_solo local0.info +677 pixrc: a:20,m:51,n:500,u:0,d:0,o:0,q:2496,udp=47280,ser=21422
Aug 11 01:30:20 3dr_solo local0.info +677 pixrc: a:20,m:42,n:500,u:0,d:0,o:0,q:2496,udp=41598,ser=21404
Aug 11 01:30:30 3dr_solo local0.info +677 pixrc: a:20,m:46,n:500,u:0,d:0,o:0,q:2496,udp=46225,ser=21002
Aug 11 01:30:40 3dr_solo local0.info +677 pixrc: a:20,m:47,n:500,u:0,d:0,o:0,q:2496,udp=47341,ser=22271
Aug 11 01:30:50 3dr_solo local0.info +679 pixrc: a:20,m:49,n:500,u:0,d:0,o:0,q:2496,udp=45895,ser=20951
Aug 11 01:31:00 3dr_solo local0.info +677 pixrc: a:20,m:50,n:500,u:0,d:0,o:0,q:0,udp=46850,ser=21381
Aug 11 01:31:10 3dr_solo local0.info +679 pixrc: a:20,m:33,n:500,u:0,d:0,o:0,q:0,udp=33283,ser=21195
Aug 11 01:31:20 3dr_solo local0.info +678 pixrc: a:20,m:30,n:500,u:0,d:0,o:0,q:0,udp=30071,ser=21245
Aug 11 01:31:30 3dr_solo local0.info +678 pixrc: a:20,m:42,n:500,u:0,d:0,o:0,q:2496,udp=42492,ser=21961
Aug 11 01:31:40 3dr_solo local0.info +678 pixrc: a:20,m:34,n:500,u:0,d:0,o:0,q:0,udp=33541,ser=21148
Aug 11 01:31:50 3dr_solo local0.info +678 pixrc: a:20,m:30,n:500,u:0,d:0,o:0,q:0,udp=29785,ser=21006
Aug 11 01:32:00 3dr_solo local0.info +678 pixrc: a:20,m:35,n:500,u:0,d:0,o:0,q:0,udp=35285,ser=21240
Aug 11 01:32:10 3dr_solo local0.info +662 pixrc: a:20,m:34,n:499,u:0,d:0,o:0,q:0,udp=33736,ser=22995
Aug 11 01:32:20 3dr_solo local0.info +678 pixrc: a:20,m:39,n:501,u:0,d:0,o:0,q:2496,udp=38695,ser=21135
Aug 11 01:32:30 3dr_solo local0.info +679 pixrc: a:20,m:42,n:499,u:0,d:1,o:0,q:2496,udp=42220,ser=21757
Aug 11 01:32:40 3dr_solo local0.info +680 pixrc: a:20,m:43,n:500,u:0,d:0,o:0,q:2496,udp=42808,ser=21447
Aug 11 01:32:50 3dr_solo local0.info +679 pixrc: a:20,m:36,n:500,u:0,d:0,o:0,q:0,udp=35601,ser=22643
Aug 11 01:33:00 3dr_solo local0.info +679 pixrc: a:20,m:40,n:500,u:0,d:0,o:0,q:2496,udp=40094,ser=21153
Aug 11 01:33:10 3dr_solo local0.info +679 pixrc: a:20,m:29,n:500,u:0,d:0,o:0,q:0,udp=28881,ser=21131
Aug 11 01:33:20 3dr_solo local0.info +679 pixrc: a:20,m:39,n:500,u:0,d:0,o:0,q:0,udp=38985,ser=21437
Aug 11 01:33:30 3dr_solo local0.info +679 pixrc: a:20,m:33,n:500,u:0,d:0,o:0,q:0,udp=33195,ser=21412
Aug 11 01:33:40 3dr_solo local0.info +681 pixrc: a:20,m:34,n:500,u:0,d:0,o:0,q:0,udp=33546,ser=21295
Aug 11 01:33:50 3dr_solo local0.info +679 pixrc: a:20,m:50,n:500,u:0,d:0,o:0,q:2496,udp=44927,ser=21228
Aug 11 01:34:00 3dr_solo local0.info +681 pixrc: a:20,m:32,n:500,u:0,d:0,o:0,q:0,udp=31968,ser=21290
Aug 11 01:34:10 3dr_solo local0.info +690 pixrc: a:20,m:37,n:500,u:0,d:0,o:0,q:0,udp=36706,ser=21094
Aug 11 01:34:20 3dr_solo local0.info +680 pixrc: a:20,m:32,n:500,u:0,d:0,o:0,q:0,udp=31929,ser=21123
Aug 11 01:34:30 3dr_solo local0.info +680 pixrc: a:20,m:48,n:499,u:0,d:1,o:0,q:0,udp=44271,ser=21065
Aug 11 01:34:40 3dr_solo local0.info +681 pixrc: a:20,m:43,n:500,u:0,d:0,o:0,q:2496,udp=43258,ser=21976
Aug 11 01:34:50 3dr_solo local0.info +680 pixrc: a:20,m:68,n:499,u:0,d:1,o:0,q:2496,udp=41621,ser=22035
Aug 11 01:35:00 3dr_solo local0.info +681 pixrc: a:20,m:38,n:500,u:0,d:0,o:0,q:2496,udp=37590,ser=21317
Aug 11 01:35:10 3dr_solo local0.info +665 pixrc: a:20,m:54,n:498,u:0,d:1,o:0,q:0,udp=43955,ser=21331
Aug 11 01:35:20 3dr_solo local0.info +680 pixrc: a:20,m:32,n:501,u:0,d:0,o:0,q:0,udp=32174,ser=21359
Aug 11 01:35:30 3dr_solo local0.info +680 pixrc: a:20,m:58,n:498,u:0,d:2,o:0,q:2496,udp=48533,ser=21827
Aug 11 01:35:40 3dr_solo local0.info +682 pixrc: a:20,m:33,n:500,u:0,d:0,o:0,q:0,udp=33171,ser=21844
Aug 11 01:35:50 3dr_solo local0.info +681 pixrc: a:20,m:33,n:500,u:0,d:0,o:0,q:0,udp=33417,ser=22752
Aug 11 01:36:00 3dr_solo local0.info +663 pixrc: a:20,m:41,n:499,u:0,d:0,o:0,q:2496,udp=40763,ser=21557
Aug 11 01:36:10 3dr_solo local0.info +681 pixrc: a:20,m:37,n:501,u:0,d:0,o:0,q:0,udp=37038,ser=21407
Aug 11 01:36:20 3dr_solo local0.info +681 pixrc: a:20,m:28,n:500,u:0,d:0,o:0,q:0,udp=27735,ser=21803
Aug 11 01:36:30 3dr_solo local0.info +662 pixrc: a:20,m:37,n:499,u:0,d:0,o:0,q:0,udp=37219,ser=22026
Aug 11 01:36:40 3dr_solo local0.info +663 pixrc: a:20,m:32,n:500,u:0,d:0,o:0,q:0,udp=32422,ser=21478
Aug 11 01:36:50 3dr_solo local0.info +662 pixrc: a:20,m:43,n:499,u:0,d:1,o:0,q:0,udp=41912,ser=22147
Aug 11 01:37:00 3dr_solo local0.info +664 pixrc: a:20,m:48,n:499,u:0,d:1,o:0,q:0,udp=47551,ser=22509
Aug 11 01:37:10 3dr_solo local0.info +662 pixrc: a:20,m:33,n:500,u:0,d:0,o:0,q:0,udp=32884,ser=23615
Aug 11 01:37:20 3dr_solo local0.info +663 pixrc: a:20,m:34,n:500,u:0,d:0,o:0,q:0,udp=33580,ser=22990
Aug 11 01:37:30 3dr_solo local0.info +665 pixrc: a:20,m:32,n:500,u:0,d:0,o:0,q:0,udp=32170,ser=21976
Aug 11 01:37:40 3dr_solo local0.info +666 pixrc: a:20,m:36,n:500,u:0,d:0,o:0,q:0,udp=36307,ser=21885
Aug 11 01:37:50 3dr_solo local0.info +668 pixrc: a:20,m:26,n:500,u:0,d:0,o:0,q:0,udp=25839,ser=22157
Aug 11 01:38:00 3dr_solo local0.info +663 pixrc: a:20,m:31,n:500,u:0,d:0,o:0,q:0,udp=30700,ser=21559
Aug 11 01:38:10 3dr_solo local0.info +666 pixrc: a:20,m:33,n:500,u:0,d:0,o:0,q:0,udp=32602,ser=21811
Aug 11 01:38:20 3dr_solo local0.info +664 pixrc: a:20,m:36,n:500,u:0,d:0,o:0,q:0,udp=35911,ser=22108
Aug 11 01:38:30 3dr_solo local0.info +667 pixrc: a:20,m:30,n:500,u:0,d:0,o:0,q:0,udp=29583,ser=24106
Aug 11 01:38:40 3dr_solo local0.info +664 pixrc: a:20,m:32,n:500,u:0,d:0,o:0,q:0,udp=32174,ser=21804
Aug 11 01:38:50 3dr_solo local0.info +663 pixrc: a:20,m:43,n:499,u:0,d:1,o:0,q:0,udp=43166,ser=22037
Aug 11 01:39:00 3dr_solo local0.info +664 pixrc: a:20,m:45,n:499,u:0,d:1,o:0,q:0,udp=45109,ser=22184
Aug 11 01:39:10 3dr_solo local0.info +663 pixrc: a:20,m:31,n:500,u:0,d:0,o:0,q:0,udp=31115,ser=23382
Aug 11 01:39:20 3dr_solo local0.info +663 pixrc: a:20,m:44,n:499,u:0,d:1,o:0,q:0,udp=40916,ser=21826
Aug 11 01:39:30 3dr_solo local0.info +663 pixrc: a:20,m:39,n:500,u:0,d:0,o:0,q:2496,udp=38763,ser=21683
Aug 11 01:39:40 3dr_solo local0.info +664 pixrc: a:20,m:33,n:500,u:0,d:0,o:0,q:2496,udp=33004,ser=22683
Aug 11 01:39:50 3dr_solo local0.info +664 pixrc: a:20,m:35,n:500,u:0,d:0,o:0,q:0,udp=35253,ser=21052
Aug 11 01:40:00 3dr_solo local0.info +671 pixrc: a:20,m:40,n:499,u:0,d:1,o:0,q:2496,udp=39547,ser=20979
Aug 11 01:40:10 3dr_solo local0.info +665 pixrc: a:20,m:37,n:499,u:0,d:1,o:0,q:0,udp=37300,ser=21147
Aug 11 01:40:20 3dr_solo local0.info +664 pixrc: a:20,m:31,n:500,u:0,d:0,o:0,q:0,udp=30610,ser=21474
Aug 11 01:40:30 3dr_solo local0.info +664 pixrc: a:20,m:29,n:500,u:0,d:0,o:0,q:0,udp=29225,ser=20691
Aug 11 01:40:40 3dr_solo local0.info +667 pixrc: a:20,m:29,n:500,u:0,d:0,o:0,q:0,udp=28729,ser=20704
Aug 11 01:40:50 3dr_solo local0.info +665 pixrc: a:20,m:37,n:500,u:0,d:0,o:0,q:0,udp=36701,ser=21753
Aug 11 01:41:00 3dr_solo local0.info +665 pixrc: a:20,m:38,n:500,u:0,d:0,o:0,q:0,udp=38433,ser=21300
Aug 11 01:41:10 3dr_solo local0.info +665 pixrc: a:20,m:50,n:499,u:0,d:1,o:0,q:0,udp=49115,ser=20695
Aug 11 01:41:20 3dr_solo local0.info +665 pixrc: a:20,m:27,n:500,u:0,d:0,o:0,q:0,udp=27430,ser=20875
Aug 11 01:41:30 3dr_solo local0.info +666 pixrc: a:20,m:42,n:499,u:0,d:1,o:0,q:0,udp=41285,ser=20895
Aug 11 01:41:40 3dr_solo local0.info +665 pixrc: a:20,m:37,n:500,u:0,d:0,o:0,q:0,udp=37311,ser=20654
Aug 11 01:41:50 3dr_solo local0.info +667 pixrc: a:20,m:43,n:500,u:0,d:0,o:0,q:2496,udp=42636,ser=20995
Aug 11 01:42:00 3dr_solo local0.info +665 pixrc: a:20,m:42,n:500,u:0,d:0,o:0,q:0,udp=42171,ser=20740
Aug 11 01:42:10 3dr_solo local0.info +666 pixrc: a:20,m:30,n:500,u:0,d:0,o:0,q:0,udp=30277,ser=20845
Aug 11 01:42:20 3dr_solo local0.info +666 pixrc: a:20,m:35,n:500,u:0,d:0,o:0,q:0,udp=35345,ser=21628
Aug 11 01:42:30 3dr_solo local0.info +667 pixrc: a:20,m:36,n:500,u:0,d:0,o:0,q:0,udp=36201,ser=21534
Aug 11 01:42:40 3dr_solo local0.info +680 pixrc: a:20,m:40,n:500,u:0,d:0,o:0,q:0,udp=39956,ser=20712
Aug 11 01:42:50 3dr_solo local0.info +666 pixrc: a:20,m:40,n:500,u:0,d:0,o:0,q:2496,udp=40329,ser=21262
Aug 11 01:43:00 3dr_solo local0.info +666 pixrc: a:20,m:39,n:500,u:0,d:0,o:0,q:0,udp=38711,ser=21273
Aug 11 01:43:10 3dr_solo local0.info +666 pixrc: a:20,m:34,n:500,u:0,d:0,o:0,q:0,udp=34080,ser=21741
Aug 11 01:43:20 3dr_solo local0.info +666 pixrc: a:20,m:32,n:500,u:0,d:0,o:0,q:0,udp=31728,ser=22582
Aug 11 01:43:30 3dr_solo local0.info +666 pixrc: a:20,m:38,n:500,u:0,d:0,o:0,q:0,udp=38333,ser=20679
Aug 11 01:43:40 3dr_solo local0.info +667 pixrc: a:20,m:34,n:500,u:0,d:0,o:0,q:0,udp=34188,ser=21987
Aug 11 01:43:50 3dr_solo local0.info +667 pixrc: a:20,m:30,n:500,u:0,d:0,o:0,q:0,udp=30407,ser=21764
Aug 11 01:44:00 3dr_solo local0.info +673 pixrc: a:20,m:61,n:500,u:0,d:0,o:0,q:4992,udp=47517,ser=21004
Aug 11 01:44:10 3dr_solo local0.info +667 pixrc: a:20,m:32,n:500,u:0,d:0,o:0,q:0,udp=32075,ser=20942
Aug 11 01:44:20 3dr_solo local0.info +667 pixrc: a:20,m:37,n:500,u:0,d:0,o:0,q:0,udp=37059,ser=20854
Aug 11 01:44:30 3dr_solo local0.info +668 pixrc: a:20,m:35,n:500,u:0,d:0,o:0,q:0,udp=35267,ser=20993
Aug 11 01:44:40 3dr_solo local0.info +667 pixrc: a:20,m:37,n:500,u:0,d:0,o:0,q:0,udp=36877,ser=21622
Aug 11 01:44:50 3dr_solo local0.info +670 pixrc: a:20,m:35,n:500,u:0,d:0,o:0,q:0,udp=34677,ser=20734
Aug 11 01:45:00 3dr_solo local0.info +668 pixrc: a:20,m:33,n:500,u:0,d:0,o:0,q:0,udp=32728,ser=20996
Aug 11 01:45:10 3dr_solo local0.info +667 pixrc: a:20,m:25,n:500,u:0,d:0,o:0,q:0,udp=25181,ser=20969
Aug 11 01:45:20 3dr_solo local0.info +668 pixrc: a:20,m:42,n:500,u:0,d:0,o:0,q:2496,udp=41856,ser=20886
