Thu Aug 10 23:45:00 UTC 2017
>>> APM:Copter solo-1.3.1 (7e9206cc)
>>> PX4: 5e693274 NuttX: d48fa307
>>> Frame: QUAD
>>> PX4v2 003A003C 32355101 38343332
>>> Link timeout, no heartbeat in last 5 seconds
>>> ...link restored.
>>> Arm: Leaning
>>> Arm: Leaning
>>> Arm: Leaning
>>> Arm: Leaning
>>> Arm: Leaning
>>> Arm: Leaning
>>> Arm: Leaning
>>> Arm: Leaning
>>> Arm: Leaning
>>> Arm: Leaning
>>> Arm: Leaning
>>> Arm: Leaning
>>> Arm: Leaning
>>> Arm: Leaning
>>> Arm: Leaning
>>> Arm: Leaning
>>> Arm: Leaning
>>> Arm: Leaning
>>> Arm: Leaning
>>> Arm: Leaning
>>> Arm: Leaning
>>> Arm: Throttle below Failsafe
>>> Arm: Throttle below Failsafe
>>> Arm: Throttle below Failsafe
>>> Arm: Throttle below Failsafe
>>> Arm: Throttle below Failsafe
>>> Link timeout, no heartbeat in last 5 seconds
>>> ...link restored.
>>> Link timeout, no heartbeat in last 5 seconds
>>> ...link restored.
>>> Link timeout, no heartbeat in last 5 seconds
>>> ...link restored.
>>> Link timeout, no heartbeat in last 5 seconds
>>> ...link restored.
>>> Link timeout, no heartbeat in last 5 seconds
>>> ...link restored.
>>> Link timeout, no heartbeat in last 5 seconds
>>> ...link restored.
>>> Link timeout, no heartbeat in last 5 seconds
>>> ...link restored.
>>> Link timeout, no heartbeat in last 5 seconds
>>> ...link restored.
>>> Link timeout, no heartbeat in last 5 seconds
>>> ...link restored.
>>> Link timeout, no heartbeat in last 5 seconds
>>> ...link restored.
>>> Link timeout, no heartbeat in last 5 seconds
>>> ...link restored.
>>> Link timeout, no heartbeat in last 5 seconds
>>> ...link restored.
>>> Link timeout, no heartbeat in last 5 seconds
>>> ...link restored.
>>> Link timeout, no heartbeat in last 5 seconds
>>> ...link restored.
>>> Link timeout, no heartbeat in last 5 seconds
>>> ...link restored.
>>> Link timeout, no heartbeat in last 5 seconds
>>> ...link restored.
>>> Link timeout, no heartbeat in last 5 seconds
>>> ...link restored.
>>> Link timeout, no heartbeat in last 5 seconds
>>> ...link restored.
>>> Link timeout, no heartbeat in last 5 seconds
>>> ...link restored.
>>> Link timeout, no heartbeat in last 5 seconds
>>> ...link restored.
>>> Link timeout, no heartbeat in last 5 seconds
>>> ...link restored.
>>> Link timeout, no heartbeat in last 5 seconds
>>> ...link restored.
>>> Link timeout, no heartbeat in last 5 seconds
>>> ...link restored.
>>> Link timeout, no heartbeat in last 5 seconds
>>> ...link restored.
>>> Link timeout, no heartbeat in last 5 seconds
>>> ...link restored.
>>> Link timeout, no heartbeat in last 5 seconds
>>> ...link restored.
>>> Link timeout, no heartbeat in last 5 seconds
>>> ...link restored.
>>> Link timeout, no heartbeat in last 5 seconds
>>> ...link restored.
>>> Link timeout, no heartbeat in last 5 seconds
>>> ...link restored.
>>> Link timeout, no heartbeat in last 5 seconds
>>> ...link restored.
>>> Link timeout, no heartbeat in last 5 seconds
>>> ...link restored.
>>> Link timeout, no heartbeat in last 5 seconds
>>> ...link restored.
>>> Link timeout, no heartbeat in last 5 seconds
>>> ...link restored.
>>> Link timeout, no heartbeat in last 5 seconds
>>> ...link restored.
>>> Link timeout, no heartbeat in last 5 seconds
>>> ...link restored.
>>> Link timeout, no heartbeat in last 5 seconds
>>> ...link restored.
>>> Link timeout, no heartbeat in last 5 seconds
>>> ...link restored.
>>> Link timeout, no heartbeat in last 5 seconds
>>> ...link restored.
>>> Link timeout, no heartbeat in last 5 seconds
>>> ...link restored.
>>> Link timeout, no heartbeat in last 5 seconds
>>> ...link restored.
>>> Link timeout, no heartbeat in last 5 seconds
>>> ...link restored.
>>> Link timeout, no heartbeat in last 5 seconds
>>> ...link restored.
>>> Link timeout, no heartbeat in last 5 seconds
>>> ...link restored.
>>> Link timeout, no heartbeat in last 5 seconds
>>> ...link restored.
>>> Link timeout, no heartbeat in last 5 seconds
>>> ...link restored.
>>> Link timeout, no heartbeat in last 5 seconds
>>> ...link restored.
>>> Link timeout, no heartbeat in last 5 seconds
>>> ...link restored.
>>> Link timeout, no heartbeat in last 5 seconds
>>> ...link restored.
>>> Link timeout, no heartbeat in last 5 seconds
>>> ...link restored.
>>> Link timeout, no heartbeat in last 5 seconds
>>> ...link restored.
