Aug 10 23:44:00 3dr_controller local1.info stm32: stm32 update starting
Aug 10 23:44:00 3dr_controller local1.info stm32: no firmware available for update
Aug 10 23:44:00 3dr_controller local1.info stm32: requesting stm32 version
Aug 10 23:44:00 3dr_controller local1.info stm32: running version: 1.2.11
Aug 10 23:44:00 3dr_controller local1.info stm32: not updating (no new firmware)
Aug 10 23:44:00 3dr_controller local1.info stm32: writing STM_VERSION with running version 1.2.11
Aug 10 23:44:00 3dr_controller local1.info stm32: no screen update (READY exists)
Aug 10 23:44:01 3dr_controller local1.info net: hostapdconfig.py starting
Aug 10 23:44:01 3dr_controller local1.info net: --channel wlan0
Aug 10 23:44:01 3dr_controller local1.info net: can't get wlan0 frequency; defaulting to channel 0
Aug 10 23:44:01 3dr_controller local1.info net: changing channel in /etc/hostapd.conf from 0 to 0
Aug 10 23:44:01 3dr_controller local1.info pair: pair_server starting
Aug 10 23:44:01 3dr_controller local1.info pair: using default check_versions=True
Aug 10 23:44:01 3dr_controller local1.info pair: sololink version "2.4.2"
Aug 10 23:44:01 3dr_controller local1.info pair: firmware version "1.2.11"

acs_num_scans=8
wlan0-ap:
   Freq   Noise   OnChan   ChBusy  ExtBusy    Rxing    Txing
Ch  MHz     dBm     msec     msec     msec     msec     msec
 1 2412     -95     1069      143                49        0
 2 2417     -95      108       18                 9        0
 3 2422     -95      108       30                17        0
 4 2427 *   -95      409      199               150       12
 5 2432     -95      108       27                18        0
 6 2437     -95      108       35                31        0
 7 2442     -95      108       64                50        0
 8 2447     -95      108       69                46        0
 9 2452     -95      108       72                61        0
10 2457     -95      108       45                34        0
11 2462     -95      108       19                18        0

Aug 10 23:44:13 3dr_controller local1.info pair: connection request from known solo: send CONN_ACK (yes)
Aug 10 23:44:13 3dr_controller local1.info pair: solo version "2.4.2"; firmware "1.3.1"
Aug 10 23:44:13 3dr_controller local1.info pair: IDLE -> CONNECTED
Aug 10 23:44:13 3dr_controller local1.info pair: connected with ('10.1.1.10', 50969)
Aug 10 23:44:13 3dr_controller local1.info pair: switching to runlevel.READY
Aug 10 23:44:13 3dr_controller local1.info +731 tlm: telem_ctrl starting: built Sep 22 2016 15:31:04
Aug 10 23:44:13 3dr_controller local1.info +743 tlm: stm32 @ 127.0.0.1:5015
Aug 10 23:44:13 3dr_controller local1.info +745 tlm: tlog @ 127.0.0.1:14583
Aug 10 23:44:13 3dr_controller local1.info +746 tlm: telem_dest_port = 14550
Aug 10 23:44:13 3dr_controller local1.info +746 tlm: use_gps_time = 1
Aug 10 23:44:13 3dr_controller local1.info +746 tlm: uplink_tos = 0x00
Aug 10 23:44:13 3dr_controller local1.info +747 tlm: gcs_tos = 0x00
Aug 10 23:44:13 3dr_controller local1.info +860 tlm: solo @ 10.1.1.10:14560
Aug 10 23:44:14 3dr_controller local1.info app: starting
Aug 10 23:44:14 3dr_controller local1.info app: waiting for connection
Aug 10 23:44:23 3dr_controller local1.info +842 tlm: dn:101 (1,1)1511/0 (10,0)10/0 up:0
Aug 10 23:44:28 3dr_controller local1.info +778 tlm: adding telem dest @ 10.1.1.106:14550
Aug 10 23:44:33 3dr_controller local1.info +768 tlm: dn:99 (1,1)820/0 (10,0)10/0 up:24
Aug 10 23:44:43 3dr_controller local1.info +791 tlm: dn:100 (1,1)842/0 (10,0)10/0 up:27
Aug 10 23:44:53 3dr_controller local1.info +808 tlm: dn:100 (1,1)842/0 (10,0)10/0 up:48
Aug 10 23:45:03 3dr_controller local1.info +775 tlm: dn:263 (1,1)3390/6 (10,0)10/0 up:58
Aug 10 23:45:13 3dr_controller local1.info +776 tlm: dn:304 (1,1)3987/5 (10,0)10/0 up:61
Aug 10 23:45:23 3dr_controller local1.info +770 tlm: dn:302 (1,1)3986/5 (10,0)10/0 up:60
Aug 10 23:45:33 3dr_controller local1.info +771 tlm: dn:305 (1,1)4057/5 (10,0)10/0 up:60
Aug 10 23:45:43 3dr_controller local1.info +807 tlm: dn:333 (1,1)4430/2 (10,0)10/0 up:59
Aug 10 23:45:53 3dr_controller local1.info +787 tlm: dn:349 (1,1)4664/7 (10,0)10/0 up:59
Aug 10 23:46:03 3dr_controller local1.info +781 tlm: dn:322 (1,1)4287/2 (10,0)10/0 up:60
Aug 10 23:46:13 3dr_controller local1.info +785 tlm: dn:303 (1,1)3985/6 (10,0)10/0 (16,254)1/0 up:59
Aug 10 23:46:23 3dr_controller local1.info +776 tlm: dn:315 (1,1)4188/4 (10,0)10/0 up:60
Aug 10 23:46:33 3dr_controller local1.info +764 tlm: dn:325 (1,1)4319/7 (10,0)10/0 up:60
Aug 10 23:46:43 3dr_controller local1.info +793 tlm: dn:317 (1,1)4170/11 (10,0)10/0 up:59
Aug 10 23:46:53 3dr_controller local1.info +788 tlm: dn:285 (1,1)3720/9 (10,0)10/0 (137,17)1/0 up:63
Aug 10 23:47:03 3dr_controller local1.info +803 tlm: dn:349 (1,1)4669/9 (10,0)10/0 (68,153)1/0 up:60
Aug 10 23:47:13 3dr_controller local1.info +762 tlm: dn:335 (1,1)4451/13 (10,0)10/0 up:58
Aug 10 23:47:23 3dr_controller local1.info +777 tlm: dn:337 (1,1)4514/10 (10,0)10/0 up:59
Aug 10 23:47:33 3dr_controller local1.info +766 tlm: dn:337 (1,1)4494/6 (10,0)10/0 up:59
Aug 10 23:47:43 3dr_controller local1.info +765 tlm: dn:299 (1,1)3942/3 (10,0)10/0 up:61
Aug 10 23:47:53 3dr_controller local1.info +762 tlm: dn:318 (1,1)4203/6 (10,0)10/0 up:60
Aug 10 23:48:03 3dr_controller local1.info +768 tlm: dn:325 (1,1)4319/5 (10,0)10/0 up:58
Aug 10 23:48:13 3dr_controller local1.info +766 tlm: dn:343 (1,1)4584/8 (1,254)1/0 (10,0)10/0 up:60
Aug 10 23:48:23 3dr_controller local1.err +855 tlm: ERROR getting station info
Aug 10 23:48:23 3dr_controller local1.info +919 tlm: dn:190 (1,1)2492/5 (10,0)6/0 up:36
Aug 10 23:48:26 3dr_controller local1.info net: hostapdconfig.py starting
Aug 10 23:48:26 3dr_controller local1.info net: --channel wlan0
Aug 10 23:48:26 3dr_controller local1.info net: wlan0 is at 2437 MHz (channel 6)
Aug 10 23:48:26 3dr_controller local1.info net: changing channel in /etc/hostapd.conf from 0 to 6
Aug 10 23:48:28 3dr_controller local1.info +856 tlm: adding telem dest @ 192.168.0.1:14550
Aug 10 23:48:32 3dr_controller local1.err +286 tlm: dropped 143 downlink packets
Aug 10 23:48:33 3dr_controller local1.info +799 tlm: dn:16 (1,1)132/0 (10,0)2/0 up:0
Aug 10 23:48:33 3dr_controller local1.info +857 tlm: adding telem dest @ 192.168.0.197:14550
Aug 10 23:48:43 3dr_controller local1.err +232 tlm: dropped 2 downlink packets
Aug 10 23:48:43 3dr_controller local1.info +781 tlm: dn:97 (1,1)810/1 (10,0)10/0 up:45
Aug 10 23:48:53 3dr_controller local1.info +847 tlm: dn:101 (1,1)848/0 (10,0)10/0 up:20
Aug 10 23:49:03 3dr_controller local1.info +815 tlm: dn:99 (1,1)869/0 (10,0)10/0 up:52
Aug 10 23:49:13 3dr_controller local1.info +839 tlm: dn:100 (1,1)841/0 (10,0)10/0 up:51
Aug 10 23:49:23 3dr_controller local1.info +799 tlm: dn:198 (1,1)2346/3 (1,254)1/0 (10,0)10/0 up:53
Aug 10 23:49:33 3dr_controller local1.info +801 tlm: dn:301 (1,1)3803/10 (10,0)10/0 (113,1)1/0 up:1501
Aug 10 23:49:43 3dr_controller local1.info +762 tlm: dn:256 (1,1)3124/6 (10,0)10/0 up:1010
Aug 10 23:49:53 3dr_controller local1.info +766 tlm: dn:331 (1,1)4414/13 (10,0)10/0 up:58
Aug 10 23:50:03 3dr_controller local1.info +782 tlm: dn:317 (1,1)4187/8 (10,0)10/0 up:58
Aug 10 23:50:13 3dr_controller local1.info +761 tlm: dn:320 (1,1)4228/10 (10,0)10/0 up:60
Aug 10 23:50:23 3dr_controller local1.info +770 tlm: dn:343 (1,1)4551/11 (10,0)10/0 up:58
Aug 10 23:50:33 3dr_controller local1.info +785 tlm: dn:333 (1,1)4407/6 (10,0)10/0 up:60
Aug 10 23:50:43 3dr_controller local1.info +782 tlm: dn:298 (1,1)3904/3 (10,0)10/0 up:61
Aug 10 23:50:53 3dr_controller local1.info +765 tlm: dn:338 (1,1)4521/1 (10,0)10/0 up:59
Aug 10 23:51:03 3dr_controller local1.info +775 tlm: dn:326 (1,1)4308/5 (10,0)10/0 up:60
Aug 10 23:51:13 3dr_controller local1.info +764 tlm: dn:319 (1,1)4235/5 (10,0)10/0 up:60
Aug 10 23:51:23 3dr_controller local1.info +812 tlm: dn:311 (1,1)4155/3 (10,0)10/0 up:61
Aug 10 23:51:33 3dr_controller local1.info +788 tlm: dn:323 (1,1)4298/2 (10,0)10/0 up:59
Aug 10 23:51:43 3dr_controller local1.info +768 tlm: dn:330 (1,1)4421/9 (10,0)10/0 up:60
Aug 10 23:51:50 3dr_controller local1.info +297 tlm: gps time 1976-09-23 11:18:32,659
Sep 23 11:18:32 3dr_controller local1.info +658 tlm: system time set from gps time
Sep 23 11:18:36 3dr_controller local1.info +140 tlm: dn:321 (1,1)4228/10 (10,0)10/0 (62,140)1/0 up:59
Sep 23 11:18:46 3dr_controller local1.info +141 tlm: dn:303 (1,1)3974/11 (10,0)10/0 up:61
Sep 23 11:18:56 3dr_controller local1.info +126 tlm: dn:322 (1,1)4235/15 (10,0)10/0 up:59
Sep 23 11:19:06 3dr_controller local1.info +134 tlm: dn:328 (1,1)4335/13 (10,0)10/0 up:59
Sep 23 11:19:16 3dr_controller local1.info +143 tlm: dn:341 (1,1)4537/8 (10,0)10/0 (18,38)1/0 (137,69)1/0 up:60
Sep 23 11:19:26 3dr_controller local1.info +142 tlm: dn:286 (1,1)3717/6 (10,0)10/0 up:60
Sep 23 11:19:36 3dr_controller local1.info +126 tlm: dn:326 (1,1)4313/4 (10,0)10/0 up:59
Sep 23 11:19:46 3dr_controller local1.info +127 tlm: dn:324 (1,1)4337/4 (10,0)10/0 up:61
Sep 23 11:19:56 3dr_controller local1.info +143 tlm: dn:331 (1,1)4375/7 (10,0)10/0 up:59
Sep 23 11:20:06 3dr_controller local1.info +126 tlm: dn:345 (1,1)4596/7 (10,0)10/0 up:60
Sep 23 11:20:16 3dr_controller local1.info +141 tlm: dn:326 (1,1)4328/6 (10,0)10/0 up:59
Sep 23 11:20:26 3dr_controller local1.info +134 tlm: dn:315 (1,1)4180/2 (10,0)10/0 up:62
Sep 23 11:20:36 3dr_controller local1.info +137 tlm: dn:301 (1,1)3931/9 (10,0)10/0 up:59
Sep 23 11:20:46 3dr_controller local1.info +129 tlm: dn:326 (1,1)4302/5 (10,0)10/0 up:60
Sep 23 11:20:56 3dr_controller local1.info +126 tlm: dn:311 (1,1)4126/5 (10,0)10/0 up:61
Sep 23 11:21:06 3dr_controller local1.info +135 tlm: dn:325 (1,1)4305/6 (10,0)10/0 up:60
Sep 23 11:21:16 3dr_controller local1.info +156 tlm: dn:303 (1,1)3940/4 (10,0)10/0 up:60
Sep 23 11:21:26 3dr_controller local1.info +149 tlm: dn:313 (1,1)4149/3 (10,0)10/0 up:59
Sep 23 11:21:36 3dr_controller local1.info +147 tlm: dn:296 (0,0)1/0 (1,1)3840/4 (10,0)10/0 (60,77)1/0 up:61
Sep 23 11:21:46 3dr_controller local1.info +123 tlm: dn:326 (1,1)4342/5 (10,0)10/0 up:59
Sep 23 11:21:56 3dr_controller local1.info +124 tlm: dn:331 (1,1)4418/7 (10,0)10/0 up:60
Sep 23 11:22:06 3dr_controller local1.info +135 tlm: dn:324 (1,1)4284/4 (10,0)10/0 up:59
Sep 23 11:22:16 3dr_controller local1.info +146 tlm: dn:333 (1,1)4449/3 (10,0)10/0 up:59
Sep 23 11:22:26 3dr_controller local1.info +125 tlm: dn:292 (1,1)3832/4 (10,0)10/0 up:58
Sep 23 11:22:36 3dr_controller local1.info +128 tlm: dn:318 (1,1)4219/2 (10,0)10/0 up:59
Sep 23 11:22:46 3dr_controller local1.info +130 tlm: dn:341 (1,1)4570/5 (10,0)10/0 up:59
Sep 23 11:22:56 3dr_controller local1.info +156 tlm: dn:330 (1,1)4382/6 (10,0)10/0 up:60
Sep 23 11:23:06 3dr_controller local1.info +125 tlm: dn:317 (0,162)1/0 (1,1)4208/9 (10,0)10/0 up:60
Sep 23 11:23:16 3dr_controller local1.info +196 tlm: dn:323 (1,1)4282/8 (10,0)10/0 up:58
Sep 23 11:23:26 3dr_controller local1.info +222 tlm: dn:327 (1,1)4327/10 (10,0)10/0 up:59
Sep 23 11:23:36 3dr_controller local1.info +134 tlm: dn:328 (1,1)4346/14 (10,0)10/0 up:60
Sep 23 11:23:46 3dr_controller local1.info +132 tlm: dn:325 (1,1)4301/11 (10,0)10/0 up:59
Sep 23 11:23:56 3dr_controller local1.info +150 tlm: dn:317 (1,1)4187/12 (10,0)10/0 (209,254)1/0 up:60
Sep 23 11:24:06 3dr_controller local1.info +162 tlm: dn:336 (1,1)4479/8 (10,0)10/0 up:59
Sep 23 11:24:16 3dr_controller local1.info +123 tlm: dn:329 (1,1)4346/6 (10,0)10/0 up:60
Sep 23 11:24:26 3dr_controller local1.info +193 tlm: dn:328 (1,1)4372/4 (10,0)10/0 up:60
Sep 23 11:24:36 3dr_controller local1.info +152 tlm: dn:325 (1,1)4301/6 (10,0)10/0 (206,1)1/0 up:59
Sep 23 11:24:46 3dr_controller local1.info +131 tlm: dn:317 (1,1)4191/8 (10,0)10/0 up:60
Sep 23 11:24:56 3dr_controller local1.info +134 tlm: dn:342 (1,1)4593/2 (10,0)10/0 up:59
Sep 23 11:25:06 3dr_controller local1.info +146 tlm: dn:326 (1,1)4303/7 (10,0)10/0 up:60
Sep 23 11:25:16 3dr_controller local1.info +137 tlm: dn:323 (1,1)4251/9 (10,0)10/0 up:59
Sep 23 11:25:26 3dr_controller local1.info +126 tlm: dn:345 (1,1)4594/7 (10,0)10/0 up:60
Sep 23 11:25:36 3dr_controller local1.info +147 tlm: dn:339 (1,1)4529/4 (10,0)10/0 up:58
Sep 23 11:25:46 3dr_controller local1.info +147 tlm: dn:311 (1,1)4099/4 (10,0)10/0 up:61
Sep 23 11:25:56 3dr_controller local1.info +128 tlm: dn:297 (1,1)3893/4 (10,0)10/0 up:61
Sep 23 11:26:06 3dr_controller local1.info +190 tlm: dn:321 (1,1)4249/6 (10,0)10/0 up:59
Sep 23 11:26:16 3dr_controller local1.info +133 tlm: dn:324 (1,1)4288/3 (10,0)10/0 up:59
Sep 23 11:26:26 3dr_controller local1.info +125 tlm: dn:342 (1,1)4575/5 (10,0)10/0 up:60
Sep 23 11:26:36 3dr_controller local1.info +128 tlm: dn:340 (1,1)4543/4 (10,0)10/0 up:59
Sep 23 11:26:46 3dr_controller local1.info +185 tlm: dn:333 (1,1)4448/7 (10,0)10/0 up:59
Sep 23 11:26:56 3dr_controller local1.info +129 tlm: dn:344 (1,1)4607/5 (10,0)10/0 up:59
Sep 23 11:27:06 3dr_controller local1.info +142 tlm: dn:299 (1,1)3923/11 (10,0)10/0 (20,142)1/0 up:61
Sep 23 11:27:16 3dr_controller local1.info +146 tlm: dn:301 (1,1)3932/12 (10,0)10/0 up:59
Sep 23 11:27:26 3dr_controller local1.info +133 tlm: dn:329 (1,1)4377/8 (10,0)9/0 (31,142)1/0 up:59
Sep 23 11:27:36 3dr_controller local1.info +141 tlm: dn:315 (1,1)4164/2 (10,0)11/0 up:61
Sep 23 11:27:46 3dr_controller local1.info +134 tlm: dn:300 (1,1)3903/9 (10,0)10/0 (19,30)1/0 up:60
Sep 23 11:27:56 3dr_controller local1.info +135 tlm: dn:337 (1,1)4470/9 (10,0)10/0 up:60
Sep 23 11:28:06 3dr_controller local1.info +133 tlm: dn:322 (1,1)4270/11 (10,0)10/0 up:57
Sep 23 11:28:16 3dr_controller local1.info +147 tlm: dn:323 (1,1)4269/7 (10,0)10/0 up:60
Sep 23 11:28:26 3dr_controller local1.info +124 tlm: dn:313 (1,1)4148/7 (10,0)10/0 up:59
Sep 23 11:28:36 3dr_controller local1.info +126 tlm: dn:342 (1,1)4576/4 (10,0)10/0 up:59
Sep 23 11:28:46 3dr_controller local1.info +144 tlm: dn:315 (1,1)4167/4 (10,0)10/0 up:59
Sep 23 11:28:56 3dr_controller local1.info +144 tlm: dn:294 (1,1)3834/7 (10,0)10/0 up:61
Sep 23 11:29:06 3dr_controller local1.info +130 tlm: dn:321 (1,1)4245/4 (10,0)10/0 up:59
Sep 23 11:29:16 3dr_controller local1.info +124 tlm: dn:323 (1,1)4283/4 (10,0)10/0 up:60
Sep 23 11:29:26 3dr_controller local1.info +147 tlm: dn:334 (1,1)4446/9 (1,254)1/0 (10,0)10/0 up:59
Sep 23 11:29:36 3dr_controller local1.info +142 tlm: dn:339 (1,1)4538/8 (10,0)10/0 up:58
Sep 23 11:29:46 3dr_controller local1.info +126 tlm: dn:320 (1,1)4271/4 (10,0)10/0 up:60
Sep 23 11:29:56 3dr_controller local1.info +157 tlm: dn:337 (1,1)4484/7 (10,0)10/0 up:60
Sep 23 11:30:06 3dr_controller local1.info +127 tlm: dn:312 (1,1)4068/11 (10,0)10/0 up:59
Sep 23 11:30:16 3dr_controller local1.info +128 tlm: dn:322 (1,1)4259/7 (10,0)10/0 up:59
Sep 23 11:30:26 3dr_controller local1.info +150 tlm: dn:319 (1,1)4224/4 (10,0)10/0 up:60
Sep 23 11:30:36 3dr_controller local1.info +149 tlm: dn:294 (1,1)3852/7 (10,0)10/0 up:60
Sep 23 11:30:46 3dr_controller local1.info +139 tlm: dn:323 (1,1)4258/9 (10,0)10/0 up:59
Sep 23 11:30:56 3dr_controller local1.info +129 tlm: dn:328 (1,1)4342/15 (10,0)10/0 up:60
Sep 23 11:31:06 3dr_controller local1.info +150 tlm: dn:324 (1,1)4290/11 (10,0)10/0 up:59
Sep 23 11:31:16 3dr_controller local1.info +152 tlm: dn:318 (1,1)4225/7 (10,0)10/0 up:59
Sep 23 11:31:26 3dr_controller local1.info +143 tlm: dn:340 (1,1)4536/7 (10,0)10/0 up:60
Sep 23 11:31:36 3dr_controller local1.info +138 tlm: dn:340 (1,1)4546/6 (10,0)10/0 up:59
Sep 23 11:31:46 3dr_controller local1.info +141 tlm: dn:304 (1,1)3995/10 (10,0)10/0 (13,125)1/0 (146,109)1/0 up:59
Sep 23 11:31:56 3dr_controller local1.info +127 tlm: dn:326 (1,1)4314/13 (10,0)10/0 up:59
Sep 23 11:32:06 3dr_controller local1.info +160 tlm: dn:323 (1,1)4318/12 (10,0)10/0 up:60
Sep 23 11:32:16 3dr_controller local1.info +123 tlm: dn:297 (1,1)3883/6 (10,0)10/0 up:60
Sep 23 11:32:26 3dr_controller local1.info +136 tlm: dn:304 (1,1)4010/3 (10,0)10/0 up:60
Sep 23 11:32:36 3dr_controller local1.info +142 tlm: dn:318 (1,1)4239/6 (10,0)10/0 up:60
Sep 23 11:32:46 3dr_controller local1.info +128 tlm: dn:337 (1,1)4485/5 (10,0)10/0 up:57
Sep 23 11:32:56 3dr_controller local1.info +155 tlm: dn:300 (1,1)3907/3 (10,0)10/0 (69,1)1/0 up:60
Sep 23 11:33:06 3dr_controller local1.info +128 tlm: dn:316 (1,1)4211/8 (10,0)10/0 up:60
Sep 23 11:33:16 3dr_controller local1.info +126 tlm: dn:339 (1,1)4495/11 (1,254)1/0 (10,0)10/0 up:58
Sep 23 11:33:26 3dr_controller local1.info +169 tlm: dn:329 (1,1)4395/4 (10,0)10/0 up:59
Sep 23 11:33:36 3dr_controller local1.info +131 tlm: dn:314 (1,1)4162/6 (10,0)10/0 up:60
Sep 23 11:33:46 3dr_controller local1.info +205 tlm: dn:329 (1,1)4384/7 (10,0)10/0 up:60
Sep 23 11:33:56 3dr_controller local1.info +143 tlm: dn:335 (1,1)4486/6 (10,0)10/0 up:60
Sep 23 11:34:06 3dr_controller local1.info +149 tlm: dn:316 (1,1)4205/1 (10,0)10/0 (119,1)1/0 up:61
Sep 23 11:34:16 3dr_controller local1.info +125 tlm: dn:319 (1,1)4194/6 (10,0)10/0 (69,1)1/0 up:59
Sep 23 11:34:26 3dr_controller local1.info +153 tlm: dn:318 (1,1)4191/6 (10,0)10/0 up:60
Sep 23 11:34:36 3dr_controller local1.info +140 tlm: dn:348 (1,1)4648/10 (10,0)9/0 (14,72)1/0 up:60
Sep 23 11:34:46 3dr_controller local1.info +127 tlm: dn:312 (1,1)4079/10 (10,0)11/0 up:60
Sep 23 11:34:56 3dr_controller local1.info +145 tlm: dn:321 (1,1)4268/6 (10,0)10/0 up:59
Sep 23 11:35:06 3dr_controller local1.info +163 tlm: dn:362 (0,163)1/0 (1,1)4569/5 (10,0)10/0 (10,236)1/0 (59,32)1/0 up:2317
Sep 23 11:35:16 3dr_controller local1.info +139 tlm: dn:343 (1,1)4587/6 (10,0)10/0 up:59
Sep 23 11:35:26 3dr_controller local1.info +144 tlm: dn:335 (1,1)4476/6 (10,0)10/0 up:59
Sep 23 11:35:36 3dr_controller local1.info +153 tlm: dn:314 (1,1)4096/7 (10,0)10/0 (254,14)1/0 up:60
Sep 23 11:35:46 3dr_controller local1.info +132 tlm: dn:346 (1,1)4622/3 (10,0)10/0 up:59
Sep 23 11:35:56 3dr_controller local1.info +144 tlm: dn:326 (1,1)4324/5 (10,0)10/0 up:60
Sep 23 11:36:06 3dr_controller local1.info +136 tlm: dn:281 (1,1)3670/4 (10,0)10/0 up:60
Sep 23 11:36:16 3dr_controller local1.info +157 tlm: dn:316 (1,1)4185/2 (10,0)10/0 up:59
Sep 23 11:36:26 3dr_controller local1.info +144 tlm: dn:341 (1,1)4555/4 (10,0)10/0 up:59
Sep 23 11:36:36 3dr_controller local1.info +141 tlm: dn:325 (1,1)4298/9 (10,0)10/0 up:60
Sep 23 11:36:46 3dr_controller local1.info +133 tlm: dn:328 (1,1)4349/11 (10,0)10/0 up:59
Sep 23 11:36:56 3dr_controller local1.info +132 tlm: dn:340 (1,1)4552/14 (10,0)10/0 up:59
Sep 23 11:37:06 3dr_controller local1.info +126 tlm: dn:286 (1,1)3734/9 (10,0)10/0 up:61
Sep 23 11:37:16 3dr_controller local1.info +124 tlm: dn:341 (1,1)4536/13 (10,0)10/0 (14,5)1/0 up:59
Sep 23 11:37:26 3dr_controller local1.info +134 tlm: dn:327 (1,1)4314/5 (10,0)10/0 up:60
Sep 23 11:37:36 3dr_controller local1.info +141 tlm: dn:324 (1,1)4291/9 (10,0)10/0 (187,99)1/0 up:60
Sep 23 11:37:46 3dr_controller local1.info +125 tlm: dn:308 (1,1)4061/3 (10,0)10/0 up:60
Sep 23 11:37:56 3dr_controller local1.info +138 tlm: dn:306 (1,1)4050/1 (10,0)10/0 up:60
Sep 23 11:38:06 3dr_controller local1.info +126 tlm: dn:342 (1,1)4597/4 (10,0)10/0 up:59
Sep 23 11:38:16 3dr_controller local1.info +140 tlm: dn:352 (1,1)4688/10 (10,0)10/0 up:60
Sep 23 11:38:26 3dr_controller local1.info +135 tlm: dn:322 (1,1)4270/11 (10,0)10/0 (14,132)1/0 up:59
Sep 23 11:38:36 3dr_controller local1.info +142 tlm: dn:328 (1,1)4296/8 (10,0)10/0 up:59
Sep 23 11:38:46 3dr_controller local1.info +140 tlm: dn:321 (1,1)4243/6 (10,0)10/0 up:61
Sep 23 11:38:56 3dr_controller local1.info +153 tlm: dn:335 (0,18)1/0 (1,1)4458/6 (10,0)9/0 (38,254)1/0 (39,254)1/0 (79,254)1/0 (225,1)1/0 up:61
Sep 23 11:39:06 3dr_controller local1.info +146 tlm: dn:327 (1,1)4354/6 (10,0)11/0 up:59
Sep 23 11:39:16 3dr_controller local1.info +132 tlm: dn:343 (1,1)4525/13 (10,0)10/0 up:614
Sep 23 11:39:26 3dr_controller local1.info +194 tlm: dn:268 (1,1)3430/2 (10,0)10/0 up:164
Sep 23 11:39:36 3dr_controller local1.info +128 tlm: dn:294 (1,1)3870/3 (10,0)10/0 (31,34)1/0 up:62
Sep 23 11:39:46 3dr_controller local1.info +152 tlm: dn:317 (1,1)4173/5 (10,0)10/0 up:301
Sep 23 11:39:56 3dr_controller local1.info +123 tlm: dn:345 (1,1)4607/6 (10,0)10/0 up:360
Sep 23 11:40:06 3dr_controller local1.info +123 tlm: dn:317 (1,1)4142/9 (10,0)10/0 up:353
Sep 23 11:40:16 3dr_controller local1.info +131 tlm: dn:312 (1,1)4116/4 (10,0)10/0 up:60
Sep 23 11:40:26 3dr_controller local1.info +225 tlm: dn:341 (1,1)4531/7 (10,0)10/0 up:58
Sep 23 11:40:36 3dr_controller local1.info +188 tlm: dn:325 (1,1)4326/9 (10,0)10/0 (172,1)1/0 up:59
Sep 23 11:40:46 3dr_controller local1.info +128 tlm: dn:323 (1,1)4296/5 (10,0)10/0 up:60
Sep 23 11:40:56 3dr_controller local1.info +125 tlm: dn:337 (0,189)1/0 (0,232)1/0 (1,1)4471/8 (10,0)10/0 (51,254)1/0 (135,1)1/0 up:266
Sep 23 11:41:06 3dr_controller local1.info +146 tlm: dn:320 (1,1)4270/1 (10,0)10/0 up:59
Sep 23 11:41:16 3dr_controller local1.info +126 tlm: dn:332 (1,1)4403/4 (10,0)10/0 up:60
Sep 23 11:41:26 3dr_controller local1.info +153 tlm: dn:326 (1,1)4314/6 (10,0)10/0 up:518
Sep 23 11:41:36 3dr_controller local1.info +152 tlm: dn:277 (1,1)3489/9 (10,0)10/0 up:188
Sep 23 11:41:46 3dr_controller local1.info +126 tlm: dn:331 (1,1)4401/16 (10,0)9/0 (68,51)1/0 up:59
Sep 23 11:41:56 3dr_controller local1.info +142 tlm: dn:320 (1,1)4226/6 (1,254)1/0 (10,0)11/0 up:789
Sep 23 11:42:06 3dr_controller local1.info +143 tlm: dn:322 (1,1)4235/9 (10,0)10/0 up:61
Sep 23 11:42:16 3dr_controller local1.info +156 tlm: dn:325 (1,1)4320/3 (10,0)10/0 up:59
Sep 23 11:42:26 3dr_controller local1.info +133 tlm: dn:312 (1,1)4061/3 (10,0)10/0 up:60
Sep 23 11:42:36 3dr_controller local1.info +123 tlm: dn:325 (1,1)4287/3 (10,0)10/0 (68,51)1/0 up:60
Sep 23 11:42:46 3dr_controller local1.info +144 tlm: dn:347 (1,1)4655/3 (10,0)10/0 up:58
Sep 23 11:42:56 3dr_controller local1.info +137 tlm: dn:320 (1,1)4251/5 (10,0)10/0 up:60
Sep 23 11:43:06 3dr_controller local1.info +125 tlm: dn:319 (1,1)4241/6 (10,0)10/0 up:60
Sep 23 11:43:16 3dr_controller local1.info +154 tlm: dn:340 (1,1)4471/5 (10,0)10/0 (14,158)1/0 up:378
Sep 23 11:43:26 3dr_controller local1.info +132 tlm: dn:294 (1,1)3614/7 (10,0)10/0 up:2106
Sep 23 11:43:36 3dr_controller local1.info +127 tlm: dn:351 (1,1)4681/6 (10,0)9/0 up:184
Sep 23 11:43:46 3dr_controller local1.info +134 tlm: dn:329 (1,1)4376/3 (10,0)11/0 up:59
Sep 23 11:43:56 3dr_controller local1.info +129 tlm: dn:338 (1,1)4511/4 (10,0)10/0 up:59
Sep 23 11:44:06 3dr_controller local1.info +138 tlm: dn:335 (1,1)4459/8 (10,0)9/0 up:58
Sep 23 11:44:16 3dr_controller local1.info +127 tlm: dn:343 (1,1)4556/12 (10,0)11/0 (14,143)1/0 (14,153)1/0 up:60
Sep 23 11:44:26 3dr_controller local1.info +138 tlm: dn:300 (1,1)3899/6 (10,0)10/0 up:59
Sep 23 11:44:36 3dr_controller local1.info +193 tlm: dn:324 (1,1)4256/3 (10,0)10/0 up:60
Sep 23 11:44:46 3dr_controller local1.info +129 tlm: dn:339 (1,1)4509/5 (10,0)10/0 up:58
Sep 23 11:44:56 3dr_controller local1.info +138 tlm: dn:327 (1,1)4333/3 (10,0)10/0 up:60
Sep 23 11:45:06 3dr_controller local1.info +137 tlm: dn:342 (1,1)4563/5 (10,0)10/0 up:59
Sep 23 11:45:16 3dr_controller local1.info +123 tlm: dn:326 (1,1)4325/7 (10,0)10/0 up:59
Sep 23 11:45:26 3dr_controller local1.info +133 tlm: dn:324 (1,1)4310/8 (10,0)10/0 up:60
Sep 23 11:45:36 3dr_controller local1.info +132 tlm: dn:339 (1,1)4497/3 (10,0)10/0 (57,1)1/0 (254,14)1/0 up:60
Sep 23 11:45:46 3dr_controller local1.info +132 tlm: dn:352 (1,1)4695/9 (10,0)10/0 up:58
Sep 23 11:45:56 3dr_controller local1.info +131 tlm: dn:304 (1,1)4003/7 (10,0)10/0 up:61
Sep 23 11:46:06 3dr_controller local1.info +199 tlm: dn:329 (1,1)4352/10 (10,0)10/0 up:58
Sep 23 11:46:16 3dr_controller local1.info +140 tlm: dn:301 (1,1)3930/2 (10,0)10/0 up:61
Sep 23 11:46:26 3dr_controller local1.info +138 tlm: dn:321 (1,1)4255/4 (10,0)10/0 up:59
Sep 23 11:46:36 3dr_controller local1.info +131 tlm: dn:324 (1,1)4295/4 (10,0)10/0 up:60
Sep 23 11:46:46 3dr_controller local1.info +136 tlm: dn:320 (1,1)4264/4 (10,0)10/0 up:60
Sep 23 11:46:56 3dr_controller local1.info +132 tlm: dn:344 (1,1)4562/3 (10,0)10/0 (254,14)1/0 up:365
Sep 23 11:47:06 3dr_controller local1.info +220 tlm: dn:316 (1,1)4170/3 (10,0)10/0 up:59
Sep 23 11:47:16 3dr_controller local1.info +143 tlm: dn:316 (1,1)4150/8 (10,0)10/0 up:61
Sep 23 11:47:26 3dr_controller local1.info +142 tlm: dn:318 (1,1)4223/10 (10,0)10/0 (254,4)1/0 up:61
Sep 23 11:47:36 3dr_controller local1.info +129 tlm: dn:340 (1,1)4509/17 (10,0)10/0 up:59
Sep 23 11:47:46 3dr_controller local1.info +128 tlm: dn:302 (1,1)3935/14 (10,0)10/0 (68,133)1/0 up:59
Sep 23 11:47:56 3dr_controller local1.info +166 tlm: dn:329 (1,1)4362/10 (10,0)10/0 up:60
Sep 23 11:48:06 3dr_controller local1.info +149 tlm: dn:327 (1,1)4325/7 (10,0)10/0 (54,1)1/0 up:60
Sep 23 11:48:16 3dr_controller local1.info +126 tlm: dn:309 (1,1)4092/6 (10,0)10/0 up:61
Sep 23 11:48:26 3dr_controller local1.info +179 tlm: dn:346 (1,1)4591/5 (10,0)10/0 up:60
Sep 23 11:48:36 3dr_controller local1.info +129 tlm: dn:313 (1,1)4143/4 (10,0)10/0 up:60
Sep 23 11:48:46 3dr_controller local1.info +141 tlm: dn:341 (1,1)4546/4 (10,0)9/0 up:60
Sep 23 11:48:56 3dr_controller local1.info +141 tlm: dn:328 (1,1)4350/4 (10,0)11/0 up:59
Sep 23 11:49:06 3dr_controller local1.info +139 tlm: dn:339 (1,1)4539/6 (10,0)10/0 up:58
Sep 23 11:49:16 3dr_controller local1.info +182 tlm: dn:321 (1,1)4244/3 (10,0)10/0 up:62
Sep 23 11:49:26 3dr_controller local1.info +123 tlm: dn:272 (1,1)3476/3 (10,0)10/0 up:430
Sep 23 11:49:36 3dr_controller local1.info +163 tlm: dn:355 (1,1)4713/8 (1,254)1/0 (10,0)10/0 (254,97)1/0 up:635
Sep 23 11:49:46 3dr_controller local1.info +137 tlm: dn:319 (1,1)4229/4 (10,0)10/0 up:60
Sep 23 11:49:56 3dr_controller local1.info +125 tlm: dn:301 (1,1)3945/9 (10,0)10/0 (14,154)1/0 up:60
Sep 23 11:50:06 3dr_controller local1.info +127 tlm: dn:332 (1,1)4429/6 (10,0)10/0 up:60
Sep 23 11:50:16 3dr_controller local1.info +125 tlm: dn:357 (1,1)4799/4 (10,0)10/0 up:58
Sep 23 11:50:26 3dr_controller local1.info +160 tlm: dn:296 (1,1)3883/8 (10,0)10/0 up:62
Sep 23 11:50:36 3dr_controller local1.info +139 tlm: dn:275 (1,1)3579/5 (10,0)10/0 up:62
Sep 23 11:50:46 3dr_controller local1.info +128 tlm: dn:343 (1,1)4574/11 (10,0)10/0 up:58
Sep 23 11:50:56 3dr_controller local1.info +136 tlm: dn:322 (1,1)4260/4 (10,0)10/0 up:60
Sep 23 11:51:06 3dr_controller local1.info +195 tlm: dn:296 (1,1)3829/5 (10,0)10/0 up:376
Sep 23 11:51:16 3dr_controller local1.info +143 tlm: dn:313 (1,1)4116/5 (10,0)10/0 up:59
Sep 23 11:51:26 3dr_controller local1.info +185 tlm: dn:344 (1,1)4587/4 (10,0)10/0 up:60
Sep 23 11:51:36 3dr_controller local1.info +222 tlm: dn:329 (1,1)4356/5 (10,0)10/0 up:59
Sep 23 11:51:46 3dr_controller local1.info +126 tlm: dn:313 (1,1)4121/3 (1,254)1/0 (10,0)10/0 up:60
Sep 23 11:51:56 3dr_controller local1.info +139 tlm: dn:289 (1,1)3748/6 (10,0)10/0 (14,137)1/0 up:61
Sep 23 11:52:06 3dr_controller local1.info +144 tlm: dn:340 (1,1)4539/13 (10,0)10/0 up:58
Sep 23 11:52:16 3dr_controller local1.info +138 tlm: dn:340 (1,1)4527/10 (10,0)10/0 up:60
Sep 23 11:52:26 3dr_controller local1.info +132 tlm: dn:311 (1,1)4092/8 (10,0)10/0 (58,1)1/0 up:60
Sep 23 11:52:36 3dr_controller local1.info +129 tlm: dn:315 (1,1)4171/9 (10,0)10/0 up:60
Sep 23 11:52:46 3dr_controller local1.info +152 tlm: dn:343 (1,1)4577/6 (10,0)10/0 (137,1)1/0 up:58
Sep 23 11:52:56 3dr_controller local1.info +140 tlm: dn:305 (1,1)4003/8 (10,0)10/0 up:61
Sep 23 11:53:06 3dr_controller local1.info +129 tlm: dn:306 (1,1)4002/6 (10,0)10/0 up:60
Sep 23 11:53:16 3dr_controller local1.info +130 tlm: dn:345 (1,1)4586/8 (10,0)10/0 up:58
Sep 23 11:53:26 3dr_controller local1.info +133 tlm: dn:327 (1,1)4352/3 (10,0)10/0 up:60
Sep 23 11:53:36 3dr_controller local1.info +139 tlm: dn:318 (1,1)4210/3 (10,0)10/0 up:60
Sep 23 11:53:46 3dr_controller local1.info +147 tlm: dn:310 (1,1)4079/6 (10,0)10/0 up:59
Sep 23 11:53:56 3dr_controller local1.info +144 tlm: dn:335 (1,1)4475/5 (10,0)10/0 up:60
Sep 23 11:54:06 3dr_controller local1.info +145 tlm: dn:325 (1,1)4337/5 (10,0)10/0 up:60
Sep 23 11:54:16 3dr_controller local1.info +140 tlm: dn:316 (1,1)4178/5 (10,0)10/0 (14,142)1/0 up:58
Sep 23 11:54:26 3dr_controller local1.info +145 tlm: dn:303 (1,1)3995/5 (10,0)10/0 up:62
Sep 23 11:54:36 3dr_controller local1.info +125 tlm: dn:327 (1,1)4341/3 (10,0)10/0 up:60
Sep 23 11:54:46 3dr_controller local1.info +124 tlm: dn:290 (1,1)3796/6 (10,0)10/0 up:60
Sep 23 11:54:56 3dr_controller local1.info +195 tlm: dn:324 (1,1)4312/9 (10,0)10/0 up:59
Sep 23 11:55:06 3dr_controller local1.info +127 tlm: dn:339 (1,1)4509/7 (10,0)10/0 up:59
Sep 23 11:55:16 3dr_controller local1.info +148 tlm: dn:316 (1,1)4192/10 (10,0)10/0 up:60
Sep 23 11:55:26 3dr_controller local1.info +176 tlm: dn:322 (1,1)4274/9 (10,0)10/0 up:59
Sep 23 11:55:36 3dr_controller local1.info +132 tlm: dn:317 (1,1)4177/10 (10,0)10/0 (251,156)1/0 up:60
Sep 23 11:55:46 3dr_controller local1.info +202 tlm: dn:338 (1,1)4520/4 (10,0)10/0 up:59
Sep 23 11:55:56 3dr_controller local1.info +203 tlm: dn:327 (1,1)4345/6 (10,0)10/0 up:60
Sep 23 11:56:06 3dr_controller local1.info +123 tlm: dn:318 (1,1)4208/6 (10,0)10/0 up:59
Sep 23 11:56:16 3dr_controller local1.info +130 tlm: dn:336 (1,1)4493/5 (10,0)10/0 (31,208)1/0 up:60
Sep 23 11:56:26 3dr_controller local1.info +132 tlm: dn:320 (1,1)4233/5 (10,0)10/0 up:60
Sep 23 11:56:36 3dr_controller local1.info +129 tlm: dn:326 (1,1)4290/11 (10,0)10/0 (98,1)1/0 up:59
Sep 23 11:56:46 3dr_controller local1.info +135 tlm: dn:328 (1,1)4375/7 (10,0)10/0 up:60
Sep 23 11:56:56 3dr_controller local1.info +134 tlm: dn:336 (1,1)4501/3 (10,0)10/0 up:60
Sep 23 11:57:06 3dr_controller local1.info +127 tlm: dn:322 (1,1)4286/8 (10,0)9/0 up:60
Sep 23 11:57:16 3dr_controller local1.info +127 tlm: dn:324 (1,1)4282/5 (10,0)11/0 up:59
Sep 23 11:57:26 3dr_controller local1.info +221 tlm: dn:333 (1,1)4424/2 (10,0)10/0 up:59
Sep 23 11:57:36 3dr_controller local1.info +126 tlm: dn:318 (1,1)4204/6 (10,0)10/0 up:61
Sep 23 11:57:46 3dr_controller local1.info +148 tlm: dn:302 (1,1)3981/2 (10,0)10/0 up:61
Sep 23 11:57:56 3dr_controller local1.info +137 tlm: dn:326 (1,1)4303/6 (10,0)10/0 up:59
Sep 23 11:58:06 3dr_controller local1.info +129 tlm: dn:323 (1,1)4293/1 (10,0)9/0 up:60
Sep 23 11:58:16 3dr_controller local1.info +162 tlm: dn:325 (1,1)4332/5 (10,0)10/0 up:60
Sep 23 11:58:26 3dr_controller local1.info +144 tlm: dn:327 (1,1)4110/8 (10,0)11/0 up:1286
Sep 23 11:58:36 3dr_controller local1.info +217 tlm: dn:328 (1,1)4357/3 (10,0)10/0 up:61
Sep 23 11:58:46 3dr_controller local1.info +123 tlm: dn:316 (1,1)4218/4 (10,0)10/0 up:60
Sep 23 11:58:56 3dr_controller local1.info +128 tlm: dn:315 (1,1)4167/8 (10,0)10/0 up:60
Sep 23 11:59:06 3dr_controller local1.info +177 tlm: dn:344 (1,1)4591/12 (10,0)10/0 up:58
Sep 23 11:59:16 3dr_controller local1.info +198 tlm: dn:319 (1,1)4217/7 (10,0)10/0 up:61
Sep 23 11:59:26 3dr_controller local1.info +165 tlm: dn:297 (1,1)3872/8 (10,0)10/0 up:62
Sep 23 11:59:36 3dr_controller local1.info +142 tlm: dn:329 (1,1)4371/3 (10,0)10/0 up:59
Sep 23 11:59:46 3dr_controller local1.info +215 tlm: dn:338 (1,1)4515/12 (10,0)10/0 up:60
Sep 23 11:59:56 3dr_controller local1.info +138 tlm: dn:342 (1,1)4587/4 (10,0)10/0 up:59
Sep 23 12:00:06 3dr_controller local1.info +154 tlm: dn:324 (1,1)4297/9 (10,0)10/0 (138,1)1/0 up:59
Sep 23 12:00:16 3dr_controller local1.info +127 tlm: dn:317 (1,1)4192/14 (10,0)10/0 (68,153)1/0 up:60
Sep 23 12:00:26 3dr_controller local1.info +125 tlm: dn:344 (1,1)4573/15 (1,254)1/0 (10,0)10/0 up:60
Sep 23 12:00:36 3dr_controller local1.info +135 tlm: dn:320 (1,1)4218/12 (10,0)10/0 (68,153)1/0 up:59
Sep 23 12:00:46 3dr_controller local1.info +132 tlm: dn:340 (1,1)4546/15 (10,0)10/0 up:59
Sep 23 12:00:56 3dr_controller local1.info +124 tlm: dn:332 (1,1)4421/11 (10,0)10/0 up:59
Sep 23 12:01:06 3dr_controller local1.info +127 tlm: dn:347 (1,1)4670/7 (10,0)10/0 up:59
Sep 23 12:01:16 3dr_controller local1.info +133 tlm: dn:326 (1,1)4344/8 (10,0)10/0 up:60
Sep 23 12:01:26 3dr_controller local1.info +131 tlm: dn:347 (1,1)4637/15 (10,0)10/0 up:59
Sep 23 12:01:36 3dr_controller local1.info +144 tlm: dn:333 (1,1)4401/11 (10,0)10/0 (175,1)1/0 up:60
Sep 23 12:01:46 3dr_controller local1.info +141 tlm: dn:308 (1,1)4046/6 (10,0)10/0 up:60
Sep 23 12:01:56 3dr_controller local1.info +138 tlm: dn:314 (1,1)4145/5 (10,0)10/0 up:59
Sep 23 12:02:06 3dr_controller local1.info +139 tlm: dn:350 (1,1)4662/4 (10,0)10/0 up:59
Sep 23 12:02:16 3dr_controller local1.info +138 tlm: dn:327 (1,1)4330/2 (10,0)10/0 up:60
Sep 23 12:02:26 3dr_controller local1.info +140 tlm: dn:323 (1,1)4258/4 (10,0)10/0 up:60
Sep 23 12:02:36 3dr_controller local1.info +129 tlm: dn:348 (1,1)4648/7 (10,0)10/0 up:59
Sep 23 12:02:46 3dr_controller local1.info +150 tlm: dn:326 (1,1)4345/2 (10,0)10/0 up:60
Sep 23 12:02:56 3dr_controller local1.info +123 tlm: dn:306 (1,1)3996/4 (10,0)10/0 up:60
Sep 23 12:03:06 3dr_controller local1.info +136 tlm: dn:307 (1,1)4028/4 (10,0)10/0 up:59
Sep 23 12:03:16 3dr_controller local1.info +136 tlm: dn:340 (1,1)4545/3 (10,0)10/0 up:60
Sep 23 12:03:26 3dr_controller local1.info +133 tlm: dn:320 (1,1)4251/3 (10,0)10/0 up:59
Sep 23 12:03:36 3dr_controller local1.info +128 tlm: dn:299 (1,1)3924/4 (10,0)10/0 up:60
Sep 23 12:03:46 3dr_controller local1.info +125 tlm: dn:342 (1,1)4583/11 (10,0)10/0 up:59
Sep 23 12:03:56 3dr_controller local1.info +124 tlm: dn:336 (1,1)4502/13 (10,0)10/0 up:60
Sep 23 12:04:06 3dr_controller local1.info +142 tlm: dn:346 (1,1)4598/13 (10,0)10/0 up:58
Sep 23 12:04:16 3dr_controller local1.info +134 tlm: dn:312 (1,1)4113/10 (10,0)10/0 up:61
Sep 23 12:04:26 3dr_controller local1.info +129 tlm: dn:346 (1,1)4621/10 (10,0)10/0 up:59
Sep 23 12:04:36 3dr_controller local1.info +140 tlm: dn:339 (1,1)4532/4 (10,0)10/0 up:59
Sep 23 12:04:46 3dr_controller local1.info +152 tlm: dn:324 (1,1)4282/4 (10,0)10/0 up:60
Sep 23 12:04:56 3dr_controller local1.info +142 tlm: dn:348 (1,1)4654/5 (10,0)10/0 up:58
Sep 23 12:05:06 3dr_controller local1.info +165 tlm: dn:308 (1,1)4061/3 (10,0)10/0 up:60
Sep 23 12:05:16 3dr_controller local1.info +127 tlm: dn:321 (1,1)4281/5 (10,0)10/0 up:60
Sep 23 12:05:26 3dr_controller local1.info +134 tlm: dn:340 (1,1)4537/4 (10,0)10/0 up:59
Sep 23 12:05:36 3dr_controller local1.info +150 tlm: dn:330 (1,1)4361/10 (10,0)10/0 up:60
Sep 23 12:05:46 3dr_controller local1.info +157 tlm: dn:342 (1,1)4561/12 (10,0)10/0 up:59
Sep 23 12:05:56 3dr_controller local1.info +129 tlm: dn:319 (1,1)4209/7 (10,0)10/0 up:60
Sep 23 12:06:06 3dr_controller local1.info +131 tlm: dn:345 (1,1)4608/8 (10,0)10/0 up:59
Sep 23 12:06:16 3dr_controller local1.info +126 tlm: dn:349 (1,1)4665/3 (10,0)10/0 up:59
Sep 23 12:06:26 3dr_controller local1.info +130 tlm: dn:313 (1,1)4093/6 (10,0)10/0 up:60
Sep 23 12:06:36 3dr_controller local1.info +141 tlm: dn:346 (1,1)4623/3 (10,0)10/0 up:58
Sep 23 12:06:46 3dr_controller local1.info +128 tlm: dn:333 (1,1)4425/3 (10,0)10/0 up:60
Sep 23 12:06:56 3dr_controller local1.info +129 tlm: dn:332 (1,1)4393/1 (10,0)10/0 up:60
Sep 23 12:07:06 3dr_controller local1.info +127 tlm: dn:302 (1,1)3969/6 (10,0)10/0 up:59
Sep 23 12:07:16 3dr_controller local1.info +132 tlm: dn:333 (1,1)4427/14 (10,0)10/0 (232,1)1/0 up:60
Sep 23 12:07:26 3dr_controller local1.info +126 tlm: dn:324 (1,1)4315/8 (10,0)10/0 up:60
Sep 23 12:07:36 3dr_controller local1.info +136 tlm: dn:310 (1,1)4097/4 (10,0)10/0 up:59
Sep 23 12:07:46 3dr_controller local1.info +193 tlm: dn:297 (1,1)3907/7 (10,0)10/0 up:71
Sep 23 12:07:56 3dr_controller local1.info +126 tlm: dn:326 (1,1)4327/9 (10,0)10/0 up:59
Sep 23 12:08:06 3dr_controller local1.info +136 tlm: dn:338 (1,1)4488/9 (10,0)10/0 (14,242)1/0 up:60
Sep 23 12:08:16 3dr_controller local1.info +131 tlm: dn:322 (1,1)4236/6 (2,254)1/0 (10,0)10/0 (55,254)1/0 up:60
Sep 23 12:08:26 3dr_controller local1.info +132 tlm: dn:347 (1,1)4635/4 (10,0)10/0 (14,242)1/0 (92,254)1/0 up:59
Sep 23 12:08:36 3dr_controller local1.info +137 tlm: dn:318 (1,1)4205/6 (10,0)10/0 up:59
Sep 23 12:08:46 3dr_controller local1.info +127 tlm: dn:338 (1,1)4531/2 (10,0)10/0 up:59
Sep 23 12:08:56 3dr_controller local1.info +129 tlm: dn:320 (1,1)4242/3 (10,0)10/0 up:59
Sep 23 12:09:06 3dr_controller local1.info +127 tlm: dn:333 (1,1)4440/1 (10,0)10/0 up:59
Sep 23 12:09:16 3dr_controller local1.info +124 tlm: dn:320 (1,1)4232/4 (10,0)10/0 up:60
Sep 23 12:09:26 3dr_controller local1.info +134 tlm: dn:303 (1,1)3993/4 (10,0)10/0 up:60
Sep 23 12:09:36 3dr_controller local1.info +142 tlm: dn:334 (1,1)4461/4 (1,254)1/0 (10,0)10/0 (14,201)1/0 up:59
Sep 23 12:09:46 3dr_controller local1.info +142 tlm: dn:344 (1,1)4609/5 (10,0)10/0 (254,31)1/0 up:59
Sep 23 12:09:56 3dr_controller local1.info +123 tlm: dn:312 (1,1)4118/10 (10,0)10/0 up:59
Sep 23 12:10:06 3dr_controller local1.info +146 tlm: dn:321 (1,1)4244/8 (10,0)10/0 up:60
Sep 23 12:10:16 3dr_controller local1.info +126 tlm: dn:329 (1,1)4378/12 (10,0)10/0 up:59
Sep 23 12:10:26 3dr_controller local1.info +128 tlm: dn:307 (1,1)4020/10 (10,0)10/0 up:59
Sep 23 12:10:36 3dr_controller local1.info +131 tlm: dn:322 (1,1)4291/13 (10,0)10/0 up:59
Sep 23 12:10:46 3dr_controller local1.info +147 tlm: dn:322 (1,1)4258/7 (10,0)10/0 up:60
Sep 23 12:10:56 3dr_controller local1.info +131 tlm: dn:330 (1,1)4375/9 (6,150)1/0 (10,0)10/0 up:59
Sep 23 12:11:06 3dr_controller local1.info +131 tlm: dn:314 (1,1)4149/2 (10,0)10/0 up:60
Sep 23 12:11:16 3dr_controller local1.info +140 tlm: dn:336 (1,1)4477/6 (10,0)10/0 up:58
Sep 23 12:11:26 3dr_controller local1.info +138 tlm: dn:323 (1,1)4290/7 (10,0)10/0 up:59
Sep 23 12:11:36 3dr_controller local1.info +128 tlm: dn:314 (1,1)4157/4 (10,0)10/0 up:61
Sep 23 12:11:46 3dr_controller local1.info +140 tlm: dn:337 (1,1)4515/4 (10,0)10/0 up:59
Sep 23 12:11:56 3dr_controller local1.info +131 tlm: dn:341 (1,1)4555/3 (10,0)10/0 up:58
Sep 23 12:12:06 3dr_controller local1.info +143 tlm: dn:325 (1,1)4298/9 (10,0)10/0 up:60
Sep 23 12:12:16 3dr_controller local1.info +125 tlm: dn:316 (1,1)4182/9 (10,0)10/0 up:61
Sep 23 12:12:26 3dr_controller local1.info +147 tlm: dn:343 (1,1)4598/9 (10,0)10/0 up:58
Sep 23 12:12:36 3dr_controller local1.info +125 tlm: dn:324 (1,1)4318/4 (10,0)10/0 up:60
Sep 23 12:12:46 3dr_controller local1.info +149 tlm: dn:298 (1,1)3899/5 (10,0)10/0 up:61
Sep 23 12:12:56 3dr_controller local1.info +205 tlm: dn:316 (1,1)4169/1 (10,0)10/0 up:62
Sep 23 12:13:06 3dr_controller local1.info +152 tlm: dn:342 (1,1)4561/2 (10,0)10/0 up:59
Sep 23 12:13:16 3dr_controller local1.info +155 tlm: dn:347 (1,1)4651/10 (10,0)10/0 up:59
Sep 23 12:13:26 3dr_controller local1.info +138 tlm: dn:291 (1,1)3816/3 (10,0)10/0 up:60
Sep 23 12:13:36 3dr_controller local1.info +128 tlm: dn:330 (1,1)4375/7 (10,0)9/0 up:59
Sep 23 12:13:46 3dr_controller local1.info +163 tlm: dn:338 (1,1)4505/12 (10,0)10/0 up:62
Sep 23 12:13:56 3dr_controller local1.info +141 tlm: dn:354 (1,1)4697/12 (10,0)11/0 (126,1)1/0 up:383
Sep 23 12:14:06 3dr_controller local1.info +146 tlm: dn:283 (1,1)3665/8 (10,0)10/0 up:62
Sep 23 12:14:16 3dr_controller local1.info +136 tlm: dn:325 (1,1)4311/6 (10,0)10/0 up:58
Sep 23 12:14:26 3dr_controller local1.info +149 tlm: dn:298 (1,1)3913/5 (10,0)10/0 up:61
Sep 23 12:14:36 3dr_controller local1.info +127 tlm: dn:316 (1,1)4205/4 (10,0)10/0 up:60
Sep 23 12:14:46 3dr_controller local1.info +154 tlm: dn:327 (1,1)4317/2 (10,0)10/0 up:60
Sep 23 12:14:56 3dr_controller local1.info +134 tlm: dn:342 (1,1)4574/3 (10,0)10/0 up:58
Sep 23 12:15:06 3dr_controller local1.info +174 tlm: dn:311 (1,1)4096/5 (1,254)1/0 (10,0)10/0 up:54
Sep 23 12:15:16 3dr_controller local1.info +132 tlm: dn:330 (1,1)4380/7 (10,0)10/0 up:57
Sep 23 12:15:26 3dr_controller local1.info +123 tlm: dn:350 (1,1)4679/5 (10,0)10/0 up:58
Sep 23 12:15:36 3dr_controller local1.info +155 tlm: dn:333 (1,1)4431/6 (10,0)10/0 up:61
Sep 23 12:15:46 3dr_controller local1.info +144 tlm: dn:335 (1,1)4451/10 (4,1)1/0 (10,0)10/0 up:60
Sep 23 12:15:56 3dr_controller local1.info +149 tlm: dn:343 (1,1)4567/9 (10,0)10/0 (14,13)1/0 up:58
Sep 23 12:16:06 3dr_controller local1.info +143 tlm: dn:338 (1,1)4508/10 (10,0)9/0 up:59
Sep 23 12:16:16 3dr_controller local1.info +149 tlm: dn:296 (1,1)3881/8 (10,0)11/0 up:60
Sep 23 12:16:26 3dr_controller local1.info +151 tlm: dn:300 (1,1)3927/6 (10,0)10/0 up:60
Sep 23 12:16:36 3dr_controller local1.info +144 tlm: dn:339 (1,1)4516/4 (10,0)10/0 up:59
Sep 23 12:16:46 3dr_controller local1.info +142 tlm: dn:320 (1,1)4247/7 (10,0)10/0 up:60
Sep 23 12:16:56 3dr_controller local1.info +141 tlm: dn:320 (1,1)4236/10 (10,0)10/0 up:59
Sep 23 12:17:06 3dr_controller local1.info +140 tlm: dn:334 (1,1)4450/11 (10,0)10/0 up:59
Sep 23 12:17:16 3dr_controller local1.info +135 tlm: dn:330 (1,1)4399/6 (10,0)10/0 up:59
Sep 23 12:17:26 3dr_controller local1.info +125 tlm: dn:319 (1,1)4213/6 (10,0)10/0 up:60
Sep 23 12:17:36 3dr_controller local1.info +146 tlm: dn:330 (1,1)4367/10 (10,0)10/0 up:60
Sep 23 12:17:46 3dr_controller local1.info +132 tlm: dn:341 (1,1)4568/10 (10,0)10/0 up:59
Sep 23 12:17:56 3dr_controller local1.info +131 tlm: dn:325 (1,1)4289/3 (10,0)10/0 up:59
Sep 23 12:18:06 3dr_controller local1.info +123 tlm: dn:318 (1,1)4209/2 (10,0)10/0 up:60
Sep 23 12:18:16 3dr_controller local1.info +140 tlm: dn:322 (1,1)4276/12 (10,0)10/0 up:60
Sep 23 12:18:26 3dr_controller local1.info +131 tlm: dn:342 (1,1)4577/4 (10,0)10/0 up:57
Sep 23 12:18:36 3dr_controller local1.info +125 tlm: dn:325 (1,1)4296/10 (10,0)10/0 up:61
Sep 23 12:18:46 3dr_controller local1.info +148 tlm: dn:319 (1,1)4224/5 (10,0)10/0 up:60
Sep 23 12:18:56 3dr_controller local1.info +134 tlm: dn:340 (1,1)4541/6 (10,0)10/0 (254,14)1/0 up:58
Sep 23 12:19:06 3dr_controller local1.info +188 tlm: dn:332 (1,1)4414/7 (10,0)10/0 up:61
Sep 23 12:19:16 3dr_controller local1.info +140 tlm: dn:338 (1,1)4511/3 (10,0)10/0 up:58
Sep 23 12:19:26 3dr_controller local1.info +141 tlm: dn:331 (1,1)4417/3 (10,0)10/0 up:59
Sep 23 12:19:36 3dr_controller local1.info +149 tlm: dn:339 (1,1)4543/6 (10,0)10/0 up:58
Sep 23 12:19:46 3dr_controller local1.info +123 tlm: dn:279 (1,1)3611/2 (10,0)10/0 up:61
Sep 23 12:19:56 3dr_controller local1.info +143 tlm: dn:319 (1,1)4196/4 (10,0)10/0 (210,156)1/0 (220,1)1/0 up:60
Sep 23 12:20:06 3dr_controller local1.info +147 tlm: dn:318 (1,1)4252/6 (10,0)10/0 up:60
Sep 23 12:20:16 3dr_controller local1.info +142 tlm: dn:340 (1,1)4552/15 (10,0)10/0 up:58
Sep 23 12:20:26 3dr_controller local1.info +128 tlm: dn:315 (1,1)4180/11 (10,0)10/0 up:60
Sep 23 12:20:36 3dr_controller local1.info +131 tlm: dn:318 (1,1)4218/13 (10,0)10/0 up:59
Sep 23 12:20:46 3dr_controller local1.info +130 tlm: dn:337 (1,1)4493/11 (10,0)10/0 (160,163)1/0 up:59
Sep 23 12:20:56 3dr_controller local1.info +138 tlm: dn:322 (1,1)4250/13 (10,0)10/0 up:60
Sep 23 12:21:06 3dr_controller local1.info +141 tlm: dn:334 (1,1)4439/12 (10,0)10/0 up:59
Sep 23 12:21:16 3dr_controller local1.info +141 tlm: dn:335 (1,1)4458/14 (10,0)10/0 (237,1)1/0 up:58
Sep 23 12:21:26 3dr_controller local1.info +205 tlm: dn:335 (1,1)4447/11 (10,0)10/0 (14,95)1/0 up:60
Sep 23 12:21:36 3dr_controller local1.info +189 tlm: dn:329 (1,1)4324/9 (10,0)10/0 up:59
Sep 23 12:21:46 3dr_controller local1.info +144 tlm: dn:321 (1,1)4256/6 (10,0)10/0 up:58
Sep 23 12:21:56 3dr_controller local1.info +128 tlm: dn:335 (1,1)4446/5 (10,0)10/0 up:60
Sep 23 12:22:06 3dr_controller local1.info +153 tlm: dn:346 (1,1)4634/7 (10,0)10/0 up:59
Sep 23 12:22:16 3dr_controller local1.info +124 tlm: dn:318 (1,1)4220/7 (10,0)10/0 up:59
Sep 23 12:22:26 3dr_controller local1.info +128 tlm: dn:315 (1,1)4160/3 (10,0)10/0 up:60
Sep 23 12:22:36 3dr_controller local1.info +135 tlm: dn:320 (1,1)4257/5 (10,0)10/0 up:60
Sep 23 12:22:46 3dr_controller local1.info +140 tlm: dn:339 (1,1)4523/3 (10,0)10/0 up:58
Sep 23 12:22:56 3dr_controller local1.info +175 tlm: dn:313 (1,1)4132/7 (10,0)10/0 up:58
Sep 23 12:23:06 3dr_controller local1.info +159 tlm: dn:300 (1,1)3923/4 (10,0)10/0 up:61
Sep 23 12:23:16 3dr_controller local1.info +135 tlm: dn:322 (1,1)4262/8 (10,0)10/0 up:60
Sep 23 12:23:26 3dr_controller local1.info +133 tlm: dn:304 (1,1)4038/5 (10,0)10/0 up:61
Sep 23 12:23:36 3dr_controller local1.info +125 tlm: dn:320 (1,1)4232/3 (10,0)10/0 up:59
Sep 23 12:23:46 3dr_controller local1.info +124 tlm: dn:339 (1,1)4506/4 (10,0)10/0 up:59
Sep 23 12:23:56 3dr_controller local1.info +126 tlm: dn:306 (1,1)4030/7 (10,0)10/0 up:59
Sep 23 12:24:06 3dr_controller local1.info +136 tlm: dn:329 (1,1)4378/14 (10,0)10/0 up:59
Sep 23 12:24:16 3dr_controller local1.info +135 tlm: dn:329 (1,1)4402/7 (10,0)10/0 up:59
Sep 23 12:24:26 3dr_controller local1.info +127 tlm: dn:337 (1,1)4510/8 (10,0)10/0 up:59
Sep 23 12:24:36 3dr_controller local1.info +125 tlm: dn:330 (1,1)4371/8 (1,254)1/0 (10,0)10/0 up:59
Sep 23 12:24:46 3dr_controller local1.info +135 tlm: dn:332 (1,1)4425/8 (10,0)10/0 up:58
Sep 23 12:24:56 3dr_controller local1.info +125 tlm: dn:317 (1,1)4191/13 (10,0)10/0 (68,153)1/0 up:60
Sep 23 12:25:06 3dr_controller local1.info +129 tlm: dn:334 (1,1)4453/4 (10,0)10/0 up:59
Sep 23 12:25:16 3dr_controller local1.info +139 tlm: dn:337 (1,1)4528/2 (10,0)10/0 up:59
Sep 23 12:25:26 3dr_controller local1.info +136 tlm: dn:322 (1,1)4259/5 (10,0)10/0 up:59
Sep 23 12:25:36 3dr_controller local1.info +145 tlm: dn:295 (1,1)3878/4 (10,0)10/0 up:62
Sep 23 12:25:46 3dr_controller local1.info +155 tlm: dn:287 (1,1)3746/1 (10,0)10/0 up:58
Sep 23 12:25:56 3dr_controller local1.info +186 tlm: dn:326 (1,1)4320/2 (10,0)10/0 up:61
Sep 23 12:26:06 3dr_controller local1.info +143 tlm: dn:335 (1,1)4481/2 (10,0)10/0 up:58
Sep 23 12:26:16 3dr_controller local1.info +147 tlm: dn:294 (1,1)3860/1 (10,0)10/0 up:60
Sep 23 12:26:26 3dr_controller local1.info +135 tlm: dn:328 (1,1)4376/6 (10,0)10/0 up:59
Sep 23 12:26:36 3dr_controller local1.info +143 tlm: dn:330 (1,1)4388/3 (10,0)10/0 up:59
Sep 23 12:26:46 3dr_controller local1.info +138 tlm: dn:319 (1,1)4213/5 (10,0)10/0 up:60
Sep 23 12:26:56 3dr_controller local1.info +124 tlm: dn:340 (1,1)4559/3 (10,0)10/0 up:59
Sep 23 12:27:06 3dr_controller local1.info +162 tlm: dn:339 (1,1)4520/7 (10,0)10/0 up:60
Sep 23 12:27:16 3dr_controller local1.info +135 tlm: dn:329 (1,1)4373/3 (10,0)10/0 up:59
Sep 23 12:27:26 3dr_controller local1.info +143 tlm: dn:322 (1,1)4254/4 (10,0)10/0 up:59
Sep 23 12:27:36 3dr_controller local1.info +127 tlm: dn:338 (1,1)4548/4 (10,0)10/0 (14,85)1/0 up:60
Sep 23 12:27:46 3dr_controller local1.info +123 tlm: dn:338 (1,1)4531/4 (10,0)10/0 up:58
Sep 23 12:27:56 3dr_controller local1.info +146 tlm: dn:324 (1,1)4289/12 (10,0)10/0 up:61
Sep 23 12:28:06 3dr_controller local1.info +132 tlm: dn:293 (1,1)3838/7 (10,0)10/0 (168,1)1/0 up:63
Sep 23 12:28:16 3dr_controller local1.info +134 tlm: dn:340 (1,1)4553/12 (10,0)10/0 (14,71)1/0 up:58
Sep 23 12:28:26 3dr_controller local1.info +128 tlm: dn:338 (1,1)4478/12 (10,0)10/0 up:60
Sep 23 12:28:36 3dr_controller local1.info +209 tlm: dn:289 (1,1)3754/9 (10,0)10/0 (14,131)1/0 up:61
Sep 23 12:28:46 3dr_controller local1.info +150 tlm: dn:340 (1,1)4525/9 (10,0)10/0 up:58
Sep 23 12:28:56 3dr_controller local1.info +154 tlm: dn:348 (1,1)4645/4 (10,0)10/0 (14,109)1/0 up:59
Sep 23 12:29:06 3dr_controller local1.info +124 tlm: dn:327 (1,1)4335/9 (10,0)10/0 up:60
Sep 23 12:29:16 3dr_controller local1.info +135 tlm: dn:343 (1,1)4603/4 (10,0)10/0 up:59
Sep 23 12:29:26 3dr_controller local1.info +161 tlm: dn:311 (1,1)4095/4 (10,0)10/0 up:59
Sep 23 12:29:36 3dr_controller local1.info +127 tlm: dn:316 (1,1)4179/9 (10,0)10/0 up:61
Sep 23 12:29:46 3dr_controller local1.info +147 tlm: dn:343 (1,1)4564/11 (10,0)10/0 up:60
Sep 23 12:29:56 3dr_controller local1.info +124 tlm: dn:346 (1,1)4577/9 (10,0)10/0 up:59
Sep 23 12:30:06 3dr_controller local1.info +138 tlm: dn:327 (1,1)4328/7 (10,0)10/0 up:60
Sep 23 12:30:16 3dr_controller local1.info +137 tlm: dn:306 (1,1)4034/3 (10,0)10/0 up:60
Sep 23 12:30:26 3dr_controller local1.info +155 tlm: dn:299 (1,1)3914/2 (10,0)10/0 up:60
Sep 23 12:30:36 3dr_controller local1.info +131 tlm: dn:344 (1,1)4630/3 (10,0)10/0 up:59
Sep 23 12:30:46 3dr_controller local1.info +140 tlm: dn:339 (1,1)4529/5 (10,0)10/0 up:59
Sep 23 12:30:56 3dr_controller local1.info +143 tlm: dn:285 (1,1)3727/7 (10,0)10/0 up:61
Sep 23 12:31:06 3dr_controller local1.info +142 tlm: dn:332 (1,1)4447/11 (10,0)10/0 up:59
Sep 23 12:31:16 3dr_controller local1.info +140 tlm: dn:320 (1,1)4210/14 (10,0)10/0 (14,39)1/0 up:59
Sep 23 12:31:26 3dr_controller local1.info +142 tlm: dn:315 (1,1)4159/15 (10,0)10/0 up:60
Sep 23 12:31:36 3dr_controller local1.info +128 tlm: dn:297 (1,1)3868/13 (10,0)10/0 up:59
Sep 23 12:31:46 3dr_controller local1.info +139 tlm: dn:320 (1,1)4219/12 (10,0)10/0 up:60
Sep 23 12:31:56 3dr_controller local1.info +142 tlm: dn:342 (1,1)4547/13 (4,169)1/0 (10,0)10/0 up:58
Sep 23 12:32:06 3dr_controller local1.info +123 tlm: dn:319 (1,1)4213/14 (10,0)10/0 up:60
Sep 23 12:32:16 3dr_controller local1.info +131 tlm: dn:318 (1,1)4228/7 (10,0)10/0 up:60
Sep 23 12:32:26 3dr_controller local1.info +129 tlm: dn:345 (1,1)4614/12 (10,0)10/0 up:58
Sep 23 12:32:36 3dr_controller local1.info +133 tlm: dn:341 (0,0)1/0 (1,1)4559/14 (10,0)10/0 up:60
Sep 23 12:32:46 3dr_controller local1.info +136 tlm: dn:321 (1,1)4239/10 (10,0)10/0 up:60
Sep 23 12:32:56 3dr_controller local1.info +124 tlm: dn:323 (1,1)4274/10 (10,0)10/0 up:59
Sep 23 12:33:06 3dr_controller local1.info +133 tlm: dn:343 (1,1)4585/6 (10,0)10/0 up:59
Sep 23 12:33:16 3dr_controller local1.info +130 tlm: dn:310 (1,1)4084/6 (10,0)10/0 up:60
Sep 23 12:33:26 3dr_controller local1.info +146 tlm: dn:323 (1,1)4289/3 (10,0)10/0 up:60
Sep 23 12:33:36 3dr_controller local1.info +149 tlm: dn:333 (1,1)4426/9 (10,0)10/0 up:59
Sep 23 12:33:46 3dr_controller local1.info +152 tlm: dn:344 (1,1)4601/11 (10,0)10/0 up:59
Sep 23 12:33:56 3dr_controller local1.info +123 tlm: dn:305 (1,1)4002/8 (10,0)10/0 up:60
Sep 23 12:34:06 3dr_controller local1.info +136 tlm: dn:336 (1,1)4447/5 (10,0)10/0 (14,193)1/0 up:59
Sep 23 12:34:16 3dr_controller local1.info +145 tlm: dn:312 (1,1)4088/4 (10,0)10/0 up:60
Sep 23 12:34:26 3dr_controller local1.info +142 tlm: dn:300 (1,1)3939/5 (10,0)10/0 up:60
Sep 23 12:34:36 3dr_controller local1.info +198 tlm: dn:335 (1,1)4470/3 (10,0)10/0 up:58
Sep 23 12:34:46 3dr_controller local1.info +130 tlm: dn:333 (1,1)4445/6 (10,0)10/0 up:60
Sep 23 12:34:56 3dr_controller local1.info +133 tlm: dn:322 (1,1)4271/1 (10,0)10/0 up:60
Sep 23 12:35:06 3dr_controller local1.info +151 tlm: dn:291 (1,1)3809/4 (10,0)10/0 up:60
Sep 23 12:35:16 3dr_controller local1.info +227 tlm: dn:326 (1,1)4329/7 (10,0)10/0 up:58
Sep 23 12:35:26 3dr_controller local1.info +123 tlm: dn:325 (1,1)4334/13 (10,0)10/0 (254,14)1/0 up:60
Sep 23 12:35:36 3dr_controller local1.info +139 tlm: dn:316 (1,1)4170/12 (10,0)10/0 up:59
Sep 23 12:35:46 3dr_controller local1.info +134 tlm: dn:319 (1,1)4248/12 (10,0)10/0 up:60
Sep 23 12:35:56 3dr_controller local1.info +138 tlm: dn:336 (1,1)4514/12 (10,0)10/0 up:59
Sep 23 12:36:06 3dr_controller local1.info +126 tlm: dn:319 (1,1)4244/13 (10,0)10/0 up:59
Sep 23 12:36:16 3dr_controller local1.info +142 tlm: dn:316 (1,1)4173/11 (10,0)10/0 up:60
Sep 23 12:36:26 3dr_controller local1.info +164 tlm: dn:310 (1,1)4082/9 (10,0)10/0 up:60
Sep 23 12:36:36 3dr_controller local1.info +127 tlm: dn:317 (1,1)4157/9 (1,254)1/0 (10,0)10/0 up:59
Sep 23 12:36:46 3dr_controller local1.info +134 tlm: dn:321 (1,1)4256/6 (10,0)10/0 up:60
Sep 23 12:36:56 3dr_controller local1.info +124 tlm: dn:333 (1,1)4409/11 (10,0)10/0 up:58
Sep 23 12:37:06 3dr_controller local1.info +155 tlm: dn:327 (1,1)4344/4 (10,0)10/0 up:60
Sep 23 12:37:16 3dr_controller local1.info +125 tlm: dn:339 (1,1)4549/4 (10,0)10/0 up:60
Sep 23 12:37:26 3dr_controller local1.info +136 tlm: dn:300 (1,1)3954/4 (10,0)10/0 up:60
Sep 23 12:37:36 3dr_controller local1.info +129 tlm: dn:343 (1,1)4562/5 (10,0)10/0 (167,1)1/0 up:58
Sep 23 12:37:46 3dr_controller local1.info +135 tlm: dn:322 (1,1)4242/8 (10,0)10/0 up:60
Sep 23 12:37:56 3dr_controller local1.info +135 tlm: dn:306 (1,1)3978/10 (10,0)10/0 up:60
Sep 23 12:38:06 3dr_controller local1.info +164 tlm: dn:327 (1,1)4354/9 (10,0)10/0 up:59
Sep 23 12:38:16 3dr_controller local1.info +124 tlm: dn:339 (1,1)4522/10 (10,0)10/0 up:59
Sep 23 12:38:26 3dr_controller local1.info +132 tlm: dn:301 (1,1)3957/2 (10,0)10/0 up:61
Sep 23 12:38:36 3dr_controller local1.info +142 tlm: dn:298 (1,1)3898/2 (10,0)10/0 up:59
Sep 23 12:38:46 3dr_controller local1.info +129 tlm: dn:337 (1,1)4494/8 (10,0)10/0 up:60
Sep 23 12:38:56 3dr_controller local1.info +151 tlm: dn:315 (1,1)4182/0 (10,0)10/0 up:60
Sep 23 12:39:06 3dr_controller local1.info +129 tlm: dn:318 (1,1)4239/3 (10,0)10/0 up:59
Sep 23 12:39:16 3dr_controller local1.info +131 tlm: dn:312 (1,1)4151/5 (10,0)10/0 up:60
Sep 23 12:39:26 3dr_controller local1.info +148 tlm: dn:339 (1,1)4510/5 (10,0)10/0 up:58
Sep 23 12:39:36 3dr_controller local1.info +128 tlm: dn:318 (0,93)1/0 (1,1)4194/7 (10,0)10/0 (230,1)1/0 up:60
Sep 23 12:39:46 3dr_controller local1.info +145 tlm: dn:307 (1,1)4023/7 (10,0)10/0 (25,1)1/0 up:60
Sep 23 12:39:56 3dr_controller local1.info +152 tlm: dn:336 (1,1)4497/9 (10,0)10/0 up:59
Sep 23 12:40:06 3dr_controller local1.info +141 tlm: dn:339 (1,1)4519/10 (10,0)10/0 up:59
Sep 23 12:40:16 3dr_controller local1.info +127 tlm: dn:315 (1,1)4162/14 (10,0)10/0 up:60
Sep 23 12:40:26 3dr_controller local1.info +140 tlm: dn:304 (1,1)3926/11 (10,0)10/0 (68,153)1/0 (193,0)1/0 up:59
Sep 23 12:40:36 3dr_controller local1.info +135 tlm: dn:315 (1,1)4169/11 (10,0)10/0 up:60
Sep 23 12:40:46 3dr_controller local1.info +155 tlm: dn:331 (1,1)4405/10 (10,0)10/0 (14,187)1/0 up:59
Sep 23 12:40:56 3dr_controller local1.info +132 tlm: dn:315 (1,1)4165/8 (10,0)9/0 up:60
Sep 23 12:41:06 3dr_controller local1.info +128 tlm: dn:337 (1,1)4503/5 (10,0)11/0 up:58
Sep 23 12:41:16 3dr_controller local1.info +129 tlm: dn:339 (1,1)4516/9 (10,0)10/0 up:59
Sep 23 12:41:26 3dr_controller local1.info +134 tlm: dn:324 (1,1)4288/5 (10,0)10/0 up:59
Sep 23 12:41:36 3dr_controller local1.info +138 tlm: dn:334 (1,1)4422/7 (10,0)10/0 up:58
Sep 23 12:41:46 3dr_controller local1.info +127 tlm: dn:330 (1,1)4405/8 (10,0)10/0 up:60
Sep 23 12:41:56 3dr_controller local1.info +144 tlm: dn:303 (1,1)3973/7 (10,0)10/0 up:59
Sep 23 12:42:06 3dr_controller local1.info +137 tlm: dn:319 (1,1)4242/6 (10,0)10/0 up:60
Sep 23 12:42:16 3dr_controller local1.info +165 tlm: dn:320 (1,1)4206/6 (10,0)10/0 up:59
Sep 23 12:42:26 3dr_controller local1.info +137 tlm: dn:325 (1,1)4328/4 (10,0)10/0 up:59
Sep 23 12:42:36 3dr_controller local1.info +144 tlm: dn:333 (1,1)4442/5 (10,0)10/0 up:58
Sep 23 12:42:46 3dr_controller local1.info +131 tlm: dn:327 (1,1)4332/4 (10,0)10/0 up:58
Sep 23 12:42:56 3dr_controller local1.info +126 tlm: dn:329 (1,1)4364/2 (10,0)10/0 up:59
Sep 23 12:43:06 3dr_controller local1.info +145 tlm: dn:326 (1,1)4336/5 (10,0)10/0 up:58
Sep 23 12:43:16 3dr_controller local1.info +127 tlm: dn:356 (1,1)4595/5 (10,0)10/0 up:1723
Sep 23 12:43:26 3dr_controller local1.info +221 tlm: dn:264 (1,1)3035/3 (10,0)10/0 (254,14)1/0 up:1601
Sep 23 12:43:36 3dr_controller local1.info +129 tlm: dn:335 (1,1)4466/8 (10,0)10/0 up:58
Sep 23 12:43:46 3dr_controller local1.info +134 tlm: dn:344 (1,1)4593/2 (10,0)10/0 up:59
Sep 23 12:43:56 3dr_controller local1.info +153 tlm: dn:316 (1,1)4182/3 (10,0)10/0 (14,185)1/0 up:60
Sep 23 12:44:06 3dr_controller local1.info +147 tlm: dn:322 (1,1)4285/3 (10,0)10/0 up:60
Sep 23 12:44:16 3dr_controller local1.info +137 tlm: dn:342 (1,1)4569/5 (10,0)10/0 up:58
Sep 23 12:44:26 3dr_controller local1.info +125 tlm: dn:310 (1,1)4089/6 (10,0)10/0 up:60
Sep 23 12:44:36 3dr_controller local1.info +147 tlm: dn:350 (1,1)4632/10 (10,0)10/0 up:58
Sep 23 12:44:46 3dr_controller local1.info +134 tlm: dn:325 (1,1)4321/12 (10,0)10/0 up:60
Sep 23 12:44:56 3dr_controller local1.info +209 tlm: dn:306 (1,1)4022/4 (10,0)10/0 up:60
Sep 23 12:45:06 3dr_controller local1.info +147 tlm: dn:302 (1,1)3993/3 (10,0)10/0 up:61
Sep 23 12:45:16 3dr_controller local1.info +139 tlm: dn:322 (1,1)4269/5 (10,0)10/0 up:59
Sep 23 12:45:26 3dr_controller local1.info +130 tlm: dn:326 (1,1)4310/14 (10,0)10/0 up:59
Sep 23 12:45:36 3dr_controller local1.info +126 tlm: dn:315 (1,1)4176/6 (10,0)10/0 up:60
Sep 23 12:45:46 3dr_controller local1.info +128 tlm: dn:338 (1,1)4512/8 (10,0)10/0 (14,189)1/0 up:58
Sep 23 12:45:56 3dr_controller local1.info +159 tlm: dn:337 (1,1)4488/6 (10,0)10/0 up:59
Sep 23 12:46:06 3dr_controller local1.info +146 tlm: dn:301 (1,1)3989/6 (10,0)10/0 up:63
Sep 23 12:46:16 3dr_controller local1.info +138 tlm: dn:324 (1,1)4272/7 (10,0)10/0 up:59
Sep 23 12:46:26 3dr_controller local1.info +152 tlm: dn:328 (1,1)4334/9 (10,0)10/0 up:58
Sep 23 12:46:36 3dr_controller local1.info +201 tlm: dn:325 (1,1)4322/9 (10,0)10/0 up:58
Sep 23 12:46:46 3dr_controller local1.info +142 tlm: dn:314 (1,1)4124/1 (10,0)10/0 up:61
Sep 23 12:46:56 3dr_controller local1.info +136 tlm: dn:305 (1,1)3972/6 (10,0)10/0 up:60
Sep 23 12:47:06 3dr_controller local1.info +126 tlm: dn:307 (1,1)4032/6 (10,0)10/0 up:59
Sep 23 12:47:16 3dr_controller local1.info +147 tlm: dn:328 (1,1)4359/2 (10,0)10/0 up:60
Sep 23 12:47:26 3dr_controller local1.info +132 tlm: dn:304 (1,1)3955/2 (10,0)10/0 (14,62)1/0 up:59
Sep 23 12:47:36 3dr_controller local1.info +249 tlm: dn:318 (1,1)4195/6 (10,0)10/0 up:59
Sep 23 12:47:46 3dr_controller local1.info +128 tlm: dn:335 (1,1)4458/6 (10,0)10/0 up:59
Sep 23 12:47:56 3dr_controller local1.info +126 tlm: dn:295 (1,1)3848/5 (10,0)10/0 up:60
Sep 23 12:48:06 3dr_controller local1.info +134 tlm: dn:320 (1,1)4247/10 (10,0)10/0 up:60
Sep 23 12:48:16 3dr_controller local1.info +141 tlm: dn:339 (1,1)4513/13 (10,0)10/0 up:58
Sep 23 12:48:26 3dr_controller local1.info +133 tlm: dn:309 (1,1)4037/11 (10,0)10/0 (102,206)1/0 (255,163)1/0 up:60
Sep 23 12:48:36 3dr_controller local1.info +130 tlm: dn:332 (1,1)4415/13 (10,0)10/0 up:59
Sep 23 12:48:46 3dr_controller local1.info +128 tlm: dn:316 (1,1)4183/10 (10,0)10/0 up:58
Sep 23 12:48:56 3dr_controller local1.info +135 tlm: dn:335 (1,1)4484/14 (10,0)10/0 up:60
Sep 23 12:49:06 3dr_controller local1.info +181 tlm: dn:326 (1,1)4328/14 (1,254)1/0 (10,0)10/0 up:58
Sep 23 12:49:16 3dr_controller local1.info +165 tlm: dn:296 (1,1)3834/13 (10,0)10/0 up:61
Sep 23 12:49:26 3dr_controller local1.info +137 tlm: dn:341 (1,1)4559/13 (10,0)10/0 up:59
Sep 23 12:49:36 3dr_controller local1.info +146 tlm: dn:343 (1,1)4581/16 (10,0)10/0 up:58
Sep 23 12:49:46 3dr_controller local1.info +131 tlm: dn:297 (1,1)3901/4 (10,0)10/0 up:61
Sep 23 12:49:56 3dr_controller local1.info +124 tlm: dn:323 (1,1)4277/7 (10,0)10/0 up:57
Sep 23 12:50:06 3dr_controller local1.info +173 tlm: dn:326 (1,1)4358/7 (10,0)10/0 up:61
Sep 23 12:50:16 3dr_controller local1.info +135 tlm: dn:342 (1,1)4543/10 (10,0)10/0 (87,156)1/0 up:59
Sep 23 12:50:26 3dr_controller local1.info +130 tlm: dn:311 (1,1)4069/6 (10,0)10/0 up:60
Sep 23 12:50:36 3dr_controller local1.info +141 tlm: dn:337 (1,1)4492/4 (10,0)10/0 up:59
Sep 23 12:50:46 3dr_controller local1.info +153 tlm: dn:328 (1,1)4336/4 (10,0)10/0 up:59
Sep 23 12:50:56 3dr_controller local1.info +123 tlm: dn:321 (1,1)4290/0 (10,0)10/0 up:60
Sep 23 12:51:06 3dr_controller local1.info +140 tlm: dn:308 (1,1)4053/1 (10,0)10/0 up:60
Sep 23 12:51:16 3dr_controller local1.info +139 tlm: dn:341 (1,1)4562/3 (10,0)10/0 up:58
Sep 23 12:51:26 3dr_controller local1.info +158 tlm: dn:328 (1,1)4380/2 (10,0)10/0 up:60
Sep 23 12:51:36 3dr_controller local1.info +124 tlm: dn:325 (1,1)4339/6 (10,0)10/0 up:60
Sep 23 12:51:46 3dr_controller local1.info +155 tlm: dn:304 (1,1)3972/12 (10,0)10/0 (210,1)1/0 up:60
Sep 23 12:51:56 3dr_controller local1.info +217 tlm: dn:317 (1,1)4181/10 (10,0)10/0 up:59
Sep 23 12:52:06 3dr_controller local1.info +141 tlm: dn:323 (1,1)4278/12 (10,0)10/0 up:59
Sep 23 12:52:16 3dr_controller local1.info +144 tlm: dn:329 (1,1)4368/12 (10,0)10/0 up:61
Sep 23 12:52:26 3dr_controller local1.info +125 tlm: dn:322 (1,1)4247/11 (10,0)10/0 (14,241)1/0 up:58
Sep 23 12:52:36 3dr_controller local1.info +127 tlm: dn:335 (1,1)4494/6 (10,0)10/0 up:60
Sep 23 12:52:46 3dr_controller local1.info +155 tlm: dn:321 (1,1)4246/5 (10,0)10/0 up:58
Sep 23 12:52:56 3dr_controller local1.info +151 tlm: dn:302 (1,1)3970/4 (10,0)10/0 up:61
Sep 23 12:53:06 3dr_controller local1.info +123 tlm: dn:320 (1,1)4231/3 (10,0)9/0 up:59
Sep 23 12:53:16 3dr_controller local1.info +141 tlm: dn:305 (1,1)3987/6 (10,0)11/0 up:60
Sep 23 12:53:26 3dr_controller local1.info +124 tlm: dn:347 (1,1)4637/5 (10,0)10/0 up:58
Sep 23 12:53:36 3dr_controller local1.info +129 tlm: dn:314 (1,1)4163/3 (10,0)9/0 up:61
Sep 23 12:53:46 3dr_controller local1.info +123 tlm: dn:331 (1,1)4424/3 (10,0)11/0 up:58
Sep 23 12:53:56 3dr_controller local1.info +158 tlm: dn:335 (1,1)4495/3 (10,0)10/0 up:60
Sep 23 12:54:06 3dr_controller local1.info +126 tlm: dn:341 (1,1)4551/10 (10,0)10/0 up:60
Sep 23 12:54:16 3dr_controller local1.info +124 tlm: dn:325 (1,1)4308/12 (10,0)10/0 up:58
Sep 23 12:54:26 3dr_controller local1.info +129 tlm: dn:332 (1,1)4419/10 (10,0)10/0 up:59
Sep 23 12:54:36 3dr_controller local1.info +125 tlm: dn:337 (1,1)4490/10 (10,0)10/0 up:59
Sep 23 12:54:46 3dr_controller local1.info +133 tlm: dn:326 (1,1)4321/8 (10,0)10/0 up:60
Sep 23 12:54:56 3dr_controller local1.info +141 tlm: dn:337 (1,1)4487/8 (10,0)10/0 up:59
Sep 23 12:55:06 3dr_controller local1.info +126 tlm: dn:323 (1,1)4244/15 (10,0)10/0 (254,14)1/0 up:59
Sep 23 12:55:16 3dr_controller local1.info +144 tlm: dn:342 (1,1)4553/13 (10,0)10/0 up:59
Sep 23 12:55:26 3dr_controller local1.info +134 tlm: dn:333 (1,1)4465/13 (10,0)10/0 up:59
Sep 23 12:55:36 3dr_controller local1.info +135 tlm: dn:342 (1,1)4568/11 (10,0)10/0 up:59
Sep 23 12:55:46 3dr_controller local1.info +149 tlm: dn:339 (1,1)4532/5 (10,0)10/0 up:59
Sep 23 12:55:56 3dr_controller local1.info +133 tlm: dn:352 (1,1)4703/4 (10,0)10/0 up:59
Sep 23 12:56:06 3dr_controller local1.info +146 tlm: dn:320 (1,1)4237/5 (10,0)10/0 up:61
Sep 23 12:56:16 3dr_controller local1.info +153 tlm: dn:304 (1,1)3990/10 (10,0)10/0 up:61
Sep 23 12:56:26 3dr_controller local1.info +144 tlm: dn:339 (1,1)4505/7 (10,0)10/0 up:59
Sep 23 12:56:36 3dr_controller local1.info +137 tlm: dn:329 (0,0)1/0 (1,1)4343/3 (10,0)10/0 up:59
Sep 23 12:56:46 3dr_controller local1.info +132 tlm: dn:338 (1,1)4497/4 (10,0)10/0 (235,1)1/0 up:58
Sep 23 12:56:56 3dr_controller local1.info +141 tlm: dn:338 (1,1)4499/6 (10,0)10/0 up:59
Sep 23 12:57:06 3dr_controller local1.info +137 tlm: dn:339 (1,1)4534/2 (10,0)10/0 up:60
Sep 23 12:57:16 3dr_controller local1.info +141 tlm: dn:339 (1,1)4571/4 (10,0)10/0 up:58
Sep 23 12:57:26 3dr_controller local1.info +148 tlm: dn:336 (1,1)4508/2 (10,0)10/0 up:59
Sep 23 12:57:36 3dr_controller local1.info +136 tlm: dn:286 (1,1)3738/6 (10,0)9/0 up:61
Sep 23 12:57:46 3dr_controller local1.info +128 tlm: dn:334 (1,1)4468/13 (10,0)11/0 (102,160)1/0 up:58
Sep 23 12:57:56 3dr_controller local1.info +138 tlm: dn:333 (1,1)4442/15 (10,0)10/0 (68,30)1/0 up:60
Sep 23 12:58:06 3dr_controller local1.info +129 tlm: dn:317 (1,1)4163/11 (10,0)10/0 (14,141)1/0 up:58
Sep 23 12:58:16 3dr_controller local1.info +159 tlm: dn:333 (1,1)4408/14 (10,0)10/0 up:60
Sep 23 12:58:26 3dr_controller local1.info +135 tlm: dn:340 (1,1)4522/11 (10,0)10/0 (14,247)1/0 (182,1)1/0 up:59
Sep 23 12:58:36 3dr_controller local1.info +131 tlm: dn:343 (1,1)4580/4 (10,0)10/0 (31,149)1/0 up:58
Sep 23 12:58:46 3dr_controller local1.info +146 tlm: dn:303 (1,1)3972/3 (10,0)10/0 up:61
Sep 23 12:58:56 3dr_controller local1.info +131 tlm: dn:312 (1,1)4135/6 (10,0)10/0 up:59
Sep 23 12:59:06 3dr_controller local1.info +141 tlm: dn:323 (1,1)4273/6 (10,0)10/0 up:59
Sep 23 12:59:16 3dr_controller local1.info +139 tlm: dn:328 (1,1)4336/6 (10,0)10/0 up:60
Sep 23 12:59:26 3dr_controller local1.info +201 tlm: dn:342 (1,1)4563/10 (10,0)10/0 up:59
Sep 23 12:59:36 3dr_controller local1.info +174 tlm: dn:325 (1,1)4323/10 (10,0)10/0 up:58
Sep 23 12:59:46 3dr_controller local1.info +153 tlm: dn:328 (1,1)4329/7 (10,0)10/0 (254,14)1/0 up:59
Sep 23 12:59:56 3dr_controller local1.info +127 tlm: dn:315 (1,1)4128/1 (10,0)10/0 up:59
Sep 23 13:00:06 3dr_controller local1.info +141 tlm: dn:325 (1,1)4204/7 (10,0)10/0 up:782
Sep 23 13:00:16 3dr_controller local1.info +163 tlm: dn:327 (1,1)4348/15 (10,0)9/0 up:59
Sep 23 13:00:26 3dr_controller local1.info +123 tlm: dn:337 (1,1)4466/12 (10,0)11/0 up:59
Sep 23 13:00:36 3dr_controller local1.info +137 tlm: dn:339 (1,1)4520/11 (10,0)10/0 up:58
Sep 23 13:00:46 3dr_controller local1.info +144 tlm: dn:327 (1,1)4325/13 (10,0)10/0 up:59
Sep 23 13:00:56 3dr_controller local1.info +157 tlm: dn:310 (1,1)4103/9 (10,0)10/0 up:61
Sep 23 13:01:06 3dr_controller local1.info +138 tlm: dn:329 (1,1)4393/10 (10,0)10/0 (133,155)1/0 up:59
Sep 23 13:01:16 3dr_controller local1.info +126 tlm: dn:321 (1,1)4227/10 (10,0)10/0 (90,1)1/0 up:58
Sep 23 13:01:26 3dr_controller local1.info +147 tlm: dn:336 (1,1)4481/14 (10,0)10/0 (14,17)1/0 up:58
Sep 23 13:01:36 3dr_controller local1.info +126 tlm: dn:331 (1,1)4434/11 (10,0)9/1 (14,58)1/0 up:59
Sep 23 13:01:46 3dr_controller local1.info +124 tlm: dn:301 (1,1)3959/6 (10,0)10/0 up:59
Sep 23 13:01:56 3dr_controller local1.info +141 tlm: dn:333 (1,1)4415/9 (10,0)10/0 up:524
Sep 23 13:02:06 3dr_controller local1.info +129 tlm: dn:324 (1,1)4315/7 (10,0)10/0 up:58
Sep 23 13:02:16 3dr_controller local1.info +127 tlm: dn:346 (1,1)4646/8 (10,0)10/0 up:59
Sep 23 13:02:26 3dr_controller local1.info +144 tlm: dn:318 (1,1)4221/4 (10,0)10/0 up:59
Sep 23 13:02:36 3dr_controller local1.info +132 tlm: dn:311 (1,1)4137/7 (10,0)10/0 up:60
Sep 23 13:02:46 3dr_controller local1.info +151 tlm: dn:336 (1,1)4454/14 (1,254)1/0 (10,0)10/0 up:57
Sep 23 13:02:56 3dr_controller local1.info +156 tlm: dn:153 (1,1)1666/3 (10,0)10/0 up:53
Sep 23 13:03:06 3dr_controller local1.info +143 tlm: dn:99 (1,1)837/0 (10,0)10/0 up:24
Sep 23 13:03:16 3dr_controller local1.info +190 tlm: dn:100 (1,1)842/0 (10,0)10/0 up:0
Sep 23 13:03:26 3dr_controller local1.info +200 tlm: dn:99 (1,1)819/0 (10,0)10/0 up:0
Sep 23 13:03:36 3dr_controller local1.info +181 tlm: dn:97 (1,1)830/0 (10,0)9/0 up:0
Sep 23 13:03:46 3dr_controller local1.info +206 tlm: dn:102 (1,1)852/0 (10,0)11/0 up:0
Sep 23 13:03:56 3dr_controller local1.info +185 tlm: dn:98 (1,1)832/0 (10,0)9/0 up:0
Sep 23 13:04:06 3dr_controller local1.info +197 tlm: dn:99 (1,1)838/0 (10,0)10/0 up:0
Sep 23 13:04:16 3dr_controller local1.info +182 tlm: dn:100 (1,1)842/0 (10,0)11/0 up:0
Sep 23 13:04:26 3dr_controller local1.info +208 tlm: dn:100 (1,1)841/0 (10,0)10/0 up:0
Sep 23 13:04:36 3dr_controller local1.info +132 tlm: dn:99 (1,1)836/0 (10,0)10/0 up:0
Sep 23 13:04:46 3dr_controller local1.info +218 tlm: dn:100 (1,1)848/0 (10,0)10/0 up:0
Sep 23 13:04:56 3dr_controller local1.info +180 tlm: dn:99 (1,1)836/0 (10,0)10/0 up:0
Sep 23 13:05:06 3dr_controller local1.info +141 tlm: dn:99 (1,1)822/0 (10,0)10/0 up:0
Sep 23 13:05:16 3dr_controller local1.info +177 tlm: dn:100 (1,1)841/0 (10,0)10/0 up:0
Sep 23 13:05:26 3dr_controller local1.info +131 tlm: dn:99 (1,1)836/0 (10,0)10/0 up:0
Sep 23 13:05:36 3dr_controller local1.info +179 tlm: dn:100 (1,1)842/0 (10,0)10/0 up:0
Sep 23 13:05:46 3dr_controller local1.info +123 tlm: dn:99 (1,1)838/0 (10,0)10/0 up:0
Sep 23 13:05:56 3dr_controller local1.info +181 tlm: dn:100 (1,1)842/0 (10,0)10/0 up:0
Sep 23 13:06:06 3dr_controller local1.info +139 tlm: dn:99 (1,1)835/0 (10,0)10/0 up:0
Sep 23 13:06:16 3dr_controller local1.info +192 tlm: dn:100 (1,1)842/0 (10,0)10/0 up:0
Sep 23 13:06:26 3dr_controller local1.info +140 tlm: dn:99 (1,1)838/0 (10,0)10/0 up:0
Sep 23 13:06:36 3dr_controller local1.info +189 tlm: dn:100 (1,1)842/0 (10,0)10/0 up:0
Sep 23 13:06:46 3dr_controller local1.info +126 tlm: dn:99 (1,1)819/0 (10,0)10/0 up:0
Sep 23 13:06:56 3dr_controller local1.info +183 tlm: dn:100 (1,1)841/0 (10,0)10/0 up:0
Sep 23 13:07:06 3dr_controller local1.info +125 tlm: dn:99 (1,1)837/0 (10,0)10/0 up:0
Sep 23 13:07:16 3dr_controller local1.info +177 tlm: dn:100 (1,1)842/0 (10,0)10/0 up:0
Sep 23 13:07:26 3dr_controller local1.info +127 tlm: dn:99 (1,1)836/0 (10,0)10/0 up:0
Sep 23 13:07:36 3dr_controller local1.info +180 tlm: dn:100 (1,1)842/0 (10,0)10/0 up:0
Sep 23 13:07:46 3dr_controller local1.info +127 tlm: dn:99 (1,1)838/0 (10,0)10/0 up:0
Sep 23 13:07:56 3dr_controller local1.info +180 tlm: dn:100 (1,1)841/0 (10,0)10/0 up:0
Sep 23 13:08:06 3dr_controller local1.info +150 tlm: dn:99 (1,1)836/0 (10,0)10/0 up:0
Sep 23 13:08:16 3dr_controller local1.info +189 tlm: dn:100 (1,1)842/0 (10,0)10/0 up:0
Sep 23 13:08:26 3dr_controller local1.info +127 tlm: dn:99 (1,1)822/0 (10,0)10/0 up:0
Sep 23 13:08:36 3dr_controller local1.info +193 tlm: dn:100 (1,1)842/0 (10,0)10/0 up:0
Sep 23 13:08:46 3dr_controller local1.info +222 tlm: dn:100 (1,1)841/0 (10,0)10/0 up:0
Sep 23 13:08:56 3dr_controller local1.info +165 tlm: dn:99 (1,1)836/0 (10,0)10/0 up:0
Sep 23 13:09:06 3dr_controller local1.info +221 tlm: dn:100 (1,1)842/0 (10,0)10/0 up:0
Sep 23 13:09:16 3dr_controller local1.info +180 tlm: dn:99 (1,1)838/0 (10,0)10/0 up:0
Sep 23 13:09:26 3dr_controller local1.info +135 tlm: dn:99 (1,1)836/0 (10,0)10/0 up:0
Sep 23 13:09:36 3dr_controller local1.info +174 tlm: dn:100 (1,1)841/0 (10,0)10/0 up:0
Sep 23 13:09:46 3dr_controller local1.info +130 tlm: dn:99 (1,1)838/0 (10,0)10/0 up:0
Sep 23 13:09:56 3dr_controller local1.info +187 tlm: dn:100 (1,1)842/0 (10,0)10/0 up:0
Sep 23 13:10:06 3dr_controller local1.info +222 tlm: dn:100 (1,1)842/0 (10,0)10/0 up:0
Sep 23 13:10:16 3dr_controller local1.info +174 tlm: dn:99 (1,1)819/0 (10,0)10/0 up:0
Sep 23 13:10:26 3dr_controller local1.info +126 tlm: dn:99 (1,1)836/0 (10,0)10/0 up:0
Sep 23 13:10:36 3dr_controller local1.info +179 tlm: dn:100 (1,1)842/0 (10,0)10/0 up:0
Sep 23 13:10:46 3dr_controller local1.info +135 tlm: dn:99 (1,1)836/0 (10,0)10/0 up:0
Sep 23 13:10:56 3dr_controller local1.info +178 tlm: dn:100 (1,1)842/0 (10,0)10/0 up:0
Sep 23 13:11:06 3dr_controller local1.info +128 tlm: dn:99 (1,1)838/0 (10,0)10/0 up:0
Sep 23 13:11:16 3dr_controller local1.info +187 tlm: dn:100 (1,1)842/0 (10,0)10/0 up:0
Sep 23 13:11:26 3dr_controller local1.info +177 tlm: dn:99 (1,1)835/0 (10,0)10/0 up:0
Sep 23 13:11:36 3dr_controller local1.info +127 tlm: dn:99 (1,1)822/0 (10,0)10/0 up:0
Sep 23 13:11:46 3dr_controller local1.info +182 tlm: dn:100 (1,1)842/0 (10,0)10/0 up:0
Sep 23 13:11:56 3dr_controller local1.info +133 tlm: dn:99 (1,1)836/0 (10,0)10/0 up:0
Sep 23 13:12:06 3dr_controller local1.info +205 tlm: dn:100 (1,1)842/0 (10,0)10/0 up:0
Sep 23 13:12:16 3dr_controller local1.info +159 tlm: dn:99 (1,1)841/0 (10,0)10/0 up:0
Sep 23 13:12:26 3dr_controller local1.info +197 tlm: dn:100 (1,1)842/0 (10,0)10/0 up:0
Sep 23 13:12:36 3dr_controller local1.info +227 tlm: dn:100 (1,1)838/0 (10,0)10/0 up:0
Sep 23 13:12:46 3dr_controller local1.info +177 tlm: dn:99 (1,1)836/0 (10,0)10/0 up:0
Sep 23 13:12:56 3dr_controller local1.info +126 tlm: dn:99 (1,1)838/0 (10,0)9/0 up:0
Sep 23 13:13:06 3dr_controller local1.info +179 tlm: dn:100 (1,1)841/0 (10,0)11/0 up:0
Sep 23 13:13:16 3dr_controller local1.info +136 tlm: dn:99 (1,1)820/0 (10,0)9/0 up:0
Sep 23 13:13:26 3dr_controller local1.info +180 tlm: dn:100 (1,1)841/0 (10,0)11/0 up:0
Sep 23 13:13:36 3dr_controller local1.info +160 tlm: dn:99 (1,1)837/0 (10,0)9/0 up:0
Sep 23 13:13:46 3dr_controller local1.info +175 tlm: dn:100 (1,1)842/0 (10,0)11/0 up:0
Sep 23 13:13:56 3dr_controller local1.info +125 tlm: dn:99 (1,1)835/0 (10,0)10/0 up:0
Sep 23 13:14:06 3dr_controller local1.info +179 tlm: dn:100 (1,1)842/0 (10,0)10/0 up:0
