Aug 10 23:44:13 3dr_controller local3.info streamer: starting: built Sep 22 2016 15:31:07
Aug 10 23:44:13 3dr_controller local3.info hdmi: Waiting for an HDMI connection
Aug 10 23:44:23 3dr_controller local3.info streamer: pkts=59 bytes=2762 drops=0
Aug 10 23:44:33 3dr_controller local3.info streamer: pkts=71 bytes=3006 drops=0
Aug 10 23:44:43 3dr_controller local3.info streamer: pkts=71 bytes=3006 drops=0
Aug 10 23:44:53 3dr_controller local3.info streamer: pkts=72 bytes=3006 drops=0
Aug 10 23:45:03 3dr_controller local3.info streamer: pkts=71 bytes=3006 drops=0
Aug 10 23:45:13 3dr_controller local3.info streamer: pkts=71 bytes=3006 drops=0
Aug 10 23:45:23 3dr_controller local3.info streamer: pkts=72 bytes=3006 drops=0
Aug 10 23:45:33 3dr_controller local3.info streamer: pkts=67 bytes=3297 drops=675
Aug 10 23:45:43 3dr_controller local3.info streamer: pkts=71 bytes=3006 drops=0
Aug 10 23:45:53 3dr_controller local3.info streamer: pkts=71 bytes=3000 drops=0
Aug 10 23:46:03 3dr_controller local3.info streamer: pkts=68 bytes=3265 drops=36483
Aug 10 23:46:13 3dr_controller local3.info streamer: pkts=71 bytes=3000 drops=0
Aug 10 23:46:23 3dr_controller local3.info streamer: pkts=72 bytes=3006 drops=0
Aug 10 23:46:33 3dr_controller local3.info streamer: pkts=69 bytes=3377 drops=47846
Aug 10 23:46:43 3dr_controller local3.info streamer: pkts=71 bytes=3006 drops=0
Aug 10 23:46:53 3dr_controller local3.info streamer: pkts=66 bytes=3117 drops=0
Aug 10 23:47:03 3dr_controller local3.info streamer: pkts=72 bytes=3010 drops=0
Aug 10 23:47:13 3dr_controller local3.info streamer: pkts=67 bytes=3346 drops=22566
Aug 10 23:47:23 3dr_controller local3.info streamer: pkts=71 bytes=3006 drops=0
Aug 10 23:47:33 3dr_controller local3.info streamer: pkts=72 bytes=3006 drops=0
Aug 10 23:47:43 3dr_controller local3.info streamer: pkts=72 bytes=3006 drops=0
Aug 10 23:47:53 3dr_controller local3.info streamer: pkts=72 bytes=3006 drops=0
Aug 10 23:48:03 3dr_controller local3.info streamer: pkts=72 bytes=3006 drops=0
Aug 10 23:48:13 3dr_controller local3.info streamer: pkts=71 bytes=3006 drops=0
Aug 10 23:48:23 3dr_controller local3.info streamer: pkts=42 bytes=1834 drops=0
Aug 10 23:48:33 3dr_controller local3.info streamer: pkts=11 bytes=419 drops=900
Aug 10 23:48:43 3dr_controller local3.info streamer: pkts=70 bytes=2974 drops=15
Aug 10 23:48:53 3dr_controller local3.info streamer: pkts=71 bytes=3006 drops=0
Aug 10 23:49:03 3dr_controller local3.info streamer: pkts=72 bytes=3006 drops=0
Aug 10 23:49:13 3dr_controller local3.info streamer: pkts=72 bytes=3006 drops=0
Aug 10 23:49:23 3dr_controller local3.info streamer: pkts=71 bytes=3006 drops=0
Aug 10 23:49:33 3dr_controller local3.info streamer: pkts=72 bytes=3006 drops=0
Aug 10 23:49:43 3dr_controller local3.info streamer: pkts=72 bytes=3006 drops=0
Aug 10 23:49:53 3dr_controller local3.info streamer: pkts=71 bytes=3006 drops=0
Aug 10 23:50:03 3dr_controller local3.info streamer: pkts=72 bytes=3006 drops=0
Aug 10 23:50:13 3dr_controller local3.info streamer: pkts=72 bytes=3006 drops=0
Aug 10 23:50:23 3dr_controller local3.info streamer: pkts=71 bytes=3006 drops=0
Aug 10 23:50:33 3dr_controller local3.info streamer: pkts=72 bytes=3006 drops=0
Aug 10 23:50:43 3dr_controller local3.info streamer: pkts=71 bytes=3006 drops=0
Aug 10 23:50:53 3dr_controller local3.info streamer: pkts=71 bytes=3006 drops=0
Aug 10 23:51:03 3dr_controller local3.info streamer: pkts=72 bytes=3006 drops=0
Aug 10 23:51:13 3dr_controller local3.info streamer: pkts=71 bytes=3006 drops=0
Aug 10 23:51:23 3dr_controller local3.info streamer: pkts=72 bytes=3006 drops=0
Aug 10 23:51:33 3dr_controller local3.info streamer: pkts=72 bytes=3006 drops=0
Aug 10 23:51:43 3dr_controller local3.info streamer: pkts=71 bytes=3006 drops=0
Sep 23 11:18:36 3dr_controller local3.info streamer: pkts=72 bytes=3006 drops=0
Sep 23 11:18:46 3dr_controller local3.info streamer: pkts=71 bytes=3006 drops=0
Sep 23 11:18:56 3dr_controller local3.info streamer: pkts=72 bytes=3006 drops=0
Sep 23 11:19:06 3dr_controller local3.info streamer: pkts=71 bytes=3006 drops=0
Sep 23 11:19:16 3dr_controller local3.info streamer: pkts=71 bytes=3006 drops=0
Sep 23 11:19:26 3dr_controller local3.info streamer: pkts=72 bytes=3006 drops=0
Sep 23 11:19:36 3dr_controller local3.info streamer: pkts=71 bytes=3006 drops=0
Sep 23 11:19:46 3dr_controller local3.info streamer: pkts=72 bytes=3006 drops=0
Sep 23 11:19:56 3dr_controller local3.info streamer: pkts=71 bytes=3006 drops=0
Sep 23 11:20:06 3dr_controller local3.info streamer: pkts=71 bytes=3006 drops=0
Sep 23 11:20:16 3dr_controller local3.info streamer: pkts=71 bytes=3006 drops=0
Sep 23 11:20:26 3dr_controller local3.info streamer: pkts=71 bytes=3006 drops=0
Sep 23 11:20:36 3dr_controller local3.info streamer: pkts=72 bytes=3006 drops=0
Sep 23 11:20:46 3dr_controller local3.info streamer: pkts=72 bytes=3006 drops=0
Sep 23 11:20:56 3dr_controller local3.info streamer: pkts=71 bytes=3006 drops=0
Sep 23 11:21:06 3dr_controller local3.info streamer: pkts=72 bytes=3006 drops=0
Sep 23 11:21:16 3dr_controller local3.info streamer: pkts=72 bytes=3006 drops=0
Sep 23 11:21:26 3dr_controller local3.info streamer: pkts=71 bytes=3006 drops=0
Sep 23 11:21:36 3dr_controller local3.info streamer: pkts=71 bytes=3006 drops=0
Sep 23 11:21:46 3dr_controller local3.info streamer: pkts=72 bytes=3006 drops=0
Sep 23 11:21:56 3dr_controller local3.info streamer: pkts=72 bytes=3006 drops=0
Sep 23 11:22:06 3dr_controller local3.info streamer: pkts=71 bytes=3006 drops=0
Sep 23 11:22:16 3dr_controller local3.info streamer: pkts=72 bytes=3006 drops=0
Sep 23 11:22:26 3dr_controller local3.info streamer: pkts=72 bytes=3006 drops=0
Sep 23 11:22:36 3dr_controller local3.info streamer: pkts=71 bytes=3006 drops=0
Sep 23 11:22:46 3dr_controller local3.info streamer: pkts=71 bytes=3006 drops=0
Sep 23 11:22:56 3dr_controller local3.info streamer: pkts=72 bytes=3006 drops=0
Sep 23 11:23:06 3dr_controller local3.info streamer: pkts=71 bytes=3006 drops=0
Sep 23 11:23:16 3dr_controller local3.info streamer: pkts=72 bytes=3006 drops=0
Sep 23 11:23:26 3dr_controller local3.info streamer: pkts=71 bytes=3000 drops=0
Sep 23 11:23:36 3dr_controller local3.info streamer: pkts=72 bytes=3012 drops=0
Sep 23 11:23:46 3dr_controller local3.info streamer: pkts=72 bytes=3006 drops=0
Sep 23 11:23:56 3dr_controller local3.info streamer: pkts=71 bytes=3006 drops=0
Sep 23 11:24:06 3dr_controller local3.info streamer: pkts=71 bytes=3002 drops=0
Sep 23 11:24:16 3dr_controller local3.info streamer: pkts=72 bytes=3010 drops=0
Sep 23 11:24:26 3dr_controller local3.info streamer: pkts=71 bytes=3006 drops=0
Sep 23 11:24:36 3dr_controller local3.info streamer: pkts=72 bytes=3006 drops=0
Sep 23 11:24:46 3dr_controller local3.info streamer: pkts=71 bytes=3006 drops=0
Sep 23 11:24:56 3dr_controller local3.info streamer: pkts=71 bytes=3006 drops=0
Sep 23 11:25:06 3dr_controller local3.info streamer: pkts=72 bytes=3006 drops=0
Sep 23 11:25:16 3dr_controller local3.info streamer: pkts=72 bytes=3006 drops=0
Sep 23 11:25:26 3dr_controller local3.info streamer: pkts=71 bytes=3002 drops=0
Sep 23 11:25:36 3dr_controller local3.info streamer: pkts=72 bytes=3010 drops=0
Sep 23 11:25:46 3dr_controller local3.info streamer: pkts=72 bytes=3006 drops=0
Sep 23 11:25:56 3dr_controller local3.info streamer: pkts=71 bytes=3006 drops=0
Sep 23 11:26:06 3dr_controller local3.info streamer: pkts=72 bytes=3006 drops=0
Sep 23 11:26:16 3dr_controller local3.info streamer: pkts=72 bytes=3006 drops=0
Sep 23 11:26:26 3dr_controller local3.info streamer: pkts=72 bytes=3006 drops=0
Sep 23 11:26:36 3dr_controller local3.info streamer: pkts=71 bytes=3006 drops=0
Sep 23 11:26:46 3dr_controller local3.info streamer: pkts=72 bytes=3006 drops=0
Sep 23 11:26:56 3dr_controller local3.info streamer: pkts=71 bytes=3006 drops=0
Sep 23 11:27:06 3dr_controller local3.info streamer: pkts=71 bytes=3006 drops=0
Sep 23 11:27:16 3dr_controller local3.info streamer: pkts=71 bytes=3000 drops=0
Sep 23 11:27:26 3dr_controller local3.info streamer: pkts=72 bytes=3012 drops=0
Sep 23 11:27:36 3dr_controller local3.info streamer: pkts=72 bytes=3006 drops=0
Sep 23 11:27:46 3dr_controller local3.info streamer: pkts=71 bytes=3006 drops=0
Sep 23 11:27:56 3dr_controller local3.info streamer: pkts=72 bytes=3006 drops=0
Sep 23 11:28:06 3dr_controller local3.info streamer: pkts=71 bytes=3006 drops=0
Sep 23 11:28:16 3dr_controller local3.info streamer: pkts=72 bytes=3006 drops=0
Sep 23 11:28:26 3dr_controller local3.info streamer: pkts=71 bytes=3006 drops=0
Sep 23 11:28:36 3dr_controller local3.info streamer: pkts=71 bytes=3000 drops=0
Sep 23 11:28:46 3dr_controller local3.info streamer: pkts=72 bytes=3012 drops=0
Sep 23 11:28:56 3dr_controller local3.info streamer: pkts=71 bytes=3006 drops=0
Sep 23 11:29:06 3dr_controller local3.info streamer: pkts=71 bytes=3006 drops=0
Sep 23 11:29:16 3dr_controller local3.info streamer: pkts=72 bytes=3006 drops=0
Sep 23 11:29:26 3dr_controller local3.info streamer: pkts=72 bytes=3006 drops=0
Sep 23 11:29:36 3dr_controller local3.info streamer: pkts=71 bytes=3006 drops=0
Sep 23 11:29:46 3dr_controller local3.info streamer: pkts=72 bytes=3006 drops=0
Sep 23 11:29:56 3dr_controller local3.info streamer: pkts=71 bytes=3000 drops=0
Sep 23 11:30:06 3dr_controller local3.info streamer: pkts=72 bytes=3012 drops=0
Sep 23 11:30:16 3dr_controller local3.info streamer: pkts=72 bytes=3006 drops=0
Sep 23 11:30:26 3dr_controller local3.info streamer: pkts=71 bytes=3000 drops=0
Sep 23 11:30:36 3dr_controller local3.info streamer: pkts=72 bytes=3012 drops=0
Sep 23 11:30:46 3dr_controller local3.info streamer: pkts=71 bytes=3006 drops=0
Sep 23 11:30:56 3dr_controller local3.info streamer: pkts=71 bytes=3000 drops=0
Sep 23 11:31:06 3dr_controller local3.info streamer: pkts=72 bytes=3012 drops=0
Sep 23 11:31:16 3dr_controller local3.info streamer: pkts=71 bytes=3006 drops=0
Sep 23 11:31:26 3dr_controller local3.info streamer: pkts=72 bytes=3006 drops=0
Sep 23 11:31:36 3dr_controller local3.info streamer: pkts=71 bytes=3006 drops=0
Sep 23 11:31:46 3dr_controller local3.info streamer: pkts=71 bytes=3000 drops=0
Sep 23 11:31:56 3dr_controller local3.info streamer: pkts=72 bytes=3012 drops=0
Sep 23 11:32:06 3dr_controller local3.info streamer: pkts=71 bytes=3006 drops=0
Sep 23 11:32:16 3dr_controller local3.info streamer: pkts=71 bytes=3002 drops=0
Sep 23 11:32:26 3dr_controller local3.info streamer: pkts=72 bytes=3010 drops=0
Sep 23 11:32:36 3dr_controller local3.info streamer: pkts=72 bytes=3006 drops=0
Sep 23 11:32:46 3dr_controller local3.info streamer: pkts=72 bytes=3006 drops=0
Sep 23 11:32:56 3dr_controller local3.info streamer: pkts=72 bytes=3006 drops=0
Sep 23 11:33:06 3dr_controller local3.info streamer: pkts=71 bytes=3000 drops=0
Sep 23 11:33:16 3dr_controller local3.info streamer: pkts=72 bytes=3012 drops=0
Sep 23 11:33:26 3dr_controller local3.info streamer: pkts=72 bytes=3006 drops=0
Sep 23 11:33:36 3dr_controller local3.info streamer: pkts=71 bytes=2999 drops=0
Sep 23 11:33:46 3dr_controller local3.info streamer: pkts=72 bytes=3012 drops=0
Sep 23 11:33:56 3dr_controller local3.info streamer: pkts=72 bytes=3006 drops=0
Sep 23 11:34:06 3dr_controller local3.info streamer: pkts=71 bytes=3003 drops=0
Sep 23 11:34:16 3dr_controller local3.info streamer: pkts=72 bytes=3008 drops=0
Sep 23 11:34:26 3dr_controller local3.info streamer: pkts=71 bytes=3000 drops=0
Sep 23 11:34:36 3dr_controller local3.info streamer: pkts=72 bytes=3012 drops=0
Sep 23 11:34:46 3dr_controller local3.info streamer: pkts=72 bytes=3006 drops=0
Sep 23 11:34:56 3dr_controller local3.info streamer: pkts=71 bytes=3000 drops=0
Sep 23 11:35:06 3dr_controller local3.info streamer: pkts=72 bytes=3012 drops=0
Sep 23 11:35:16 3dr_controller local3.info streamer: pkts=71 bytes=3006 drops=0
Sep 23 11:35:26 3dr_controller local3.info streamer: pkts=71 bytes=2999 drops=0
Sep 23 11:35:36 3dr_controller local3.info streamer: pkts=72 bytes=3012 drops=0
Sep 23 11:35:46 3dr_controller local3.info streamer: pkts=72 bytes=3006 drops=0
Sep 23 11:35:56 3dr_controller local3.info streamer: pkts=71 bytes=3003 drops=0
Sep 23 11:36:06 3dr_controller local3.info streamer: pkts=72 bytes=3008 drops=0
Sep 23 11:36:16 3dr_controller local3.info streamer: pkts=71 bytes=3000 drops=0
Sep 23 11:36:26 3dr_controller local3.info streamer: pkts=72 bytes=3012 drops=0
Sep 23 11:36:36 3dr_controller local3.info streamer: pkts=72 bytes=3006 drops=0
Sep 23 11:36:46 3dr_controller local3.info streamer: pkts=71 bytes=3002 drops=0
Sep 23 11:36:56 3dr_controller local3.info streamer: pkts=72 bytes=3010 drops=0
Sep 23 11:37:06 3dr_controller local3.info streamer: pkts=71 bytes=3006 drops=0
Sep 23 11:37:16 3dr_controller local3.info streamer: pkts=71 bytes=3004 drops=0
Sep 23 11:37:26 3dr_controller local3.info streamer: pkts=72 bytes=3008 drops=0
Sep 23 11:37:36 3dr_controller local3.info streamer: pkts=71 bytes=3000 drops=0
Sep 23 11:37:46 3dr_controller local3.info streamer: pkts=72 bytes=3012 drops=0
Sep 23 11:37:56 3dr_controller local3.info streamer: pkts=72 bytes=3006 drops=0
Sep 23 11:38:06 3dr_controller local3.info streamer: pkts=71 bytes=3000 drops=0
Sep 23 11:38:16 3dr_controller local3.info streamer: pkts=72 bytes=3012 drops=0
Sep 23 11:38:26 3dr_controller local3.info streamer: pkts=72 bytes=3006 drops=0
Sep 23 11:38:36 3dr_controller local3.info streamer: pkts=71 bytes=3002 drops=0
Sep 23 11:38:46 3dr_controller local3.info streamer: pkts=72 bytes=3010 drops=0
Sep 23 11:38:56 3dr_controller local3.info streamer: pkts=71 bytes=3000 drops=0
Sep 23 11:39:06 3dr_controller local3.info streamer: pkts=72 bytes=3012 drops=0
Sep 23 11:39:16 3dr_controller local3.info streamer: pkts=72 bytes=3006 drops=0
Sep 23 11:39:26 3dr_controller local3.info streamer: pkts=71 bytes=3000 drops=0
Sep 23 11:39:36 3dr_controller local3.info streamer: pkts=72 bytes=3012 drops=0
Sep 23 11:39:46 3dr_controller local3.info streamer: pkts=72 bytes=3006 drops=0
Sep 23 11:39:56 3dr_controller local3.info streamer: pkts=71 bytes=3000 drops=0
Sep 23 11:40:06 3dr_controller local3.info streamer: pkts=72 bytes=3012 drops=0
Sep 23 11:40:16 3dr_controller local3.info streamer: pkts=71 bytes=3000 drops=0
Sep 23 11:40:26 3dr_controller local3.info streamer: pkts=71 bytes=3006 drops=0
Sep 23 11:40:36 3dr_controller local3.info streamer: pkts=72 bytes=3012 drops=0
Sep 23 11:40:46 3dr_controller local3.info streamer: pkts=71 bytes=3000 drops=0
Sep 23 11:40:56 3dr_controller local3.info streamer: pkts=72 bytes=3006 drops=0
Sep 23 11:41:06 3dr_controller local3.info streamer: pkts=72 bytes=3012 drops=0
Sep 23 11:41:16 3dr_controller local3.info streamer: pkts=71 bytes=3000 drops=0
Sep 23 11:41:26 3dr_controller local3.info streamer: pkts=72 bytes=3012 drops=0
Sep 23 11:41:36 3dr_controller local3.info streamer: pkts=71 bytes=3006 drops=0
Sep 23 11:41:46 3dr_controller local3.info streamer: pkts=71 bytes=3000 drops=0
Sep 23 11:41:56 3dr_controller local3.info streamer: pkts=72 bytes=3012 drops=0
Sep 23 11:42:06 3dr_controller local3.info streamer: pkts=71 bytes=3000 drops=0
Sep 23 11:42:16 3dr_controller local3.info streamer: pkts=72 bytes=3008 drops=0
Sep 23 11:42:26 3dr_controller local3.info streamer: pkts=72 bytes=3010 drops=0
Sep 23 11:42:36 3dr_controller local3.info streamer: pkts=71 bytes=3000 drops=0
Sep 23 11:42:46 3dr_controller local3.info streamer: pkts=72 bytes=3012 drops=0
Sep 23 11:42:56 3dr_controller local3.info streamer: pkts=71 bytes=3006 drops=0
Sep 23 11:43:06 3dr_controller local3.info streamer: pkts=71 bytes=3000 drops=0
Sep 23 11:43:16 3dr_controller local3.info streamer: pkts=72 bytes=3012 drops=0
Sep 23 11:43:26 3dr_controller local3.info streamer: pkts=71 bytes=3000 drops=0
Sep 23 11:43:36 3dr_controller local3.info streamer: pkts=72 bytes=3006 drops=0
Sep 23 11:43:46 3dr_controller local3.info streamer: pkts=72 bytes=3012 drops=0
Sep 23 11:43:56 3dr_controller local3.info streamer: pkts=71 bytes=2999 drops=0
Sep 23 11:44:06 3dr_controller local3.info streamer: pkts=72 bytes=3006 drops=0
Sep 23 11:44:16 3dr_controller local3.info streamer: pkts=72 bytes=3012 drops=0
Sep 23 11:44:26 3dr_controller local3.info streamer: pkts=71 bytes=3000 drops=0
Sep 23 11:44:36 3dr_controller local3.info streamer: pkts=72 bytes=3012 drops=0
Sep 23 11:44:46 3dr_controller local3.info streamer: pkts=71 bytes=3000 drops=0
Sep 23 11:44:56 3dr_controller local3.info streamer: pkts=72 bytes=3006 drops=0
Sep 23 11:45:06 3dr_controller local3.info streamer: pkts=72 bytes=3012 drops=0
Sep 23 11:45:16 3dr_controller local3.info streamer: pkts=71 bytes=3000 drops=0
Sep 23 11:45:26 3dr_controller local3.info streamer: pkts=72 bytes=3008 drops=0
Sep 23 11:45:36 3dr_controller local3.info streamer: pkts=72 bytes=3010 drops=0
Sep 23 11:45:46 3dr_controller local3.info streamer: pkts=71 bytes=3000 drops=0
Sep 23 11:45:56 3dr_controller local3.info streamer: pkts=72 bytes=3006 drops=0
Sep 23 11:46:06 3dr_controller local3.info streamer: pkts=71 bytes=3006 drops=0
Sep 23 11:46:16 3dr_controller local3.info streamer: pkts=71 bytes=3006 drops=0
Sep 23 11:46:26 3dr_controller local3.info streamer: pkts=72 bytes=3012 drops=0
Sep 23 11:46:36 3dr_controller local3.info streamer: pkts=71 bytes=3000 drops=0
Sep 23 11:46:46 3dr_controller local3.info streamer: pkts=71 bytes=3006 drops=0
Sep 23 11:46:56 3dr_controller local3.info streamer: pkts=72 bytes=3012 drops=0
Sep 23 11:47:06 3dr_controller local3.info streamer: pkts=71 bytes=3000 drops=0
Sep 23 11:47:16 3dr_controller local3.info streamer: pkts=72 bytes=3006 drops=0
Sep 23 11:47:26 3dr_controller local3.info streamer: pkts=72 bytes=3012 drops=0
Sep 23 11:47:36 3dr_controller local3.info streamer: pkts=71 bytes=3000 drops=0
Sep 23 11:47:46 3dr_controller local3.info streamer: pkts=72 bytes=3012 drops=0
Sep 23 11:47:56 3dr_controller local3.info streamer: pkts=71 bytes=3000 drops=0
Sep 23 11:48:06 3dr_controller local3.info streamer: pkts=72 bytes=3006 drops=0
Sep 23 11:48:16 3dr_controller local3.info streamer: pkts=72 bytes=3012 drops=0
Sep 23 11:48:26 3dr_controller local3.info streamer: pkts=71 bytes=2999 drops=0
Sep 23 11:48:36 3dr_controller local3.info streamer: pkts=71 bytes=3006 drops=0
Sep 23 11:48:46 3dr_controller local3.info streamer: pkts=72 bytes=3012 drops=0
Sep 23 11:48:56 3dr_controller local3.info streamer: pkts=71 bytes=3000 drops=0
Sep 23 11:49:06 3dr_controller local3.info streamer: pkts=71 bytes=3006 drops=0
Sep 23 11:49:16 3dr_controller local3.info streamer: pkts=71 bytes=3006 drops=0
Sep 23 11:49:26 3dr_controller local3.info streamer: pkts=67 bytes=3000 drops=16613
Sep 23 11:49:36 3dr_controller local3.info streamer: pkts=72 bytes=3333 drops=0
Sep 23 11:49:46 3dr_controller local3.info streamer: pkts=71 bytes=3006 drops=0
Sep 23 11:49:56 3dr_controller local3.info streamer: pkts=72 bytes=3006 drops=0
Sep 23 11:50:06 3dr_controller local3.info streamer: pkts=72 bytes=3006 drops=0
Sep 23 11:50:16 3dr_controller local3.info streamer: pkts=72 bytes=3006 drops=0
Sep 23 11:50:26 3dr_controller local3.info streamer: pkts=71 bytes=3006 drops=0
Sep 23 11:50:36 3dr_controller local3.info streamer: pkts=71 bytes=3006 drops=0
Sep 23 11:50:46 3dr_controller local3.info streamer: pkts=72 bytes=3006 drops=0
Sep 23 11:50:56 3dr_controller local3.info streamer: pkts=71 bytes=3006 drops=0
Sep 23 11:51:06 3dr_controller local3.info streamer: pkts=72 bytes=3006 drops=0
Sep 23 11:51:16 3dr_controller local3.info streamer: pkts=71 bytes=3006 drops=0
Sep 23 11:51:26 3dr_controller local3.info streamer: pkts=72 bytes=3006 drops=0
Sep 23 11:51:36 3dr_controller local3.info streamer: pkts=71 bytes=3006 drops=0
Sep 23 11:51:46 3dr_controller local3.info streamer: pkts=72 bytes=3006 drops=0
Sep 23 11:51:56 3dr_controller local3.info streamer: pkts=71 bytes=3006 drops=0
Sep 23 11:52:06 3dr_controller local3.info streamer: pkts=72 bytes=3006 drops=0
Sep 23 11:52:16 3dr_controller local3.info streamer: pkts=71 bytes=3002 drops=0
Sep 23 11:52:26 3dr_controller local3.info streamer: pkts=72 bytes=3010 drops=0
Sep 23 11:52:36 3dr_controller local3.info streamer: pkts=72 bytes=3006 drops=0
Sep 23 11:52:46 3dr_controller local3.info streamer: pkts=71 bytes=3001 drops=0
Sep 23 11:52:56 3dr_controller local3.info streamer: pkts=72 bytes=3010 drops=0
Sep 23 11:53:06 3dr_controller local3.info streamer: pkts=71 bytes=3006 drops=0
Sep 23 11:53:16 3dr_controller local3.info streamer: pkts=67 bytes=3253 drops=8680
Sep 23 11:53:26 3dr_controller local3.info streamer: pkts=71 bytes=3006 drops=0
Sep 23 11:53:36 3dr_controller local3.info streamer: pkts=71 bytes=3006 drops=0
Sep 23 11:53:46 3dr_controller local3.info streamer: pkts=72 bytes=3006 drops=0
Sep 23 11:53:56 3dr_controller local3.info streamer: pkts=71 bytes=3006 drops=0
Sep 23 11:54:06 3dr_controller local3.info streamer: pkts=72 bytes=3006 drops=0
Sep 23 11:54:16 3dr_controller local3.info streamer: pkts=72 bytes=3006 drops=0
Sep 23 11:54:26 3dr_controller local3.info streamer: pkts=71 bytes=3006 drops=0
Sep 23 11:54:36 3dr_controller local3.info streamer: pkts=72 bytes=3006 drops=0
Sep 23 11:54:46 3dr_controller local3.info streamer: pkts=71 bytes=3006 drops=0
Sep 23 11:54:56 3dr_controller local3.info streamer: pkts=72 bytes=3006 drops=0
Sep 23 11:55:06 3dr_controller local3.info streamer: pkts=68 bytes=3359 drops=35717
Sep 23 11:55:16 3dr_controller local3.info streamer: pkts=71 bytes=3000 drops=0
Sep 23 11:55:26 3dr_controller local3.info streamer: pkts=71 bytes=3006 drops=0
Sep 23 11:55:36 3dr_controller local3.info streamer: pkts=71 bytes=3006 drops=0
Sep 23 11:55:46 3dr_controller local3.info streamer: pkts=72 bytes=3006 drops=0
Sep 23 11:55:56 3dr_controller local3.info streamer: pkts=72 bytes=3012 drops=0
Sep 23 11:56:06 3dr_controller local3.info streamer: pkts=71 bytes=3000 drops=0
Sep 23 11:56:16 3dr_controller local3.info streamer: pkts=71 bytes=3006 drops=0
Sep 23 11:56:26 3dr_controller local3.info streamer: pkts=72 bytes=3012 drops=0
Sep 23 11:56:36 3dr_controller local3.info streamer: pkts=71 bytes=3000 drops=0
Sep 23 11:56:46 3dr_controller local3.info streamer: pkts=71 bytes=3006 drops=0
Sep 23 11:56:56 3dr_controller local3.info streamer: pkts=72 bytes=3006 drops=0
Sep 23 11:57:06 3dr_controller local3.info streamer: pkts=71 bytes=3006 drops=0
Sep 23 11:57:16 3dr_controller local3.info streamer: pkts=72 bytes=3008 drops=0
Sep 23 11:57:26 3dr_controller local3.info streamer: pkts=71 bytes=3004 drops=0
Sep 23 11:57:36 3dr_controller local3.info streamer: pkts=72 bytes=3006 drops=0
Sep 23 11:57:46 3dr_controller local3.info streamer: pkts=72 bytes=3006 drops=0
Sep 23 11:57:56 3dr_controller local3.info streamer: pkts=71 bytes=3006 drops=0
Sep 23 11:58:06 3dr_controller local3.info streamer: pkts=72 bytes=3006 drops=0
Sep 23 11:58:16 3dr_controller local3.info streamer: pkts=72 bytes=3006 drops=0
Sep 23 11:58:26 3dr_controller local3.info streamer: pkts=71 bytes=3006 drops=0
Sep 23 11:58:36 3dr_controller local3.info streamer: pkts=71 bytes=3006 drops=0
Sep 23 11:58:46 3dr_controller local3.info streamer: pkts=71 bytes=3006 drops=0
Sep 23 11:58:56 3dr_controller local3.info streamer: pkts=72 bytes=3006 drops=0
Sep 23 11:59:06 3dr_controller local3.info streamer: pkts=72 bytes=3008 drops=0
Sep 23 11:59:16 3dr_controller local3.info streamer: pkts=71 bytes=3004 drops=0
Sep 23 11:59:26 3dr_controller local3.info streamer: pkts=72 bytes=3006 drops=0
Sep 23 11:59:36 3dr_controller local3.info streamer: pkts=71 bytes=3006 drops=0
Sep 23 11:59:46 3dr_controller local3.info streamer: pkts=72 bytes=3006 drops=0
Sep 23 11:59:56 3dr_controller local3.info streamer: pkts=72 bytes=3006 drops=0
Sep 23 12:00:06 3dr_controller local3.info streamer: pkts=71 bytes=3006 drops=0
Sep 23 12:00:16 3dr_controller local3.info streamer: pkts=72 bytes=3006 drops=0
Sep 23 12:00:26 3dr_controller local3.info streamer: pkts=71 bytes=3006 drops=0
Sep 23 12:00:36 3dr_controller local3.info streamer: pkts=72 bytes=3006 drops=0
Sep 23 12:00:46 3dr_controller local3.info streamer: pkts=71 bytes=3006 drops=0
Sep 23 12:00:56 3dr_controller local3.info streamer: pkts=71 bytes=3006 drops=0
Sep 23 12:01:06 3dr_controller local3.info streamer: pkts=72 bytes=3006 drops=0
Sep 23 12:01:16 3dr_controller local3.info streamer: pkts=71 bytes=3006 drops=0
Sep 23 12:01:26 3dr_controller local3.info streamer: pkts=72 bytes=3006 drops=0
Sep 23 12:01:36 3dr_controller local3.info streamer: pkts=72 bytes=3006 drops=0
Sep 23 12:01:46 3dr_controller local3.info streamer: pkts=71 bytes=3006 drops=0
Sep 23 12:01:56 3dr_controller local3.info streamer: pkts=72 bytes=3006 drops=0
Sep 23 12:02:06 3dr_controller local3.info streamer: pkts=71 bytes=3006 drops=0
Sep 23 12:02:16 3dr_controller local3.info streamer: pkts=72 bytes=3006 drops=0
Sep 23 12:02:26 3dr_controller local3.info streamer: pkts=71 bytes=3006 drops=0
Sep 23 12:02:36 3dr_controller local3.info streamer: pkts=72 bytes=3006 drops=0
Sep 23 12:02:46 3dr_controller local3.info streamer: pkts=72 bytes=3006 drops=0
Sep 23 12:02:56 3dr_controller local3.info streamer: pkts=72 bytes=3006 drops=0
Sep 23 12:03:06 3dr_controller local3.info streamer: pkts=72 bytes=3006 drops=0
Sep 23 12:03:16 3dr_controller local3.info streamer: pkts=71 bytes=3006 drops=0
Sep 23 12:03:26 3dr_controller local3.info streamer: pkts=71 bytes=3006 drops=0
Sep 23 12:03:36 3dr_controller local3.info streamer: pkts=72 bytes=3006 drops=0
Sep 23 12:03:46 3dr_controller local3.info streamer: pkts=71 bytes=3006 drops=0
Sep 23 12:03:56 3dr_controller local3.info streamer: pkts=71 bytes=3006 drops=0
Sep 23 12:04:06 3dr_controller local3.info streamer: pkts=72 bytes=3006 drops=0
Sep 23 12:04:16 3dr_controller local3.info streamer: pkts=71 bytes=3006 drops=0
Sep 23 12:04:26 3dr_controller local3.info streamer: pkts=71 bytes=3006 drops=0
Sep 23 12:04:36 3dr_controller local3.info streamer: pkts=72 bytes=3006 drops=0
Sep 23 12:04:46 3dr_controller local3.info streamer: pkts=71 bytes=3006 drops=0
Sep 23 12:04:56 3dr_controller local3.info streamer: pkts=71 bytes=3006 drops=0
Sep 23 12:05:06 3dr_controller local3.info streamer: pkts=71 bytes=3006 drops=0
Sep 23 12:05:16 3dr_controller local3.info streamer: pkts=72 bytes=3006 drops=0
Sep 23 12:05:26 3dr_controller local3.info streamer: pkts=71 bytes=3006 drops=0
Sep 23 12:05:36 3dr_controller local3.info streamer: pkts=72 bytes=3006 drops=0
Sep 23 12:05:46 3dr_controller local3.info streamer: pkts=72 bytes=3006 drops=0
Sep 23 12:05:56 3dr_controller local3.info streamer: pkts=71 bytes=3006 drops=0
Sep 23 12:06:06 3dr_controller local3.info streamer: pkts=72 bytes=3006 drops=0
Sep 23 12:06:16 3dr_controller local3.info streamer: pkts=71 bytes=3006 drops=0
Sep 23 12:06:26 3dr_controller local3.info streamer: pkts=72 bytes=3006 drops=0
Sep 23 12:06:36 3dr_controller local3.info streamer: pkts=72 bytes=3006 drops=0
Sep 23 12:06:46 3dr_controller local3.info streamer: pkts=71 bytes=3006 drops=0
Sep 23 12:06:56 3dr_controller local3.info streamer: pkts=71 bytes=3006 drops=0
Sep 23 12:07:06 3dr_controller local3.info streamer: pkts=72 bytes=3006 drops=0
Sep 23 12:07:16 3dr_controller local3.info streamer: pkts=71 bytes=3006 drops=0
Sep 23 12:07:26 3dr_controller local3.info streamer: pkts=72 bytes=3006 drops=0
Sep 23 12:07:36 3dr_controller local3.info streamer: pkts=72 bytes=3006 drops=0
Sep 23 12:07:46 3dr_controller local3.info streamer: pkts=71 bytes=3006 drops=0
Sep 23 12:07:56 3dr_controller local3.info streamer: pkts=72 bytes=3006 drops=0
Sep 23 12:08:06 3dr_controller local3.info streamer: pkts=72 bytes=3006 drops=0
Sep 23 12:08:16 3dr_controller local3.info streamer: pkts=71 bytes=3006 drops=0
Sep 23 12:08:26 3dr_controller local3.info streamer: pkts=71 bytes=3006 drops=0
Sep 23 12:08:36 3dr_controller local3.info streamer: pkts=72 bytes=3006 drops=0
Sep 23 12:08:46 3dr_controller local3.info streamer: pkts=72 bytes=3006 drops=0
Sep 23 12:08:56 3dr_controller local3.info streamer: pkts=71 bytes=3006 drops=0
Sep 23 12:09:06 3dr_controller local3.info streamer: pkts=72 bytes=3006 drops=0
Sep 23 12:09:16 3dr_controller local3.info streamer: pkts=72 bytes=3006 drops=0
Sep 23 12:09:26 3dr_controller local3.info streamer: pkts=71 bytes=3006 drops=0
Sep 23 12:09:36 3dr_controller local3.info streamer: pkts=72 bytes=3006 drops=0
Sep 23 12:09:46 3dr_controller local3.info streamer: pkts=71 bytes=3006 drops=0
Sep 23 12:09:56 3dr_controller local3.info streamer: pkts=72 bytes=3006 drops=0
Sep 23 12:10:06 3dr_controller local3.info streamer: pkts=72 bytes=3006 drops=0
Sep 23 12:10:16 3dr_controller local3.info streamer: pkts=71 bytes=3006 drops=0
Sep 23 12:10:26 3dr_controller local3.info streamer: pkts=72 bytes=3006 drops=0
Sep 23 12:10:36 3dr_controller local3.info streamer: pkts=72 bytes=3006 drops=0
Sep 23 12:10:46 3dr_controller local3.info streamer: pkts=71 bytes=3006 drops=0
Sep 23 12:10:56 3dr_controller local3.info streamer: pkts=72 bytes=3006 drops=0
Sep 23 12:11:06 3dr_controller local3.info streamer: pkts=68 bytes=3365 drops=0
Sep 23 12:11:16 3dr_controller local3.info streamer: pkts=71 bytes=3000 drops=0
Sep 23 12:11:26 3dr_controller local3.info streamer: pkts=72 bytes=3012 drops=0
Sep 23 12:11:36 3dr_controller local3.info streamer: pkts=72 bytes=3006 drops=0
Sep 23 12:11:46 3dr_controller local3.info streamer: pkts=71 bytes=3000 drops=0
Sep 23 12:11:56 3dr_controller local3.info streamer: pkts=72 bytes=3012 drops=0
Sep 23 12:12:06 3dr_controller local3.info streamer: pkts=71 bytes=3000 drops=0
Sep 23 12:12:16 3dr_controller local3.info streamer: pkts=71 bytes=3006 drops=0
Sep 23 12:12:26 3dr_controller local3.info streamer: pkts=72 bytes=3012 drops=0
Sep 23 12:12:36 3dr_controller local3.info streamer: pkts=71 bytes=3000 drops=0
Sep 23 12:12:46 3dr_controller local3.info streamer: pkts=72 bytes=3008 drops=0
Sep 23 12:12:56 3dr_controller local3.info streamer: pkts=64 bytes=3103 drops=40381
Sep 23 12:13:06 3dr_controller local3.info streamer: pkts=61 bytes=3037 drops=56003
Sep 23 12:13:16 3dr_controller local3.info streamer: pkts=70 bytes=3195 drops=24139
Sep 23 12:13:26 3dr_controller local3.info streamer: pkts=72 bytes=3006 drops=0
Sep 23 12:13:36 3dr_controller local3.info streamer: pkts=71 bytes=3006 drops=0
Sep 23 12:13:46 3dr_controller local3.info streamer: pkts=72 bytes=3006 drops=0
Sep 23 12:13:56 3dr_controller local3.info streamer: pkts=72 bytes=3006 drops=0
Sep 23 12:14:06 3dr_controller local3.info streamer: pkts=71 bytes=3006 drops=0
Sep 23 12:14:16 3dr_controller local3.info streamer: pkts=67 bytes=3280 drops=36266
Sep 23 12:14:26 3dr_controller local3.info streamer: pkts=72 bytes=3006 drops=0
Sep 23 12:14:36 3dr_controller local3.info streamer: pkts=72 bytes=3006 drops=0
Sep 23 12:14:46 3dr_controller local3.info streamer: pkts=71 bytes=3006 drops=0
Sep 23 12:14:56 3dr_controller local3.info streamer: pkts=71 bytes=3006 drops=0
Sep 23 12:15:06 3dr_controller local3.info streamer: pkts=71 bytes=2909 drops=0
Sep 23 12:15:16 3dr_controller local3.info streamer: pkts=72 bytes=3103 drops=0
Sep 23 12:15:26 3dr_controller local3.info streamer: pkts=72 bytes=3006 drops=0
Sep 23 12:15:36 3dr_controller local3.info streamer: pkts=72 bytes=3006 drops=0
Sep 23 12:15:46 3dr_controller local3.info streamer: pkts=71 bytes=3006 drops=0
Sep 23 12:15:56 3dr_controller local3.info streamer: pkts=72 bytes=3006 drops=0
Sep 23 12:16:06 3dr_controller local3.info streamer: pkts=71 bytes=3006 drops=0
Sep 23 12:16:16 3dr_controller local3.info streamer: pkts=71 bytes=3006 drops=0
Sep 23 12:16:26 3dr_controller local3.info streamer: pkts=72 bytes=3006 drops=0
Sep 23 12:16:36 3dr_controller local3.info streamer: pkts=72 bytes=3006 drops=0
Sep 23 12:16:46 3dr_controller local3.info streamer: pkts=71 bytes=3006 drops=0
Sep 23 12:16:56 3dr_controller local3.info streamer: pkts=72 bytes=3006 drops=0
Sep 23 12:17:06 3dr_controller local3.info streamer: pkts=71 bytes=3006 drops=0
Sep 23 12:17:16 3dr_controller local3.info streamer: pkts=72 bytes=3006 drops=0
Sep 23 12:17:26 3dr_controller local3.info streamer: pkts=72 bytes=3006 drops=0
Sep 23 12:17:36 3dr_controller local3.info streamer: pkts=71 bytes=3006 drops=0
Sep 23 12:17:46 3dr_controller local3.info streamer: pkts=71 bytes=3006 drops=0
Sep 23 12:17:56 3dr_controller local3.info streamer: pkts=72 bytes=3006 drops=0
Sep 23 12:18:06 3dr_controller local3.info streamer: pkts=72 bytes=3006 drops=0
Sep 23 12:18:16 3dr_controller local3.info streamer: pkts=71 bytes=2909 drops=0
Sep 23 12:18:26 3dr_controller local3.info streamer: pkts=72 bytes=3103 drops=0
Sep 23 12:18:36 3dr_controller local3.info streamer: pkts=71 bytes=3006 drops=0
Sep 23 12:18:46 3dr_controller local3.info streamer: pkts=72 bytes=3006 drops=0
Sep 23 12:18:56 3dr_controller local3.info streamer: pkts=71 bytes=3006 drops=0
Sep 23 12:19:06 3dr_controller local3.info streamer: pkts=72 bytes=3006 drops=0
Sep 23 12:19:16 3dr_controller local3.info streamer: pkts=71 bytes=3006 drops=0
Sep 23 12:19:26 3dr_controller local3.info streamer: pkts=72 bytes=3006 drops=0
Sep 23 12:19:36 3dr_controller local3.info streamer: pkts=71 bytes=2906 drops=0
Sep 23 12:19:46 3dr_controller local3.info streamer: pkts=72 bytes=3106 drops=0
Sep 23 12:19:56 3dr_controller local3.info streamer: pkts=71 bytes=3006 drops=0
Sep 23 12:20:06 3dr_controller local3.info streamer: pkts=72 bytes=3006 drops=0
Sep 23 12:20:16 3dr_controller local3.info streamer: pkts=71 bytes=3006 drops=0
Sep 23 12:20:26 3dr_controller local3.info streamer: pkts=71 bytes=3006 drops=0
Sep 23 12:20:36 3dr_controller local3.info streamer: pkts=72 bytes=3006 drops=0
Sep 23 12:20:46 3dr_controller local3.info streamer: pkts=71 bytes=3006 drops=0
Sep 23 12:20:56 3dr_controller local3.info streamer: pkts=71 bytes=2909 drops=0
Sep 23 12:21:06 3dr_controller local3.info streamer: pkts=72 bytes=3103 drops=0
Sep 23 12:21:16 3dr_controller local3.info streamer: pkts=72 bytes=3006 drops=0
Sep 23 12:21:26 3dr_controller local3.info streamer: pkts=71 bytes=3006 drops=0
Sep 23 12:21:36 3dr_controller local3.info streamer: pkts=72 bytes=3006 drops=0
Sep 23 12:21:46 3dr_controller local3.info streamer: pkts=71 bytes=3006 drops=0
Sep 23 12:21:56 3dr_controller local3.info streamer: pkts=72 bytes=3006 drops=0
Sep 23 12:22:06 3dr_controller local3.info streamer: pkts=71 bytes=3006 drops=0
Sep 23 12:22:16 3dr_controller local3.info streamer: pkts=71 bytes=2906 drops=0
Sep 23 12:22:26 3dr_controller local3.info streamer: pkts=72 bytes=3106 drops=0
Sep 23 12:22:36 3dr_controller local3.info streamer: pkts=71 bytes=3006 drops=0
Sep 23 12:22:46 3dr_controller local3.info streamer: pkts=71 bytes=2909 drops=0
Sep 23 12:22:56 3dr_controller local3.info streamer: pkts=72 bytes=3103 drops=0
Sep 23 12:23:06 3dr_controller local3.info streamer: pkts=71 bytes=3006 drops=0
Sep 23 12:23:16 3dr_controller local3.info streamer: pkts=71 bytes=3006 drops=0
Sep 23 12:23:26 3dr_controller local3.info streamer: pkts=72 bytes=3006 drops=0
Sep 23 12:23:36 3dr_controller local3.info streamer: pkts=71 bytes=3006 drops=0
Sep 23 12:23:46 3dr_controller local3.info streamer: pkts=72 bytes=3006 drops=0
Sep 23 12:23:56 3dr_controller local3.info streamer: pkts=71 bytes=3006 drops=0
Sep 23 12:24:06 3dr_controller local3.info streamer: pkts=71 bytes=2908 drops=0
Sep 23 12:24:16 3dr_controller local3.info streamer: pkts=72 bytes=3103 drops=0
Sep 23 12:24:26 3dr_controller local3.info streamer: pkts=71 bytes=3006 drops=0
Sep 23 12:24:36 3dr_controller local3.info streamer: pkts=72 bytes=3006 drops=0
Sep 23 12:24:46 3dr_controller local3.info streamer: pkts=71 bytes=3006 drops=0
Sep 23 12:24:56 3dr_controller local3.info streamer: pkts=72 bytes=3006 drops=0
Sep 23 12:25:06 3dr_controller local3.info streamer: pkts=72 bytes=3006 drops=0
Sep 23 12:25:16 3dr_controller local3.info streamer: pkts=71 bytes=3006 drops=0
Sep 23 12:25:26 3dr_controller local3.info streamer: pkts=71 bytes=2906 drops=0
Sep 23 12:25:36 3dr_controller local3.info streamer: pkts=72 bytes=3106 drops=0
Sep 23 12:25:46 3dr_controller local3.info streamer: pkts=71 bytes=3006 drops=0
Sep 23 12:25:56 3dr_controller local3.info streamer: pkts=71 bytes=2906 drops=0
Sep 23 12:26:06 3dr_controller local3.info streamer: pkts=72 bytes=3105 drops=0
Sep 23 12:26:16 3dr_controller local3.info streamer: pkts=72 bytes=3006 drops=0
Sep 23 12:26:26 3dr_controller local3.info streamer: pkts=71 bytes=3006 drops=0
Sep 23 12:26:36 3dr_controller local3.info streamer: pkts=72 bytes=3006 drops=0
Sep 23 12:26:46 3dr_controller local3.info streamer: pkts=71 bytes=2906 drops=0
Sep 23 12:26:56 3dr_controller local3.info streamer: pkts=72 bytes=3106 drops=0
Sep 23 12:27:06 3dr_controller local3.info streamer: pkts=71 bytes=3006 drops=0
Sep 23 12:27:16 3dr_controller local3.info streamer: pkts=71 bytes=2906 drops=0
Sep 23 12:27:26 3dr_controller local3.info streamer: pkts=72 bytes=3106 drops=0
Sep 23 12:27:36 3dr_controller local3.info streamer: pkts=71 bytes=3006 drops=0
Sep 23 12:27:46 3dr_controller local3.info streamer: pkts=72 bytes=3006 drops=0
Sep 23 12:27:56 3dr_controller local3.info streamer: pkts=72 bytes=3006 drops=0
Sep 23 12:28:06 3dr_controller local3.info streamer: pkts=71 bytes=2906 drops=0
Sep 23 12:28:16 3dr_controller local3.info streamer: pkts=72 bytes=3106 drops=0
Sep 23 12:28:26 3dr_controller local3.info streamer: pkts=71 bytes=3006 drops=0
Sep 23 12:28:36 3dr_controller local3.info streamer: pkts=71 bytes=2906 drops=0
Sep 23 12:28:46 3dr_controller local3.info streamer: pkts=72 bytes=3106 drops=0
Sep 23 12:28:56 3dr_controller local3.info streamer: pkts=71 bytes=3006 drops=0
Sep 23 12:29:06 3dr_controller local3.info streamer: pkts=71 bytes=2908 drops=0
Sep 23 12:29:16 3dr_controller local3.info streamer: pkts=72 bytes=3103 drops=0
Sep 23 12:29:26 3dr_controller local3.info streamer: pkts=72 bytes=3006 drops=0
Sep 23 12:29:36 3dr_controller local3.info streamer: pkts=71 bytes=3006 drops=0
Sep 23 12:29:46 3dr_controller local3.info streamer: pkts=72 bytes=3006 drops=0
Sep 23 12:29:56 3dr_controller local3.info streamer: pkts=71 bytes=2906 drops=0
Sep 23 12:30:06 3dr_controller local3.info streamer: pkts=72 bytes=3105 drops=0
Sep 23 12:30:16 3dr_controller local3.info streamer: pkts=72 bytes=3006 drops=0
Sep 23 12:30:26 3dr_controller local3.info streamer: pkts=71 bytes=2906 drops=0
Sep 23 12:30:36 3dr_controller local3.info streamer: pkts=72 bytes=3008 drops=0
Sep 23 12:30:46 3dr_controller local3.info streamer: pkts=72 bytes=3103 drops=0
Sep 23 12:30:56 3dr_controller local3.info streamer: pkts=71 bytes=2908 drops=0
Sep 23 12:31:06 3dr_controller local3.info streamer: pkts=72 bytes=3103 drops=0
Sep 23 12:31:16 3dr_controller local3.info streamer: pkts=71 bytes=2906 drops=0
Sep 23 12:31:26 3dr_controller local3.info streamer: pkts=72 bytes=3106 drops=0
Sep 23 12:31:36 3dr_controller local3.info streamer: pkts=71 bytes=3006 drops=0
Sep 23 12:31:46 3dr_controller local3.info streamer: pkts=71 bytes=2906 drops=0
Sep 23 12:31:56 3dr_controller local3.info streamer: pkts=72 bytes=3106 drops=0
Sep 23 12:32:06 3dr_controller local3.info streamer: pkts=71 bytes=3006 drops=0
Sep 23 12:32:16 3dr_controller local3.info streamer: pkts=71 bytes=2906 drops=0
Sep 23 12:32:26 3dr_controller local3.info streamer: pkts=72 bytes=3106 drops=0
Sep 23 12:32:36 3dr_controller local3.info streamer: pkts=71 bytes=2906 drops=0
Sep 23 12:32:46 3dr_controller local3.info streamer: pkts=72 bytes=3105 drops=0
Sep 23 12:32:56 3dr_controller local3.info streamer: pkts=71 bytes=3006 drops=0
Sep 23 12:33:06 3dr_controller local3.info streamer: pkts=71 bytes=2906 drops=0
Sep 23 12:33:16 3dr_controller local3.info streamer: pkts=72 bytes=3105 drops=0
Sep 23 12:33:26 3dr_controller local3.info streamer: pkts=71 bytes=3006 drops=0
Sep 23 12:33:36 3dr_controller local3.info streamer: pkts=71 bytes=2906 drops=0
Sep 23 12:33:46 3dr_controller local3.info streamer: pkts=72 bytes=3106 drops=0
Sep 23 12:33:56 3dr_controller local3.info streamer: pkts=71 bytes=2906 drops=0
Sep 23 12:34:06 3dr_controller local3.info streamer: pkts=72 bytes=3008 drops=0
Sep 23 12:34:16 3dr_controller local3.info streamer: pkts=72 bytes=3103 drops=0
Sep 23 12:34:26 3dr_controller local3.info streamer: pkts=71 bytes=2906 drops=0
Sep 23 12:34:36 3dr_controller local3.info streamer: pkts=72 bytes=3010 drops=0
Sep 23 12:34:46 3dr_controller local3.info streamer: pkts=72 bytes=3101 drops=0
Sep 23 12:34:56 3dr_controller local3.info streamer: pkts=71 bytes=2906 drops=0
Sep 23 12:35:06 3dr_controller local3.info streamer: pkts=72 bytes=3106 drops=0
Sep 23 12:35:16 3dr_controller local3.info streamer: pkts=71 bytes=3006 drops=0
Sep 23 12:35:26 3dr_controller local3.info streamer: pkts=71 bytes=2906 drops=0
Sep 23 12:35:36 3dr_controller local3.info streamer: pkts=72 bytes=3105 drops=0
Sep 23 12:35:46 3dr_controller local3.info streamer: pkts=71 bytes=2906 drops=0
Sep 23 12:35:56 3dr_controller local3.info streamer: pkts=72 bytes=3098 drops=0
Sep 23 12:36:06 3dr_controller local3.info streamer: pkts=72 bytes=3014 drops=0
Sep 23 12:36:16 3dr_controller local3.info streamer: pkts=71 bytes=2906 drops=0
Sep 23 12:36:26 3dr_controller local3.info streamer: pkts=72 bytes=3106 drops=0
Sep 23 12:36:36 3dr_controller local3.info streamer: pkts=71 bytes=3006 drops=0
Sep 23 12:36:46 3dr_controller local3.info streamer: pkts=71 bytes=2906 drops=0
Sep 23 12:36:56 3dr_controller local3.info streamer: pkts=72 bytes=3106 drops=0
Sep 23 12:37:06 3dr_controller local3.info streamer: pkts=71 bytes=2906 drops=0
Sep 23 12:37:16 3dr_controller local3.info streamer: pkts=72 bytes=3006 drops=0
Sep 23 12:37:26 3dr_controller local3.info streamer: pkts=72 bytes=3106 drops=0
Sep 23 12:37:36 3dr_controller local3.info streamer: pkts=71 bytes=2906 drops=0
Sep 23 12:37:46 3dr_controller local3.info streamer: pkts=72 bytes=3008 drops=0
Sep 23 12:37:56 3dr_controller local3.info streamer: pkts=72 bytes=3103 drops=0
Sep 23 12:38:06 3dr_controller local3.info streamer: pkts=71 bytes=2906 drops=0
Sep 23 12:38:16 3dr_controller local3.info streamer: pkts=72 bytes=3105 drops=0
Sep 23 12:38:26 3dr_controller local3.info streamer: pkts=71 bytes=2906 drops=0
Sep 23 12:38:36 3dr_controller local3.info streamer: pkts=71 bytes=3006 drops=0
Sep 23 12:38:46 3dr_controller local3.info streamer: pkts=72 bytes=3106 drops=0
Sep 23 12:38:56 3dr_controller local3.info streamer: pkts=71 bytes=2906 drops=0
Sep 23 12:39:06 3dr_controller local3.info streamer: pkts=72 bytes=3008 drops=0
Sep 23 12:39:16 3dr_controller local3.info streamer: pkts=71 bytes=3004 drops=0
Sep 23 12:39:26 3dr_controller local3.info streamer: pkts=72 bytes=3006 drops=0
Sep 23 12:39:36 3dr_controller local3.info streamer: pkts=72 bytes=3010 drops=0
Sep 23 12:39:46 3dr_controller local3.info streamer: pkts=71 bytes=3002 drops=0
Sep 23 12:39:56 3dr_controller local3.info streamer: pkts=71 bytes=3006 drops=0
Sep 23 12:40:06 3dr_controller local3.info streamer: pkts=72 bytes=3008 drops=0
Sep 23 12:40:16 3dr_controller local3.info streamer: pkts=71 bytes=3004 drops=0
Sep 23 12:40:26 3dr_controller local3.info streamer: pkts=72 bytes=3006 drops=0
Sep 23 12:40:36 3dr_controller local3.info streamer: pkts=72 bytes=3106 drops=0
Sep 23 12:40:46 3dr_controller local3.info streamer: pkts=71 bytes=2906 drops=0
Sep 23 12:40:56 3dr_controller local3.info streamer: pkts=72 bytes=3008 drops=0
Sep 23 12:41:06 3dr_controller local3.info streamer: pkts=72 bytes=3104 drops=0
Sep 23 12:41:16 3dr_controller local3.info streamer: pkts=71 bytes=2906 drops=0
Sep 23 12:41:26 3dr_controller local3.info streamer: pkts=72 bytes=3106 drops=0
Sep 23 12:41:36 3dr_controller local3.info streamer: pkts=71 bytes=2906 drops=0
Sep 23 12:41:46 3dr_controller local3.info streamer: pkts=71 bytes=3006 drops=0
Sep 23 12:41:56 3dr_controller local3.info streamer: pkts=72 bytes=3105 drops=0
Sep 23 12:42:06 3dr_controller local3.info streamer: pkts=71 bytes=2906 drops=0
Sep 23 12:42:16 3dr_controller local3.info streamer: pkts=72 bytes=3006 drops=0
Sep 23 12:42:26 3dr_controller local3.info streamer: pkts=72 bytes=3106 drops=0
Sep 23 12:42:36 3dr_controller local3.info streamer: pkts=71 bytes=2906 drops=0
Sep 23 12:42:46 3dr_controller local3.info streamer: pkts=71 bytes=3006 drops=0
Sep 23 12:42:56 3dr_controller local3.info streamer: pkts=71 bytes=3006 drops=0
Sep 23 12:43:06 3dr_controller local3.info streamer: pkts=72 bytes=3006 drops=0
Sep 23 12:43:16 3dr_controller local3.info streamer: pkts=72 bytes=3006 drops=0
Sep 23 12:43:26 3dr_controller local3.info streamer: pkts=71 bytes=3006 drops=0
Sep 23 12:43:36 3dr_controller local3.info streamer: pkts=72 bytes=3006 drops=0
Sep 23 12:43:46 3dr_controller local3.info streamer: pkts=72 bytes=3105 drops=0
Sep 23 12:43:56 3dr_controller local3.info streamer: pkts=71 bytes=2906 drops=0
Sep 23 12:44:06 3dr_controller local3.info streamer: pkts=72 bytes=3008 drops=0
Sep 23 12:44:16 3dr_controller local3.info streamer: pkts=71 bytes=3004 drops=0
Sep 23 12:44:26 3dr_controller local3.info streamer: pkts=71 bytes=3006 drops=0
Sep 23 12:44:36 3dr_controller local3.info streamer: pkts=72 bytes=3106 drops=0
Sep 23 12:44:46 3dr_controller local3.info streamer: pkts=71 bytes=2906 drops=0
Sep 23 12:44:56 3dr_controller local3.info streamer: pkts=72 bytes=3006 drops=0
Sep 23 12:45:06 3dr_controller local3.info streamer: pkts=72 bytes=3106 drops=0
Sep 23 12:45:16 3dr_controller local3.info streamer: pkts=71 bytes=2906 drops=0
Sep 23 12:45:26 3dr_controller local3.info streamer: pkts=72 bytes=3006 drops=0
Sep 23 12:45:36 3dr_controller local3.info streamer: pkts=72 bytes=3006 drops=0
Sep 23 12:45:46 3dr_controller local3.info streamer: pkts=71 bytes=3006 drops=0
Sep 23 12:45:56 3dr_controller local3.info streamer: pkts=72 bytes=3105 drops=0
Sep 23 12:46:06 3dr_controller local3.info streamer: pkts=71 bytes=2906 drops=0
Sep 23 12:46:16 3dr_controller local3.info streamer: pkts=72 bytes=3006 drops=0
Sep 23 12:46:26 3dr_controller local3.info streamer: pkts=72 bytes=3106 drops=0
Sep 23 12:46:36 3dr_controller local3.info streamer: pkts=71 bytes=2906 drops=0
Sep 23 12:46:46 3dr_controller local3.info streamer: pkts=72 bytes=3006 drops=0
Sep 23 12:46:56 3dr_controller local3.info streamer: pkts=72 bytes=3105 drops=0
Sep 23 12:47:06 3dr_controller local3.info streamer: pkts=71 bytes=2906 drops=0
Sep 23 12:47:16 3dr_controller local3.info streamer: pkts=72 bytes=3006 drops=0
Sep 23 12:47:26 3dr_controller local3.info streamer: pkts=71 bytes=3006 drops=0
Sep 23 12:47:36 3dr_controller local3.info streamer: pkts=71 bytes=3006 drops=0
Sep 23 12:47:46 3dr_controller local3.info streamer: pkts=72 bytes=3106 drops=0
Sep 23 12:47:56 3dr_controller local3.info streamer: pkts=71 bytes=2906 drops=0
Sep 23 12:48:06 3dr_controller local3.info streamer: pkts=71 bytes=3006 drops=0
Sep 23 12:48:16 3dr_controller local3.info streamer: pkts=72 bytes=3106 drops=0
Sep 23 12:48:26 3dr_controller local3.info streamer: pkts=71 bytes=2906 drops=0
Sep 23 12:48:36 3dr_controller local3.info streamer: pkts=72 bytes=3006 drops=0
Sep 23 12:48:46 3dr_controller local3.info streamer: pkts=71 bytes=3006 drops=0
Sep 23 12:48:56 3dr_controller local3.info streamer: pkts=72 bytes=3006 drops=0
Sep 23 12:49:06 3dr_controller local3.info streamer: pkts=72 bytes=3008 drops=0
Sep 23 12:49:16 3dr_controller local3.info streamer: pkts=71 bytes=3003 drops=0
Sep 23 12:49:26 3dr_controller local3.info streamer: pkts=72 bytes=3006 drops=0
Sep 23 12:49:36 3dr_controller local3.info streamer: pkts=72 bytes=3106 drops=0
Sep 23 12:49:46 3dr_controller local3.info streamer: pkts=71 bytes=2906 drops=0
Sep 23 12:49:56 3dr_controller local3.info streamer: pkts=72 bytes=3006 drops=0
Sep 23 12:50:06 3dr_controller local3.info streamer: pkts=71 bytes=3006 drops=0
Sep 23 12:50:16 3dr_controller local3.info streamer: pkts=71 bytes=3006 drops=0
Sep 23 12:50:26 3dr_controller local3.info streamer: pkts=71 bytes=3006 drops=0
Sep 23 12:50:36 3dr_controller local3.info streamer: pkts=72 bytes=3006 drops=0
Sep 23 12:50:46 3dr_controller local3.info streamer: pkts=71 bytes=3006 drops=0
Sep 23 12:50:56 3dr_controller local3.info streamer: pkts=72 bytes=3106 drops=0
Sep 23 12:51:06 3dr_controller local3.info streamer: pkts=71 bytes=2906 drops=0
Sep 23 12:51:16 3dr_controller local3.info streamer: pkts=71 bytes=3006 drops=0
Sep 23 12:51:26 3dr_controller local3.info streamer: pkts=71 bytes=3006 drops=0
Sep 23 12:51:36 3dr_controller local3.info streamer: pkts=72 bytes=3006 drops=0
Sep 23 12:51:46 3dr_controller local3.info streamer: pkts=71 bytes=3006 drops=0
Sep 23 12:51:56 3dr_controller local3.info streamer: pkts=72 bytes=3006 drops=0
Sep 23 12:52:06 3dr_controller local3.info streamer: pkts=72 bytes=3006 drops=0
Sep 23 12:52:16 3dr_controller local3.info streamer: pkts=71 bytes=3006 drops=0
Sep 23 12:52:26 3dr_controller local3.info streamer: pkts=72 bytes=3006 drops=0
Sep 23 12:52:36 3dr_controller local3.info streamer: pkts=71 bytes=3006 drops=0
Sep 23 12:52:46 3dr_controller local3.info streamer: pkts=72 bytes=3106 drops=0
Sep 23 12:52:56 3dr_controller local3.info streamer: pkts=71 bytes=2906 drops=0
Sep 23 12:53:06 3dr_controller local3.info streamer: pkts=71 bytes=3006 drops=0
Sep 23 12:53:16 3dr_controller local3.info streamer: pkts=71 bytes=3006 drops=0
Sep 23 12:53:26 3dr_controller local3.info streamer: pkts=72 bytes=3006 drops=0
Sep 23 12:53:36 3dr_controller local3.info streamer: pkts=71 bytes=3006 drops=0
Sep 23 12:53:46 3dr_controller local3.info streamer: pkts=71 bytes=3006 drops=0
Sep 23 12:53:56 3dr_controller local3.info streamer: pkts=72 bytes=3006 drops=0
Sep 23 12:54:06 3dr_controller local3.info streamer: pkts=71 bytes=3006 drops=0
Sep 23 12:54:16 3dr_controller local3.info streamer: pkts=72 bytes=3006 drops=0
Sep 23 12:54:26 3dr_controller local3.info streamer: pkts=71 bytes=3006 drops=0
Sep 23 12:54:36 3dr_controller local3.info streamer: pkts=72 bytes=3006 drops=0
Sep 23 12:54:46 3dr_controller local3.info streamer: pkts=72 bytes=3006 drops=0
Sep 23 12:54:56 3dr_controller local3.info streamer: pkts=71 bytes=3006 drops=0
Sep 23 12:55:06 3dr_controller local3.info streamer: pkts=72 bytes=3006 drops=0
Sep 23 12:55:16 3dr_controller local3.info streamer: pkts=71 bytes=3006 drops=0
Sep 23 12:55:26 3dr_controller local3.info streamer: pkts=71 bytes=3006 drops=0
Sep 23 12:55:36 3dr_controller local3.info streamer: pkts=72 bytes=3006 drops=0
Sep 23 12:55:46 3dr_controller local3.info streamer: pkts=71 bytes=3006 drops=0
Sep 23 12:55:56 3dr_controller local3.info streamer: pkts=72 bytes=3006 drops=0
Sep 23 12:56:06 3dr_controller local3.info streamer: pkts=72 bytes=3006 drops=0
Sep 23 12:56:16 3dr_controller local3.info streamer: pkts=72 bytes=3006 drops=0
Sep 23 12:56:26 3dr_controller local3.info streamer: pkts=72 bytes=3006 drops=0
Sep 23 12:56:36 3dr_controller local3.info streamer: pkts=71 bytes=3006 drops=0
Sep 23 12:56:46 3dr_controller local3.info streamer: pkts=72 bytes=3006 drops=0
Sep 23 12:56:56 3dr_controller local3.info streamer: pkts=72 bytes=3006 drops=0
Sep 23 12:57:06 3dr_controller local3.info streamer: pkts=71 bytes=3006 drops=0
Sep 23 12:57:16 3dr_controller local3.info streamer: pkts=71 bytes=3006 drops=0
Sep 23 12:57:26 3dr_controller local3.info streamer: pkts=72 bytes=3006 drops=0
Sep 23 12:57:36 3dr_controller local3.info streamer: pkts=72 bytes=3006 drops=0
Sep 23 12:57:46 3dr_controller local3.info streamer: pkts=71 bytes=3006 drops=0
Sep 23 12:57:56 3dr_controller local3.info streamer: pkts=72 bytes=3006 drops=0
Sep 23 12:58:06 3dr_controller local3.info streamer: pkts=72 bytes=3006 drops=0
Sep 23 12:58:16 3dr_controller local3.info streamer: pkts=71 bytes=3006 drops=0
Sep 23 12:58:26 3dr_controller local3.info streamer: pkts=72 bytes=3006 drops=0
Sep 23 12:58:36 3dr_controller local3.info streamer: pkts=71 bytes=3006 drops=0
Sep 23 12:58:46 3dr_controller local3.info streamer: pkts=72 bytes=3006 drops=0
Sep 23 12:58:56 3dr_controller local3.info streamer: pkts=71 bytes=3006 drops=0
Sep 23 12:59:06 3dr_controller local3.info streamer: pkts=71 bytes=3006 drops=0
Sep 23 12:59:16 3dr_controller local3.info streamer: pkts=72 bytes=3006 drops=0
Sep 23 12:59:26 3dr_controller local3.info streamer: pkts=72 bytes=3006 drops=0
Sep 23 12:59:36 3dr_controller local3.info streamer: pkts=72 bytes=3006 drops=0
Sep 23 12:59:46 3dr_controller local3.info streamer: pkts=72 bytes=3006 drops=0
Sep 23 12:59:56 3dr_controller local3.info streamer: pkts=71 bytes=3006 drops=0
Sep 23 13:00:06 3dr_controller local3.info streamer: pkts=71 bytes=3006 drops=0
Sep 23 13:00:16 3dr_controller local3.info streamer: pkts=72 bytes=3006 drops=0
Sep 23 13:00:26 3dr_controller local3.info streamer: pkts=72 bytes=3006 drops=0
Sep 23 13:00:36 3dr_controller local3.info streamer: pkts=71 bytes=3006 drops=0
Sep 23 13:00:46 3dr_controller local3.info streamer: pkts=71 bytes=3006 drops=0
Sep 23 13:00:56 3dr_controller local3.info streamer: pkts=72 bytes=3006 drops=0
Sep 23 13:01:06 3dr_controller local3.info streamer: pkts=72 bytes=3006 drops=0
Sep 23 13:01:16 3dr_controller local3.info streamer: pkts=71 bytes=3006 drops=0
Sep 23 13:01:26 3dr_controller local3.info streamer: pkts=72 bytes=3006 drops=0
Sep 23 13:01:36 3dr_controller local3.info streamer: pkts=71 bytes=3006 drops=0
Sep 23 13:01:46 3dr_controller local3.info streamer: pkts=71 bytes=3006 drops=0
Sep 23 13:01:56 3dr_controller local3.info streamer: pkts=72 bytes=3006 drops=0
Sep 23 13:02:06 3dr_controller local3.info streamer: pkts=71 bytes=3006 drops=0
Sep 23 13:02:16 3dr_controller local3.info streamer: pkts=72 bytes=3006 drops=0
Sep 23 13:02:26 3dr_controller local3.info streamer: pkts=71 bytes=3006 drops=0
Sep 23 13:02:36 3dr_controller local3.info streamer: pkts=72 bytes=3006 drops=0
Sep 23 13:02:46 3dr_controller local3.info streamer: pkts=72 bytes=3006 drops=0
Sep 23 13:02:56 3dr_controller local3.info streamer: pkts=71 bytes=3006 drops=0
Sep 23 13:03:06 3dr_controller local3.info streamer: pkts=72 bytes=3006 drops=0
Sep 23 13:03:16 3dr_controller local3.info streamer: pkts=71 bytes=3006 drops=0
Sep 23 13:03:26 3dr_controller local3.info streamer: pkts=72 bytes=3006 drops=0
Sep 23 13:03:36 3dr_controller local3.info streamer: pkts=71 bytes=3006 drops=0
Sep 23 13:03:46 3dr_controller local3.info streamer: pkts=72 bytes=3006 drops=0
Sep 23 13:03:56 3dr_controller local3.info streamer: pkts=72 bytes=3006 drops=0
Sep 23 13:04:06 3dr_controller local3.info streamer: pkts=72 bytes=3006 drops=0
Sep 23 13:04:16 3dr_controller local3.info streamer: pkts=71 bytes=3006 drops=0
Sep 23 13:04:26 3dr_controller local3.info streamer: pkts=71 bytes=3006 drops=0
Sep 23 13:04:36 3dr_controller local3.info streamer: pkts=72 bytes=3006 drops=0
Sep 23 13:04:46 3dr_controller local3.info streamer: pkts=71 bytes=3006 drops=0
Sep 23 13:04:56 3dr_controller local3.info streamer: pkts=71 bytes=3006 drops=0
Sep 23 13:05:06 3dr_controller local3.info streamer: pkts=72 bytes=3006 drops=0
Sep 23 13:05:16 3dr_controller local3.info streamer: pkts=72 bytes=3006 drops=0
Sep 23 13:05:26 3dr_controller local3.info streamer: pkts=71 bytes=3006 drops=0
Sep 23 13:05:36 3dr_controller local3.info streamer: pkts=72 bytes=3006 drops=0
Sep 23 13:05:46 3dr_controller local3.info streamer: pkts=72 bytes=3006 drops=0
Sep 23 13:05:56 3dr_controller local3.info streamer: pkts=71 bytes=3006 drops=0
Sep 23 13:06:06 3dr_controller local3.info streamer: pkts=72 bytes=3006 drops=0
Sep 23 13:06:16 3dr_controller local3.info streamer: pkts=71 bytes=3006 drops=0
Sep 23 13:06:26 3dr_controller local3.info streamer: pkts=71 bytes=3006 drops=0
Sep 23 13:06:36 3dr_controller local3.info streamer: pkts=71 bytes=3006 drops=0
Sep 23 13:06:46 3dr_controller local3.info streamer: pkts=72 bytes=3006 drops=0
Sep 23 13:06:56 3dr_controller local3.info streamer: pkts=71 bytes=3006 drops=0
Sep 23 13:07:06 3dr_controller local3.info streamer: pkts=72 bytes=3006 drops=0
Sep 23 13:07:16 3dr_controller local3.info streamer: pkts=72 bytes=3006 drops=0
Sep 23 13:07:26 3dr_controller local3.info streamer: pkts=71 bytes=3006 drops=0
Sep 23 13:07:36 3dr_controller local3.info streamer: pkts=71 bytes=3006 drops=0
Sep 23 13:07:46 3dr_controller local3.info streamer: pkts=72 bytes=3006 drops=0
Sep 23 13:07:56 3dr_controller local3.info streamer: pkts=72 bytes=3006 drops=0
Sep 23 13:08:06 3dr_controller local3.info streamer: pkts=71 bytes=3006 drops=0
Sep 23 13:08:16 3dr_controller local3.info streamer: pkts=72 bytes=3006 drops=0
Sep 23 13:08:26 3dr_controller local3.info streamer: pkts=71 bytes=3006 drops=0
Sep 23 13:08:36 3dr_controller local3.info streamer: pkts=72 bytes=3006 drops=0
Sep 23 13:08:46 3dr_controller local3.info streamer: pkts=72 bytes=3006 drops=0
Sep 23 13:08:56 3dr_controller local3.info streamer: pkts=71 bytes=3006 drops=0
Sep 23 13:09:06 3dr_controller local3.info streamer: pkts=72 bytes=3006 drops=0
Sep 23 13:09:16 3dr_controller local3.info streamer: pkts=71 bytes=3006 drops=0
Sep 23 13:09:26 3dr_controller local3.info streamer: pkts=72 bytes=3006 drops=0
Sep 23 13:09:36 3dr_controller local3.info streamer: pkts=71 bytes=3006 drops=0
Sep 23 13:09:46 3dr_controller local3.info streamer: pkts=72 bytes=3006 drops=0
Sep 23 13:09:56 3dr_controller local3.info streamer: pkts=71 bytes=3006 drops=0
Sep 23 13:10:06 3dr_controller local3.info streamer: pkts=71 bytes=3006 drops=0
Sep 23 13:10:16 3dr_controller local3.info streamer: pkts=72 bytes=3006 drops=0
Sep 23 13:10:26 3dr_controller local3.info streamer: pkts=72 bytes=3006 drops=0
Sep 23 13:10:36 3dr_controller local3.info streamer: pkts=71 bytes=3006 drops=0
Sep 23 13:10:46 3dr_controller local3.info streamer: pkts=72 bytes=3006 drops=0
Sep 23 13:10:56 3dr_controller local3.info streamer: pkts=72 bytes=3006 drops=0
Sep 23 13:11:06 3dr_controller local3.info streamer: pkts=71 bytes=3006 drops=0
Sep 23 13:11:16 3dr_controller local3.info streamer: pkts=72 bytes=3006 drops=0
Sep 23 13:11:26 3dr_controller local3.info streamer: pkts=71 bytes=3006 drops=0
Sep 23 13:11:36 3dr_controller local3.info streamer: pkts=72 bytes=3006 drops=0
Sep 23 13:11:46 3dr_controller local3.info streamer: pkts=71 bytes=3006 drops=0
Sep 23 13:11:56 3dr_controller local3.info streamer: pkts=71 bytes=3006 drops=0
Sep 23 13:12:06 3dr_controller local3.info streamer: pkts=71 bytes=3006 drops=0
Sep 23 13:12:16 3dr_controller local3.info streamer: pkts=72 bytes=3006 drops=0
Sep 23 13:12:26 3dr_controller local3.info streamer: pkts=72 bytes=3006 drops=0
Sep 23 13:12:36 3dr_controller local3.info streamer: pkts=71 bytes=3006 drops=0
Sep 23 13:12:46 3dr_controller local3.info streamer: pkts=71 bytes=3006 drops=0
Sep 23 13:12:56 3dr_controller local3.info streamer: pkts=72 bytes=3006 drops=0
Sep 23 13:13:06 3dr_controller local3.info streamer: pkts=72 bytes=3006 drops=0
Sep 23 13:13:16 3dr_controller local3.info streamer: pkts=71 bytes=3006 drops=0
Sep 23 13:13:26 3dr_controller local3.info streamer: pkts=72 bytes=3006 drops=0
Sep 23 13:13:36 3dr_controller local3.info streamer: pkts=72 bytes=3006 drops=0
Sep 23 13:13:46 3dr_controller local3.info streamer: pkts=71 bytes=3006 drops=0
Sep 23 13:13:56 3dr_controller local3.info streamer: pkts=72 bytes=3006 drops=0
Sep 23 13:14:06 3dr_controller local3.info streamer: pkts=71 bytes=3006 drops=0
Sep 23 13:14:16 3dr_controller local3.info streamer: pkts=71 bytes=3006 drops=0
Sep 23 13:14:26 3dr_controller local3.info streamer: pkts=72 bytes=3006 drops=0
Sep 23 13:14:36 3dr_controller local3.info streamer: pkts=71 bytes=3006 drops=0
Sep 23 13:14:46 3dr_controller local3.info streamer: pkts=72 bytes=3006 drops=0
Sep 23 13:14:56 3dr_controller local3.info streamer: pkts=71 bytes=3006 drops=0
Sep 23 13:15:06 3dr_controller local3.info streamer: pkts=71 bytes=3006 drops=0
Sep 23 13:15:16 3dr_controller local3.info streamer: pkts=71 bytes=3006 drops=0
Sep 23 13:15:26 3dr_controller local3.info streamer: pkts=72 bytes=3006 drops=0
Sep 23 13:15:36 3dr_controller local3.info streamer: pkts=71 bytes=3006 drops=0
Sep 23 13:15:46 3dr_controller local3.info streamer: pkts=71 bytes=3006 drops=0
Sep 23 13:15:56 3dr_controller local3.info streamer: pkts=71 bytes=3006 drops=0
Sep 23 13:16:06 3dr_controller local3.info streamer: pkts=72 bytes=3006 drops=0
Sep 23 13:16:16 3dr_controller local3.info streamer: pkts=72 bytes=3006 drops=0
Sep 23 13:16:26 3dr_controller local3.info streamer: pkts=72 bytes=3006 drops=0
Sep 23 13:16:36 3dr_controller local3.info streamer: pkts=71 bytes=3006 drops=0
Sep 23 13:16:46 3dr_controller local3.info streamer: pkts=71 bytes=3006 drops=0
Sep 23 13:16:56 3dr_controller local3.info streamer: pkts=72 bytes=3006 drops=0
Sep 23 13:17:06 3dr_controller local3.info streamer: pkts=71 bytes=3006 drops=0
Sep 23 13:17:16 3dr_controller local3.info streamer: pkts=72 bytes=3006 drops=0
Sep 23 13:17:26 3dr_controller local3.info streamer: pkts=71 bytes=3006 drops=0
Sep 23 13:17:36 3dr_controller local3.info streamer: pkts=71 bytes=3006 drops=0
Sep 23 13:17:46 3dr_controller local3.info streamer: pkts=71 bytes=3006 drops=0
Sep 23 13:17:56 3dr_controller local3.info streamer: pkts=71 bytes=3006 drops=0
Sep 23 13:18:06 3dr_controller local3.info streamer: pkts=72 bytes=3006 drops=0
Sep 23 13:18:16 3dr_controller local3.info streamer: pkts=72 bytes=3006 drops=0
Sep 23 13:18:26 3dr_controller local3.info streamer: pkts=72 bytes=3006 drops=0
Sep 23 13:18:36 3dr_controller local3.info streamer: pkts=71 bytes=3006 drops=0
Sep 23 13:18:46 3dr_controller local3.info streamer: pkts=72 bytes=3006 drops=0
Sep 23 13:18:56 3dr_controller local3.info streamer: pkts=71 bytes=3006 drops=0
Sep 23 13:19:06 3dr_controller local3.info streamer: pkts=72 bytes=3006 drops=0
Sep 23 13:19:16 3dr_controller local3.info streamer: pkts=71 bytes=3006 drops=0
Sep 23 13:19:26 3dr_controller local3.info streamer: pkts=72 bytes=3006 drops=0
Sep 23 13:19:36 3dr_controller local3.info streamer: pkts=71 bytes=3006 drops=0
Sep 23 13:19:46 3dr_controller local3.info streamer: pkts=72 bytes=3006 drops=0
Sep 23 13:19:56 3dr_controller local3.info streamer: pkts=71 bytes=3006 drops=0
Sep 23 13:20:06 3dr_controller local3.info streamer: pkts=71 bytes=3006 drops=0
Sep 23 13:20:16 3dr_controller local3.info streamer: pkts=71 bytes=3006 drops=0
Sep 23 13:20:26 3dr_controller local3.info streamer: pkts=71 bytes=3006 drops=0
Sep 23 13:20:36 3dr_controller local3.info streamer: pkts=72 bytes=3006 drops=0
Sep 23 13:20:46 3dr_controller local3.info streamer: pkts=71 bytes=3006 drops=0
Sep 23 13:20:56 3dr_controller local3.info streamer: pkts=72 bytes=3006 drops=0
Sep 23 13:21:06 3dr_controller local3.info streamer: pkts=71 bytes=3006 drops=0
Sep 23 13:21:16 3dr_controller local3.info streamer: pkts=72 bytes=3006 drops=0
Sep 23 13:21:26 3dr_controller local3.info streamer: pkts=72 bytes=3006 drops=0
Sep 23 13:21:36 3dr_controller local3.info streamer: pkts=71 bytes=3006 drops=0
Sep 23 13:21:46 3dr_controller local3.info streamer: pkts=72 bytes=3006 drops=0
Sep 23 13:21:56 3dr_controller local3.info streamer: pkts=72 bytes=3006 drops=0
Sep 23 13:22:06 3dr_controller local3.info streamer: pkts=71 bytes=3006 drops=0
Sep 23 13:22:16 3dr_controller local3.info streamer: pkts=72 bytes=3006 drops=0
Sep 23 13:22:26 3dr_controller local3.info streamer: pkts=71 bytes=3006 drops=0
Sep 23 13:22:36 3dr_controller local3.info streamer: pkts=72 bytes=3006 drops=0
Sep 23 13:22:46 3dr_controller local3.info streamer: pkts=71 bytes=3006 drops=0
Sep 23 13:22:56 3dr_controller local3.info streamer: pkts=71 bytes=3006 drops=0
Sep 23 13:23:06 3dr_controller local3.info streamer: pkts=72 bytes=3006 drops=0
Sep 23 13:23:16 3dr_controller local3.info streamer: pkts=71 bytes=3006 drops=0
Sep 23 13:23:26 3dr_controller local3.info streamer: pkts=72 bytes=3006 drops=0
Sep 23 13:23:36 3dr_controller local3.info streamer: pkts=71 bytes=3006 drops=0
Sep 23 13:23:46 3dr_controller local3.info streamer: pkts=71 bytes=3006 drops=0
Sep 23 13:23:56 3dr_controller local3.info streamer: pkts=72 bytes=3006 drops=0
Sep 23 13:24:06 3dr_controller local3.info streamer: pkts=71 bytes=3006 drops=0
Sep 23 13:24:16 3dr_controller local3.info streamer: pkts=72 bytes=3006 drops=0
Sep 23 13:24:26 3dr_controller local3.info streamer: pkts=72 bytes=3006 drops=0
Sep 23 13:24:36 3dr_controller local3.info streamer: pkts=71 bytes=3006 drops=0
Sep 23 13:24:46 3dr_controller local3.info streamer: pkts=71 bytes=3006 drops=0
Sep 23 13:24:56 3dr_controller local3.info streamer: pkts=71 bytes=3006 drops=0
Sep 23 13:25:06 3dr_controller local3.info streamer: pkts=71 bytes=3006 drops=0
Sep 23 13:25:16 3dr_controller local3.info streamer: pkts=72 bytes=3006 drops=0
Sep 23 13:25:26 3dr_controller local3.info streamer: pkts=72 bytes=3006 drops=0
Sep 23 13:25:36 3dr_controller local3.info streamer: pkts=71 bytes=3006 drops=0
Sep 23 13:25:46 3dr_controller local3.info streamer: pkts=72 bytes=3006 drops=0
Sep 23 13:25:56 3dr_controller local3.info streamer: pkts=71 bytes=3006 drops=0
Sep 23 13:26:06 3dr_controller local3.info streamer: pkts=71 bytes=3006 drops=0
Sep 23 13:26:16 3dr_controller local3.info streamer: pkts=72 bytes=3006 drops=0
Sep 23 13:26:26 3dr_controller local3.info streamer: pkts=71 bytes=3006 drops=0
Sep 23 13:26:36 3dr_controller local3.info streamer: pkts=72 bytes=3006 drops=0
Sep 23 13:26:46 3dr_controller local3.info streamer: pkts=71 bytes=3006 drops=0
Sep 23 13:26:56 3dr_controller local3.info streamer: pkts=71 bytes=3006 drops=0
Sep 23 13:27:06 3dr_controller local3.info streamer: pkts=71 bytes=3006 drops=0
Sep 23 13:27:16 3dr_controller local3.info streamer: pkts=72 bytes=3006 drops=0
Sep 23 13:27:26 3dr_controller local3.info streamer: pkts=71 bytes=3006 drops=0
Sep 23 13:27:36 3dr_controller local3.info streamer: pkts=71 bytes=3006 drops=0
Sep 23 13:27:46 3dr_controller local3.info streamer: pkts=72 bytes=3006 drops=0
Sep 23 13:27:56 3dr_controller local3.info streamer: pkts=72 bytes=3006 drops=0
Sep 23 13:28:06 3dr_controller local3.info streamer: pkts=71 bytes=3006 drops=0
Sep 23 13:28:16 3dr_controller local3.info streamer: pkts=71 bytes=3006 drops=0
Sep 23 13:28:26 3dr_controller local3.info streamer: pkts=72 bytes=3006 drops=0
Sep 23 13:28:36 3dr_controller local3.info streamer: pkts=71 bytes=3006 drops=0
Sep 23 13:28:46 3dr_controller local3.info streamer: pkts=72 bytes=3006 drops=0
Sep 23 13:28:56 3dr_controller local3.info streamer: pkts=71 bytes=3006 drops=0
Sep 23 13:29:06 3dr_controller local3.info streamer: pkts=72 bytes=3006 drops=0
Sep 23 13:29:16 3dr_controller local3.info streamer: pkts=71 bytes=3006 drops=0
Sep 23 13:29:26 3dr_controller local3.info streamer: pkts=72 bytes=3006 drops=0
Sep 23 13:29:36 3dr_controller local3.info streamer: pkts=71 bytes=3294 drops=9143
Sep 23 13:29:46 3dr_controller local3.info streamer: pkts=71 bytes=3201 drops=0
Sep 23 13:29:56 3dr_controller local3.info streamer: pkts=71 bytes=3006 drops=0
Sep 23 13:30:06 3dr_controller local3.info streamer: pkts=71 bytes=3006 drops=0
Sep 23 13:30:16 3dr_controller local3.info streamer: pkts=72 bytes=3006 drops=0
Sep 23 13:30:26 3dr_controller local3.info streamer: pkts=72 bytes=3006 drops=0
Sep 23 13:30:36 3dr_controller local3.info streamer: pkts=72 bytes=3006 drops=0
Sep 23 13:30:46 3dr_controller local3.info streamer: pkts=71 bytes=3006 drops=0
Sep 23 13:30:56 3dr_controller local3.info streamer: pkts=72 bytes=3006 drops=0
Sep 23 13:31:06 3dr_controller local3.info streamer: pkts=72 bytes=3006 drops=0
Sep 23 13:31:16 3dr_controller local3.info streamer: pkts=72 bytes=3006 drops=0
