rm: can't remove '/mnt/rootfs.rw/lib/modules/3.10.17-rt12-*/kernel/net/ipv4/netfilter/iptable_filter.ko': No such file or directory
Stopping HOSTAP Daemon: stopped /usr/sbin/hostapd (pid 807)
hostapd.
killall: wpa_supplicant: no process killed
killall: udhcpc: no process killed
restarting DNS forwarder and DHCP server: dnsmasq... 
stopping DNS forwarder and DHCP server: dnsmasq... stopped /usr/bin/dnsmasq (pid 793)
done.
starting DNS forwarder and DHCP server: dnsmasq... done.
done.
connecting to the internet...
Successfully initialized wpa_supplicant
rfkill: Cannot open RFKILL control device
udhcpc (v1.21.1) started
Sending discover...
Sending discover...
Sending select for 192.168.0.200...
Lease of 192.168.0.200 obtained, lease time 86400
/etc/udhcpc.d/50default: Adding DNS 192.168.0.197
/etc/udhcpc.d/50default: Adding DNS 207.172.3.8
Starting HOSTAP Daemon: Configuration file: /etc/hostapd.conf
rfkill: Cannot open RFKILL control device
wlan0-ap: interface state UNINITIALIZED->COUNTRY_UPDATE
Using interface wlan0-ap with hwaddr 8a:dc:96:40:1d:5c and ssid "SoloLink_G2E"
wlan0-ap: interface state COUNTRY_UPDATE->ENABLED
wlan0-ap: AP-ENABLED 
hostapd.
setting up IP forwarding...

success: Solo is now connected to the Internet.
if your computer does not yet have Internet access, try
disconnecting and reconnecting to Solo's wifi network.
